STREAM triad of size        8 : min/avg/max: 2.82933e-06 2.84836e-06  3.0936e-06 seconds or  2.82753 MUPD/s or 0.0339304 GB/s
STREAM triad of size       16 : min/avg/max: 2.83138e-06 2.83893e-06 2.86782e-06 seconds or  5.65096 MUPD/s or 0.0678116 GB/s
STREAM triad of size       24 : min/avg/max: 2.82942e-06 2.83452e-06 2.88109e-06 seconds or  8.48231 MUPD/s or 0.101788 GB/s
STREAM triad of size       32 : min/avg/max: 2.83182e-06 2.84032e-06 2.92211e-06 seconds or  11.3002 MUPD/s or 0.135602 GB/s
STREAM triad of size       40 : min/avg/max: 2.83074e-06 2.83259e-06 2.83375e-06 seconds or  14.1306 MUPD/s or 0.169567 GB/s
STREAM triad of size       48 : min/avg/max:    2.83e-06 2.83208e-06 2.83458e-06 seconds or  16.9611 MUPD/s or 0.203533 GB/s
STREAM triad of size       56 : min/avg/max: 2.83302e-06 2.83853e-06 2.84211e-06 seconds or  19.7669 MUPD/s or 0.237203 GB/s
STREAM triad of size       64 : min/avg/max: 2.83044e-06 2.84366e-06 2.97591e-06 seconds or  22.6113 MUPD/s or 0.271336 GB/s
STREAM triad of size       72 : min/avg/max: 2.83022e-06 2.83999e-06 2.97516e-06 seconds or  25.4397 MUPD/s or 0.305277 GB/s
STREAM triad of size       80 : min/avg/max: 2.82837e-06 2.83247e-06 2.83637e-06 seconds or  28.2849 MUPD/s or 0.339418 GB/s
STREAM triad of size       96 : min/avg/max: 2.82955e-06 2.83352e-06 2.84513e-06 seconds or  33.9277 MUPD/s or 0.407132 GB/s
STREAM triad of size      112 : min/avg/max:   2.829e-06 2.84098e-06 3.00114e-06 seconds or  39.5899 MUPD/s or 0.475079 GB/s
STREAM triad of size      128 : min/avg/max: 2.82741e-06 2.83283e-06 2.84008e-06 seconds or  45.2712 MUPD/s or 0.543254 GB/s
STREAM triad of size      144 : min/avg/max: 2.82869e-06 2.84961e-06 3.15534e-06 seconds or  50.9069 MUPD/s or 0.610883 GB/s
STREAM triad of size      160 : min/avg/max: 2.82819e-06 2.84734e-06 3.10018e-06 seconds or  56.5734 MUPD/s or  0.67888 GB/s
STREAM triad of size      184 : min/avg/max: 2.82789e-06 2.83336e-06 2.84309e-06 seconds or  65.0662 MUPD/s or 0.780795 GB/s
STREAM triad of size      208 : min/avg/max: 2.82745e-06  2.8319e-06 2.84746e-06 seconds or  73.5646 MUPD/s or 0.882776 GB/s
STREAM triad of size      232 : min/avg/max: 2.82895e-06 2.83467e-06 2.84357e-06 seconds or  82.0091 MUPD/s or 0.984109 GB/s
STREAM triad of size      256 : min/avg/max: 2.82826e-06 2.83351e-06 2.85206e-06 seconds or  90.5151 MUPD/s or  1.08618 GB/s
STREAM triad of size      288 : min/avg/max: 2.82719e-06 2.83413e-06 2.85736e-06 seconds or  101.868 MUPD/s or  1.22241 GB/s
STREAM triad of size      320 : min/avg/max: 2.82722e-06 2.83287e-06 2.85412e-06 seconds or  113.185 MUPD/s or  1.35822 GB/s
STREAM triad of size      360 : min/avg/max: 2.82718e-06 2.83421e-06 2.84873e-06 seconds or  127.335 MUPD/s or  1.52803 GB/s
STREAM triad of size      400 : min/avg/max: 2.82704e-06 2.83412e-06 2.87045e-06 seconds or  141.491 MUPD/s or  1.69789 GB/s
STREAM triad of size      448 : min/avg/max: 2.82787e-06 2.87253e-06 3.56731e-06 seconds or  158.423 MUPD/s or  1.90108 GB/s
STREAM triad of size      496 : min/avg/max: 2.82748e-06 2.83327e-06 2.85228e-06 seconds or  175.421 MUPD/s or  2.10505 GB/s
STREAM triad of size      552 : min/avg/max:  2.8279e-06 2.83267e-06 2.84146e-06 seconds or  195.198 MUPD/s or  2.34237 GB/s
STREAM triad of size      608 : min/avg/max: 2.82842e-06  2.8349e-06 2.85354e-06 seconds or  214.961 MUPD/s or  2.57954 GB/s
STREAM triad of size      672 : min/avg/max: 2.82799e-06 2.83874e-06 2.86248e-06 seconds or  237.625 MUPD/s or   2.8515 GB/s
STREAM triad of size      744 : min/avg/max: 2.82717e-06 2.83375e-06 2.86289e-06 seconds or  263.161 MUPD/s or  3.15793 GB/s
STREAM triad of size      824 : min/avg/max: 2.82723e-06 2.84792e-06 2.87086e-06 seconds or  291.452 MUPD/s or  3.49742 GB/s
STREAM triad of size      912 : min/avg/max: 2.85317e-06 2.85948e-06 2.86687e-06 seconds or  319.644 MUPD/s or  3.83573 GB/s
STREAM triad of size     1008 : min/avg/max: 2.83531e-06  2.8501e-06 2.88329e-06 seconds or  355.517 MUPD/s or  4.26621 GB/s
STREAM triad of size     1112 : min/avg/max: 2.86925e-06 2.87255e-06 2.87856e-06 seconds or  387.557 MUPD/s or  4.65069 GB/s
STREAM triad of size     1224 : min/avg/max: 2.85058e-06 2.86669e-06 2.89226e-06 seconds or  429.386 MUPD/s or  5.15263 GB/s
STREAM triad of size     1352 : min/avg/max: 2.97147e-06 2.97383e-06 2.97742e-06 seconds or  454.994 MUPD/s or  5.45993 GB/s
STREAM triad of size     1488 : min/avg/max: 3.08078e-06 3.08584e-06 3.08897e-06 seconds or  482.995 MUPD/s or  5.79594 GB/s
STREAM triad of size     1640 : min/avg/max: 3.18023e-06 3.18163e-06 3.18255e-06 seconds or  515.686 MUPD/s or  6.18823 GB/s
STREAM triad of size     1808 : min/avg/max: 3.27731e-06 3.28236e-06 3.28373e-06 seconds or  551.672 MUPD/s or  6.62007 GB/s
STREAM triad of size     1992 : min/avg/max: 3.62117e-06 3.62235e-06 3.62371e-06 seconds or  550.098 MUPD/s or  6.60118 GB/s
STREAM triad of size     2192 : min/avg/max: 3.76603e-06 3.77264e-06  3.7808e-06 seconds or  582.045 MUPD/s or  6.98454 GB/s
STREAM triad of size     2416 : min/avg/max:  3.8977e-06  3.8994e-06 3.90109e-06 seconds or  619.853 MUPD/s or  7.43824 GB/s
STREAM triad of size     2664 : min/avg/max: 4.28337e-06  4.2844e-06 4.28521e-06 seconds or   621.94 MUPD/s or  7.46328 GB/s
STREAM triad of size     2936 : min/avg/max: 4.44285e-06  4.4499e-06 4.47828e-06 seconds or  660.837 MUPD/s or  7.93005 GB/s
STREAM triad of size     3232 : min/avg/max: 4.82978e-06 4.83132e-06 4.83256e-06 seconds or  669.182 MUPD/s or  8.03018 GB/s
STREAM triad of size     3560 : min/avg/max: 5.08479e-06 5.08677e-06  5.0909e-06 seconds or  700.127 MUPD/s or  8.40152 GB/s
STREAM triad of size     3920 : min/avg/max: 5.55471e-06 5.55817e-06  5.5613e-06 seconds or  705.708 MUPD/s or   8.4685 GB/s
STREAM triad of size     4320 : min/avg/max: 5.83413e-06 5.83519e-06 5.83621e-06 seconds or   740.47 MUPD/s or  8.88564 GB/s
STREAM triad of size     4760 : min/avg/max: 6.33098e-06 6.33261e-06 6.33488e-06 seconds or  751.859 MUPD/s or   9.0223 GB/s
STREAM triad of size     5240 : min/avg/max: 6.86917e-06 6.87026e-06 6.87108e-06 seconds or  762.829 MUPD/s or  9.15395 GB/s
STREAM triad of size     5768 : min/avg/max:  7.3105e-06 7.31202e-06 7.31322e-06 seconds or  789.002 MUPD/s or  9.46802 GB/s
STREAM triad of size     6352 : min/avg/max: 7.83876e-06 7.84044e-06 7.84174e-06 seconds or  810.332 MUPD/s or  9.72399 GB/s
STREAM triad of size     6992 : min/avg/max: 8.50544e-06 8.50672e-06 8.50745e-06 seconds or  822.063 MUPD/s or  9.86475 GB/s
STREAM triad of size     7696 : min/avg/max: 9.26792e-06 9.26976e-06 9.27231e-06 seconds or  830.392 MUPD/s or   9.9647 GB/s
STREAM triad of size     8472 : min/avg/max: 1.00887e-05 1.00911e-05 1.00928e-05 seconds or  839.749 MUPD/s or   10.077 GB/s
STREAM triad of size     9320 : min/avg/max: 1.08787e-05 1.08812e-05 1.08858e-05 seconds or  856.723 MUPD/s or  10.2807 GB/s
STREAM triad of size    10256 : min/avg/max: 1.18631e-05 1.18657e-05 1.18675e-05 seconds or  864.527 MUPD/s or  10.3743 GB/s
STREAM triad of size    11288 : min/avg/max:  1.2909e-05 1.29105e-05 1.29122e-05 seconds or  874.428 MUPD/s or  10.4931 GB/s
STREAM triad of size    12424 : min/avg/max: 1.40316e-05 1.40341e-05  1.4043e-05 seconds or  885.428 MUPD/s or  10.6251 GB/s
STREAM triad of size    13672 : min/avg/max: 1.53145e-05  1.5316e-05 1.53181e-05 seconds or  892.749 MUPD/s or   10.713 GB/s
STREAM triad of size    15040 : min/avg/max: 1.67014e-05 1.67026e-05 1.67038e-05 seconds or  900.524 MUPD/s or  10.8063 GB/s
STREAM triad of size    16552 : min/avg/max: 1.81886e-05 1.81905e-05  1.8193e-05 seconds or  910.022 MUPD/s or  10.9203 GB/s
STREAM triad of size    18208 : min/avg/max: 1.98674e-05 1.98686e-05   1.987e-05 seconds or  916.476 MUPD/s or  10.9977 GB/s
STREAM triad of size    20032 : min/avg/max: 2.17405e-05 2.17425e-05 2.17457e-05 seconds or  921.415 MUPD/s or   11.057 GB/s
STREAM triad of size    22040 : min/avg/max: 2.37617e-05 2.37661e-05 2.37684e-05 seconds or  927.545 MUPD/s or  11.1305 GB/s
STREAM triad of size    24248 : min/avg/max: 2.59877e-05 2.59898e-05 2.59929e-05 seconds or  933.056 MUPD/s or  11.1967 GB/s
STREAM triad of size    26680 : min/avg/max: 2.84659e-05 2.84699e-05 2.84731e-05 seconds or  937.263 MUPD/s or  11.2472 GB/s
STREAM triad of size    29352 : min/avg/max:  3.1159e-05 3.11622e-05 3.11683e-05 seconds or  942.006 MUPD/s or  11.3041 GB/s
STREAM triad of size    32288 : min/avg/max:  3.4137e-05 3.41415e-05 3.41464e-05 seconds or  945.837 MUPD/s or    11.35 GB/s
STREAM triad of size    35520 : min/avg/max: 3.74129e-05 3.74162e-05 3.74216e-05 seconds or  949.405 MUPD/s or  11.3929 GB/s
STREAM triad of size    39080 : min/avg/max: 4.11628e-05 4.11678e-05 4.11841e-05 seconds or  949.401 MUPD/s or  11.3928 GB/s
STREAM triad of size    42992 : min/avg/max: 4.50163e-05 4.50204e-05 4.50268e-05 seconds or  955.032 MUPD/s or  11.4604 GB/s
STREAM triad of size    47296 : min/avg/max: 4.93853e-05 4.93899e-05 4.93981e-05 seconds or  957.694 MUPD/s or  11.4923 GB/s
STREAM triad of size    52032 : min/avg/max: 5.42395e-05 5.42439e-05 5.42491e-05 seconds or    959.3 MUPD/s or  11.5116 GB/s
STREAM triad of size    57240 : min/avg/max: 5.94968e-05 5.95075e-05 5.95172e-05 seconds or  962.069 MUPD/s or  11.5448 GB/s
STREAM triad of size    62968 : min/avg/max: 6.53829e-05 6.53902e-05 6.53966e-05 seconds or  963.065 MUPD/s or  11.5568 GB/s
STREAM triad of size    69272 : min/avg/max: 7.20374e-05 7.20458e-05 7.20559e-05 seconds or  961.612 MUPD/s or  11.5393 GB/s
STREAM triad of size    76200 : min/avg/max: 7.88801e-05 7.88901e-05 7.89036e-05 seconds or  966.024 MUPD/s or  11.5923 GB/s
STREAM triad of size    83824 : min/avg/max: 8.67164e-05 8.67298e-05 8.67431e-05 seconds or  966.645 MUPD/s or  11.5997 GB/s
STREAM triad of size    92208 : min/avg/max:  9.5364e-05 9.53861e-05 9.54054e-05 seconds or  966.906 MUPD/s or  11.6029 GB/s
STREAM triad of size   101432 : min/avg/max: 0.000104778 0.000104793 0.000104817 seconds or  968.065 MUPD/s or  11.6168 GB/s
STREAM triad of size   111576 : min/avg/max: 0.000115171 0.000115189 0.000115204 seconds or  968.789 MUPD/s or  11.6255 GB/s
STREAM triad of size   122736 : min/avg/max: 0.000126762 0.000126781 0.000126803 seconds or  968.237 MUPD/s or  11.6188 GB/s
STREAM triad of size   135016 : min/avg/max:  0.00013893 0.000138955 0.000138968 seconds or  971.825 MUPD/s or  11.6619 GB/s
STREAM triad of size   148520 : min/avg/max:  0.00015299 0.000153014 0.000153052 seconds or  970.781 MUPD/s or  11.6494 GB/s
STREAM triad of size   163376 : min/avg/max: 0.000168133 0.000168155 0.000168177 seconds or  971.706 MUPD/s or  11.6605 GB/s
STREAM triad of size   179720 : min/avg/max: 0.000184993 0.000185036 0.000185065 seconds or  971.498 MUPD/s or   11.658 GB/s
STREAM triad of size   197696 : min/avg/max: 0.000203389 0.000203438 0.000203469 seconds or  972.007 MUPD/s or  11.6641 GB/s
STREAM triad of size   217472 : min/avg/max: 0.000223616 0.000223655 0.000223701 seconds or  972.524 MUPD/s or  11.6703 GB/s
STREAM triad of size   239224 : min/avg/max: 0.000246124 0.000246166 0.000246191 seconds or  971.965 MUPD/s or  11.6636 GB/s
STREAM triad of size   263152 : min/avg/max: 0.000270099 0.000270158 0.000270211 seconds or  974.278 MUPD/s or  11.6913 GB/s
STREAM triad of size   289472 : min/avg/max:  0.00029711 0.000297146 0.000297193 seconds or  974.294 MUPD/s or  11.6915 GB/s
STREAM triad of size   318424 : min/avg/max:  0.00032669 0.000326762 0.000326845 seconds or  974.698 MUPD/s or  11.6964 GB/s
STREAM triad of size   350272 : min/avg/max: 0.000371094 0.000371768 0.000373605 seconds or   943.89 MUPD/s or  11.3267 GB/s
STREAM triad of size   385304 : min/avg/max: 0.000420069 0.000421725 0.000424368 seconds or  917.239 MUPD/s or  11.0069 GB/s
STREAM triad of size   423840 : min/avg/max: 0.000460084 0.000460941 0.000461765 seconds or  921.222 MUPD/s or  11.0547 GB/s
STREAM triad of size   466232 : min/avg/max: 0.000506947 0.000507988 0.000508656 seconds or  919.686 MUPD/s or  11.0362 GB/s
STREAM triad of size   512856 : min/avg/max: 0.000554876 0.000555758 0.000556515 seconds or  924.271 MUPD/s or  11.0913 GB/s
STREAM triad of size   564144 : min/avg/max: 0.000640059 0.000641374 0.000644796 seconds or  881.394 MUPD/s or  10.5767 GB/s
STREAM triad of size   620560 : min/avg/max: 0.000706024 0.000706908 0.000707899 seconds or   878.95 MUPD/s or  10.5474 GB/s
STREAM triad of size   682624 : min/avg/max: 0.000760663 0.000761385 0.000762277 seconds or  897.407 MUPD/s or  10.7689 GB/s
STREAM triad of size   750888 : min/avg/max: 0.000839928 0.000840629 0.000842059 seconds or  893.991 MUPD/s or  10.7279 GB/s
STREAM triad of size   825984 : min/avg/max: 0.000917349 0.000918441 0.000920445 seconds or  900.403 MUPD/s or  10.8048 GB/s
STREAM triad of size   908584 : min/avg/max:  0.00100515  0.00100633  0.00100821 seconds or  903.927 MUPD/s or  10.8471 GB/s
STREAM triad of size   999448 : min/avg/max:  0.00110747  0.00110874  0.00111096 seconds or  902.459 MUPD/s or  10.8295 GB/s
STREAM triad of size  1099400 : min/avg/max:  0.00118097  0.00118286  0.00118456 seconds or  930.933 MUPD/s or  11.1712 GB/s
STREAM triad of size  1209344 : min/avg/max:  0.00129978  0.00130232  0.00130495 seconds or  930.425 MUPD/s or  11.1651 GB/s
STREAM triad of size  1330280 : min/avg/max:  0.00142536  0.00142798  0.00143057 seconds or  933.294 MUPD/s or  11.1995 GB/s
STREAM triad of size  1463312 : min/avg/max:  0.00157871  0.00158127  0.00158412 seconds or  926.906 MUPD/s or  11.1229 GB/s
STREAM triad of size  1609648 : min/avg/max:  0.00180932   0.0018123  0.00181423 seconds or  889.642 MUPD/s or  10.6757 GB/s
STREAM triad of size  1770616 : min/avg/max:  0.00199378  0.00199658    0.001999 seconds or   888.07 MUPD/s or  10.6568 GB/s
STREAM triad of size  1947680 : min/avg/max:  0.00219629  0.00219935  0.00220248 seconds or  886.804 MUPD/s or  10.6417 GB/s
STREAM triad of size  2142456 : min/avg/max:  0.00239507  0.00239987   0.0024049 seconds or  894.527 MUPD/s or  10.7343 GB/s
STREAM triad of size  2356704 : min/avg/max:  0.00264713  0.00265207   0.0026578 seconds or  890.286 MUPD/s or  10.6834 GB/s
STREAM triad of size  2592376 : min/avg/max:  0.00289624  0.00290273   0.0029064 seconds or  895.083 MUPD/s or   10.741 GB/s
STREAM triad of size  2851616 : min/avg/max:  0.00311745  0.00312237  0.00312778 seconds or  914.727 MUPD/s or  10.9767 GB/s
STREAM triad of size  3136784 : min/avg/max:  0.00344604   0.0034524  0.00345779 seconds or  910.258 MUPD/s or  10.9231 GB/s
STREAM triad of size  3450464 : min/avg/max:  0.00378832   0.0037941  0.00380089 seconds or  910.816 MUPD/s or  10.9298 GB/s
STREAM triad of size  3795512 : min/avg/max:  0.00407948  0.00408862  0.00409707 seconds or  930.391 MUPD/s or  11.1647 GB/s
STREAM triad of size  4175064 : min/avg/max:  0.00451354  0.00452231  0.00452999 seconds or  925.008 MUPD/s or  11.1001 GB/s
STREAM triad of size  4592576 : min/avg/max:   0.0050862  0.00509847  0.00510619 seconds or  902.948 MUPD/s or  10.8354 GB/s
STREAM triad of size  5051840 : min/avg/max:   0.0055612  0.00557129  0.00557732 seconds or  908.408 MUPD/s or  10.9009 GB/s
STREAM triad of size  5557032 : min/avg/max:  0.00609695   0.0061097  0.00612752 seconds or  911.444 MUPD/s or  10.9373 GB/s
STREAM triad of size  6112736 : min/avg/max:  0.00667015  0.00668791  0.00670652 seconds or  916.431 MUPD/s or  10.9972 GB/s
STREAM triad of size  6724016 : min/avg/max:  0.00740555  0.00741924  0.00743197 seconds or   907.97 MUPD/s or  10.8956 GB/s
STREAM triad of size  7396424 : min/avg/max:  0.00802353  0.00803888  0.00805347 seconds or  921.842 MUPD/s or  11.0621 GB/s
STREAM triad of size  8136072 : min/avg/max:  0.00882292  0.00883041   0.0088396 seconds or  922.152 MUPD/s or  11.0658 GB/s
STREAM triad of size  8949680 : min/avg/max:   0.0100908   0.0101097   0.0101199 seconds or  886.919 MUPD/s or   10.643 GB/s
STREAM triad of size  9844656 : min/avg/max:   0.0108703   0.0108856   0.0109046 seconds or  905.645 MUPD/s or  10.8677 GB/s
STREAM triad of size 10829128 : min/avg/max:   0.0118011   0.0118216    0.011838 seconds or  917.635 MUPD/s or  11.0116 GB/s
STREAM triad of size 11912048 : min/avg/max:   0.0129724   0.0129953   0.0130284 seconds or  918.262 MUPD/s or  11.0191 GB/s
STREAM triad of size 13103256 : min/avg/max:   0.0143459   0.0143713    0.014399 seconds or   913.38 MUPD/s or  10.9606 GB/s
STREAM triad of size 14413584 : min/avg/max:   0.0158311   0.0158487   0.0158683 seconds or  910.459 MUPD/s or  10.9255 GB/s
STREAM triad of size 15854944 : min/avg/max:   0.0171889   0.0172309   0.0172687 seconds or  922.392 MUPD/s or  11.0687 GB/s
STREAM triad of size 17440440 : min/avg/max:   0.0190858    0.019107   0.0191371 seconds or  913.791 MUPD/s or  10.9655 GB/s
STREAM triad of size 19184488 : min/avg/max:   0.0210275   0.0210694   0.0210966 seconds or  912.354 MUPD/s or  10.9482 GB/s
STREAM triad of size 21102944 : min/avg/max:   0.0230259   0.0230571   0.0230905 seconds or  916.489 MUPD/s or  10.9979 GB/s
STREAM triad of size 23213240 : min/avg/max:   0.0254127   0.0254545   0.0255124 seconds or   913.45 MUPD/s or  10.9614 GB/s
STREAM triad of size 25534568 : min/avg/max:   0.0280737   0.0281212    0.028166 seconds or  909.555 MUPD/s or  10.9147 GB/s
STREAM triad of size 28088032 : min/avg/max:   0.0304887   0.0305366   0.0305811 seconds or  921.261 MUPD/s or  11.0551 GB/s
STREAM triad of size 30896840 : min/avg/max:   0.0338553   0.0338951   0.0339517 seconds or  912.616 MUPD/s or  10.9514 GB/s
STREAM triad of size 33986528 : min/avg/max:   0.0373203   0.0373973   0.0374682 seconds or  910.672 MUPD/s or  10.9281 GB/s
STREAM triad of size 37385184 : min/avg/max:    0.042599    0.042698   0.0428121 seconds or  877.606 MUPD/s or  10.5313 GB/s
STREAM triad of size 41123704 : min/avg/max:   0.0449931    0.045076   0.0451497 seconds or      914 MUPD/s or   10.968 GB/s
STREAM triad of size 45236080 : min/avg/max:   0.0492839   0.0493605   0.0494506 seconds or  917.867 MUPD/s or  11.0144 GB/s
STREAM triad of size 49759696 : min/avg/max:   0.0553198   0.0553947   0.0554813 seconds or  899.492 MUPD/s or  10.7939 GB/s
STREAM triad of size 54735672 : min/avg/max:   0.0598839   0.0600479   0.0601692 seconds or   914.03 MUPD/s or  10.9684 GB/s
STREAM triad of size 60209240 : min/avg/max:   0.0658269   0.0659599   0.0661077 seconds or   914.66 MUPD/s or  10.9759 GB/s
STREAM triad of size 66230168 : min/avg/max:   0.0731187   0.0732417   0.0733701 seconds or   905.79 MUPD/s or  10.8695 GB/s
STREAM triad of size 72853192 : min/avg/max:   0.0800446    0.080193   0.0803676 seconds or  910.157 MUPD/s or  10.9219 GB/s
STREAM triad of size 80138512 : min/avg/max:   0.0878599   0.0880084   0.0881721 seconds or  912.117 MUPD/s or  10.9454 GB/s
STREAM triad of size 88152368 : min/avg/max:   0.0965764   0.0967293   0.0969276 seconds or  912.773 MUPD/s or  10.9533 GB/s
STREAM triad of size 96967608 : min/avg/max:    0.105864    0.106104    0.106261 seconds or  915.968 MUPD/s or  10.9916 GB/s
