STREAM triad of size        8 : min/avg/max:  7.0354e-06 7.48921e-06 8.67315e-06 seconds or  1.13711 MUPD/s or 0.0136453 GB/s
STREAM triad of size       16 : min/avg/max: 6.77655e-06 7.30783e-06  8.6942e-06 seconds or  2.36108 MUPD/s or 0.028333 GB/s
STREAM triad of size       24 : min/avg/max: 6.49965e-06 6.76865e-06  7.8936e-06 seconds or  3.69251 MUPD/s or 0.0443101 GB/s
STREAM triad of size       32 : min/avg/max: 6.49205e-06 6.65016e-06 7.49355e-06 seconds or  4.92911 MUPD/s or 0.0591493 GB/s
STREAM triad of size       40 : min/avg/max:  6.5609e-06 6.81849e-06 8.06675e-06 seconds or  6.09672 MUPD/s or 0.0731607 GB/s
STREAM triad of size       48 : min/avg/max:  6.2047e-06 6.38062e-06 7.10815e-06 seconds or  7.73607 MUPD/s or 0.0928329 GB/s
STREAM triad of size       56 : min/avg/max:  6.1182e-06 6.35558e-06  7.1039e-06 seconds or  9.15302 MUPD/s or 0.109836 GB/s
STREAM triad of size       64 : min/avg/max: 6.14585e-06 6.36972e-06 7.16175e-06 seconds or  10.4135 MUPD/s or 0.124962 GB/s
STREAM triad of size       72 : min/avg/max:  5.7285e-06 6.02102e-06 7.56905e-06 seconds or  12.5687 MUPD/s or 0.150825 GB/s
STREAM triad of size       80 : min/avg/max: 5.80195e-06 5.96199e-06 6.73755e-06 seconds or  13.7885 MUPD/s or 0.165462 GB/s
STREAM triad of size       96 : min/avg/max: 5.76695e-06 5.92985e-06 6.68405e-06 seconds or  16.6466 MUPD/s or 0.199759 GB/s
STREAM triad of size      112 : min/avg/max: 5.80555e-06 5.92395e-06 6.62425e-06 seconds or  19.2919 MUPD/s or 0.231503 GB/s
STREAM triad of size      128 : min/avg/max: 5.45035e-06 5.70025e-06  7.4013e-06 seconds or  23.4847 MUPD/s or 0.281817 GB/s
STREAM triad of size      144 : min/avg/max: 5.43355e-06  5.5881e-06  6.3188e-06 seconds or   26.502 MUPD/s or 0.318024 GB/s
STREAM triad of size      160 : min/avg/max:   5.522e-06 5.64366e-06 6.38305e-06 seconds or   28.975 MUPD/s or   0.3477 GB/s
STREAM triad of size      184 : min/avg/max: 5.51775e-06  5.6619e-06  6.4032e-06 seconds or  33.3469 MUPD/s or 0.400163 GB/s
STREAM triad of size      208 : min/avg/max: 5.14405e-06 5.35956e-06 7.10665e-06 seconds or  40.4351 MUPD/s or 0.485221 GB/s
STREAM triad of size      232 : min/avg/max: 5.17705e-06 5.33266e-06  5.9626e-06 seconds or  44.8132 MUPD/s or 0.537758 GB/s
STREAM triad of size      256 : min/avg/max:  5.1769e-06 5.28986e-06  5.7118e-06 seconds or  49.4504 MUPD/s or 0.593405 GB/s
STREAM triad of size      288 : min/avg/max:  5.1636e-06 5.30537e-06 5.92335e-06 seconds or   55.775 MUPD/s or   0.6693 GB/s
STREAM triad of size      320 : min/avg/max:  4.9315e-06 5.18551e-06  6.3991e-06 seconds or   64.889 MUPD/s or 0.778668 GB/s
STREAM triad of size      360 : min/avg/max:  4.8975e-06 5.00481e-06 5.59025e-06 seconds or  73.5069 MUPD/s or 0.882083 GB/s
STREAM triad of size      400 : min/avg/max: 4.92275e-06 5.01414e-06 5.61595e-06 seconds or  81.2554 MUPD/s or 0.975065 GB/s
STREAM triad of size      448 : min/avg/max: 4.89825e-06 5.01405e-06 5.62715e-06 seconds or  91.4612 MUPD/s or  1.09753 GB/s
STREAM triad of size      496 : min/avg/max: 4.86245e-06 4.99343e-06  5.5705e-06 seconds or  102.006 MUPD/s or  1.22407 GB/s
STREAM triad of size      552 : min/avg/max: 4.61825e-06 4.72329e-06 5.19135e-06 seconds or  119.526 MUPD/s or  1.43431 GB/s
STREAM triad of size      608 : min/avg/max: 4.63905e-06 4.76744e-06  5.3978e-06 seconds or  131.061 MUPD/s or  1.57274 GB/s
STREAM triad of size      672 : min/avg/max: 4.68015e-06 4.80468e-06  5.4448e-06 seconds or  143.585 MUPD/s or  1.72302 GB/s
STREAM triad of size      744 : min/avg/max: 4.65985e-06 4.78153e-06 5.39155e-06 seconds or  159.662 MUPD/s or  1.91594 GB/s
STREAM triad of size      824 : min/avg/max: 4.65455e-06 4.78566e-06 5.33755e-06 seconds or  177.031 MUPD/s or  2.12437 GB/s
STREAM triad of size      912 : min/avg/max:   4.495e-06 4.60388e-06  5.1325e-06 seconds or  202.892 MUPD/s or  2.43471 GB/s
STREAM triad of size     1008 : min/avg/max: 4.47455e-06 4.57944e-06  5.0729e-06 seconds or  225.274 MUPD/s or  2.70329 GB/s
STREAM triad of size     1112 : min/avg/max: 4.47125e-06 4.58908e-06 5.24255e-06 seconds or    248.7 MUPD/s or   2.9844 GB/s
STREAM triad of size     1224 : min/avg/max:  4.4917e-06 4.60474e-06  5.1959e-06 seconds or  272.503 MUPD/s or  3.27003 GB/s
STREAM triad of size     1352 : min/avg/max:  4.3129e-06 4.52705e-06  5.7652e-06 seconds or  313.478 MUPD/s or  3.76174 GB/s
STREAM triad of size     1488 : min/avg/max: 4.30855e-06 4.41278e-06  4.8986e-06 seconds or   345.36 MUPD/s or  4.14432 GB/s
STREAM triad of size     1640 : min/avg/max:  4.2643e-06 4.37072e-06   4.883e-06 seconds or  384.588 MUPD/s or  4.61506 GB/s
STREAM triad of size     1808 : min/avg/max:  4.3313e-06 4.43263e-06 4.94825e-06 seconds or  417.427 MUPD/s or  5.00912 GB/s
STREAM triad of size     1992 : min/avg/max:  4.3154e-06 4.41143e-06 4.89475e-06 seconds or  461.603 MUPD/s or  5.53923 GB/s
STREAM triad of size     2192 : min/avg/max: 4.11375e-06 4.32465e-06 5.51085e-06 seconds or  532.847 MUPD/s or  6.39417 GB/s
STREAM triad of size     2416 : min/avg/max: 4.16285e-06  4.3007e-06  4.7214e-06 seconds or  580.372 MUPD/s or  6.96446 GB/s
STREAM triad of size     2664 : min/avg/max:  4.2246e-06 4.33767e-06  4.8211e-06 seconds or  630.592 MUPD/s or  7.56711 GB/s
STREAM triad of size     2936 : min/avg/max:  4.2313e-06 4.32732e-06  4.7705e-06 seconds or  693.877 MUPD/s or  8.32652 GB/s
STREAM triad of size     3232 : min/avg/max: 4.23505e-06 4.34658e-06  4.8576e-06 seconds or  763.155 MUPD/s or  9.15786 GB/s
STREAM triad of size     3560 : min/avg/max:  4.2503e-06 4.34057e-06  4.8211e-06 seconds or  837.588 MUPD/s or  10.0511 GB/s
STREAM triad of size     3920 : min/avg/max:  4.2485e-06  4.3492e-06 4.95525e-06 seconds or  922.679 MUPD/s or  11.0721 GB/s
STREAM triad of size     4320 : min/avg/max:  4.2443e-06 4.32682e-06  4.6359e-06 seconds or  1017.84 MUPD/s or   12.214 GB/s
STREAM triad of size     4760 : min/avg/max: 4.25405e-06 4.33399e-06  4.7667e-06 seconds or  1118.93 MUPD/s or  13.4272 GB/s
STREAM triad of size     5240 : min/avg/max: 4.21535e-06 4.32014e-06 4.76125e-06 seconds or  1243.08 MUPD/s or  14.9169 GB/s
STREAM triad of size     5768 : min/avg/max: 4.10955e-06 4.26607e-06 4.70095e-06 seconds or  1403.56 MUPD/s or  16.8427 GB/s
STREAM triad of size     6352 : min/avg/max:  4.1581e-06 4.27716e-06  4.7697e-06 seconds or  1527.62 MUPD/s or  18.3314 GB/s
STREAM triad of size     6992 : min/avg/max: 4.09695e-06 4.22539e-06 4.61925e-06 seconds or  1706.64 MUPD/s or  20.4796 GB/s
STREAM triad of size     7696 : min/avg/max: 4.10745e-06 4.25496e-06  4.7812e-06 seconds or  1873.67 MUPD/s or   22.484 GB/s
STREAM triad of size     8472 : min/avg/max: 4.11315e-06 4.26279e-06    4.73e-06 seconds or  2059.74 MUPD/s or  24.7168 GB/s
STREAM triad of size     9320 : min/avg/max:  4.1386e-06 4.28182e-06  4.7218e-06 seconds or  2251.97 MUPD/s or  27.0236 GB/s
STREAM triad of size    10256 : min/avg/max:  4.1807e-06 4.28404e-06   4.779e-06 seconds or  2453.18 MUPD/s or  29.4381 GB/s
STREAM triad of size    11288 : min/avg/max: 4.15645e-06 4.28203e-06 4.70205e-06 seconds or  2715.78 MUPD/s or  32.5893 GB/s
STREAM triad of size    12424 : min/avg/max: 4.13925e-06  4.2739e-06 4.73865e-06 seconds or  3001.51 MUPD/s or  36.0181 GB/s
STREAM triad of size    13672 : min/avg/max:  4.1619e-06 4.29183e-06 4.79965e-06 seconds or  3285.04 MUPD/s or  39.4205 GB/s
STREAM triad of size    15040 : min/avg/max: 4.15205e-06 4.31479e-06  5.5304e-06 seconds or  3622.31 MUPD/s or  43.4677 GB/s
STREAM triad of size    16552 : min/avg/max: 4.12485e-06 4.26572e-06  4.8084e-06 seconds or  4012.75 MUPD/s or   48.153 GB/s
STREAM triad of size    18208 : min/avg/max: 4.17755e-06 4.25925e-06 4.63905e-06 seconds or  4358.54 MUPD/s or  52.3024 GB/s
STREAM triad of size    20032 : min/avg/max:  4.1701e-06  4.2829e-06  4.6918e-06 seconds or  4803.72 MUPD/s or  57.6447 GB/s
STREAM triad of size    22040 : min/avg/max: 4.15415e-06 4.28065e-06  4.6523e-06 seconds or  5305.54 MUPD/s or  63.6665 GB/s
STREAM triad of size    24248 : min/avg/max: 4.15995e-06 4.30034e-06    4.74e-06 seconds or  5828.92 MUPD/s or   69.947 GB/s
STREAM triad of size    26680 : min/avg/max:  4.1672e-06 4.30066e-06 4.77875e-06 seconds or  6402.38 MUPD/s or  76.8286 GB/s
STREAM triad of size    29352 : min/avg/max: 4.15815e-06 4.27083e-06 4.66145e-06 seconds or  7058.91 MUPD/s or  84.7069 GB/s
STREAM triad of size    32288 : min/avg/max:  4.1336e-06 4.25712e-06 4.65605e-06 seconds or  7811.11 MUPD/s or  93.7333 GB/s
STREAM triad of size    35520 : min/avg/max: 4.20215e-06 4.32002e-06  4.7384e-06 seconds or  8452.82 MUPD/s or  101.434 GB/s
STREAM triad of size    39080 : min/avg/max:  4.1346e-06 4.28289e-06  4.8243e-06 seconds or  9451.94 MUPD/s or  113.423 GB/s
STREAM triad of size    42992 : min/avg/max: 4.22625e-06 5.20629e-06 2.14608e-05 seconds or  10172.6 MUPD/s or  122.071 GB/s
STREAM triad of size    47296 : min/avg/max:  4.2465e-06 4.33898e-06 4.82785e-06 seconds or  11137.6 MUPD/s or  133.652 GB/s
STREAM triad of size    52032 : min/avg/max: 4.23745e-06  4.3469e-06 5.05215e-06 seconds or  12279.1 MUPD/s or  147.349 GB/s
STREAM triad of size    57240 : min/avg/max: 4.24705e-06 4.34277e-06 4.78925e-06 seconds or  13477.6 MUPD/s or  161.731 GB/s
STREAM triad of size    62968 : min/avg/max:  4.3669e-06 4.47124e-06 4.83435e-06 seconds or  14419.4 MUPD/s or  173.033 GB/s
STREAM triad of size    69272 : min/avg/max: 4.36615e-06 4.48688e-06  4.7694e-06 seconds or  15865.7 MUPD/s or  190.388 GB/s
STREAM triad of size    76200 : min/avg/max:  4.4306e-06 4.49082e-06 4.75415e-06 seconds or  17198.6 MUPD/s or  206.383 GB/s
STREAM triad of size    83824 : min/avg/max:  4.9511e-06 5.01043e-06 5.33925e-06 seconds or  16930.4 MUPD/s or  203.165 GB/s
STREAM triad of size    92208 : min/avg/max:   5.154e-06 5.22925e-06 5.54895e-06 seconds or  17890.6 MUPD/s or  214.687 GB/s
STREAM triad of size   101432 : min/avg/max:  5.2097e-06  5.2867e-06 5.54855e-06 seconds or  19469.8 MUPD/s or  233.638 GB/s
STREAM triad of size   111576 : min/avg/max:  5.2313e-06 5.31249e-06 5.58105e-06 seconds or  21328.5 MUPD/s or  255.942 GB/s
STREAM triad of size   122736 : min/avg/max: 5.51295e-06 5.59713e-06 5.95235e-06 seconds or  22263.2 MUPD/s or  267.159 GB/s
STREAM triad of size   135016 : min/avg/max:  6.0131e-06 6.07525e-06 6.38655e-06 seconds or  22453.6 MUPD/s or  269.444 GB/s
STREAM triad of size   148520 : min/avg/max:  6.2362e-06 6.31824e-06  6.7272e-06 seconds or  23815.8 MUPD/s or  285.789 GB/s
STREAM triad of size   163376 : min/avg/max: 6.37595e-06  6.4479e-06 6.68365e-06 seconds or  25623.8 MUPD/s or  307.485 GB/s
STREAM triad of size   179720 : min/avg/max:  6.9158e-06 6.99793e-06 7.31965e-06 seconds or  25986.9 MUPD/s or  311.842 GB/s
STREAM triad of size   197696 : min/avg/max:  7.1914e-06 7.26197e-06 7.52155e-06 seconds or  27490.6 MUPD/s or  329.887 GB/s
STREAM triad of size   217472 : min/avg/max:  7.8421e-06 7.91582e-06 8.23695e-06 seconds or  27731.3 MUPD/s or  332.776 GB/s
STREAM triad of size   239224 : min/avg/max: 8.05455e-06 8.12805e-06  8.4148e-06 seconds or  29700.5 MUPD/s or  356.406 GB/s
STREAM triad of size   263152 : min/avg/max:  8.7264e-06 8.80549e-06 9.07925e-06 seconds or  30155.8 MUPD/s or   361.87 GB/s
STREAM triad of size   289472 : min/avg/max: 9.27105e-06 9.33293e-06    9.61e-06 seconds or  31223.2 MUPD/s or  374.679 GB/s
STREAM triad of size   318424 : min/avg/max:  9.7939e-06 9.87558e-06 1.01923e-05 seconds or  32512.5 MUPD/s or   390.15 GB/s
STREAM triad of size   350272 : min/avg/max: 1.32435e-05 1.33505e-05 1.35947e-05 seconds or  26448.6 MUPD/s or  317.383 GB/s
STREAM triad of size   385304 : min/avg/max: 2.00706e-05 2.05591e-05 2.08689e-05 seconds or  19197.5 MUPD/s or   230.37 GB/s
STREAM triad of size   423840 : min/avg/max: 2.18816e-05 2.20215e-05 2.22345e-05 seconds or  19369.7 MUPD/s or  232.437 GB/s
STREAM triad of size   466232 : min/avg/max: 2.43603e-05 2.44293e-05 2.45153e-05 seconds or    19139 MUPD/s or  229.668 GB/s
STREAM triad of size   512856 : min/avg/max: 2.56357e-05 2.57355e-05 2.59892e-05 seconds or  20005.6 MUPD/s or  240.067 GB/s
STREAM triad of size   564144 : min/avg/max: 2.86855e-05 2.87587e-05  2.8968e-05 seconds or  19666.5 MUPD/s or  235.998 GB/s
STREAM triad of size   620560 : min/avg/max: 3.13901e-05 3.14693e-05 3.17377e-05 seconds or  19769.3 MUPD/s or  237.231 GB/s
STREAM triad of size   682624 : min/avg/max: 3.42988e-05 3.43872e-05 3.46772e-05 seconds or  19902.3 MUPD/s or  238.827 GB/s
STREAM triad of size   750888 : min/avg/max: 3.76065e-05 3.76748e-05  3.7968e-05 seconds or  19966.9 MUPD/s or  239.603 GB/s
STREAM triad of size   825984 : min/avg/max: 4.09301e-05 4.10296e-05 4.13098e-05 seconds or  20180.3 MUPD/s or  242.164 GB/s
STREAM triad of size   908584 : min/avg/max: 4.47945e-05   4.531e-05 5.31419e-05 seconds or  20283.4 MUPD/s or  243.401 GB/s
STREAM triad of size   999448 : min/avg/max: 4.89916e-05 4.90904e-05 4.94493e-05 seconds or  20400.4 MUPD/s or  244.805 GB/s
STREAM triad of size  1099400 : min/avg/max: 5.40009e-05 5.40587e-05 5.43894e-05 seconds or  20358.9 MUPD/s or  244.307 GB/s
STREAM triad of size  1209344 : min/avg/max: 5.90381e-05   5.908e-05  5.9378e-05 seconds or  20484.1 MUPD/s or   245.81 GB/s
STREAM triad of size  1330280 : min/avg/max:  6.4603e-05 6.47061e-05 6.49936e-05 seconds or  20591.6 MUPD/s or    247.1 GB/s
STREAM triad of size  1463312 : min/avg/max: 7.08307e-05 7.09212e-05 7.12025e-05 seconds or  20659.3 MUPD/s or  247.911 GB/s
STREAM triad of size  1609648 : min/avg/max: 7.79257e-05 7.79913e-05 7.82642e-05 seconds or  20656.2 MUPD/s or  247.874 GB/s
STREAM triad of size  1770616 : min/avg/max: 8.53773e-05 8.54603e-05 8.57541e-05 seconds or  20738.7 MUPD/s or  248.865 GB/s
STREAM triad of size  1947680 : min/avg/max: 9.37232e-05 9.37807e-05 9.39644e-05 seconds or  20781.2 MUPD/s or  249.374 GB/s
STREAM triad of size  2142456 : min/avg/max:  0.00010226 0.000102322  0.00010275 seconds or  20951.1 MUPD/s or  251.413 GB/s
STREAM triad of size  2356704 : min/avg/max: 0.000112228 0.000112308 0.000112662 seconds or  20999.3 MUPD/s or  251.992 GB/s
STREAM triad of size  2592376 : min/avg/max: 0.000123158 0.000123198 0.000123411 seconds or  21049.2 MUPD/s or   252.59 GB/s
STREAM triad of size  2851616 : min/avg/max: 0.000135597 0.000135708 0.000136073 seconds or  21030.1 MUPD/s or  252.361 GB/s
STREAM triad of size  3136784 : min/avg/max: 0.000148884  0.00014897 0.000149264 seconds or  21068.7 MUPD/s or  252.824 GB/s
STREAM triad of size  3450464 : min/avg/max: 0.000163375 0.000163461 0.000163758 seconds or  21119.9 MUPD/s or  253.439 GB/s
STREAM triad of size  3795512 : min/avg/max:  0.00017954 0.000179618 0.000180001 seconds or  21140.2 MUPD/s or  253.682 GB/s
STREAM triad of size  4175064 : min/avg/max: 0.000197295 0.000197426 0.000197873 seconds or  21161.5 MUPD/s or  253.938 GB/s
STREAM triad of size  4592576 : min/avg/max:  0.00021714 0.000217256 0.000217891 seconds or  21150.3 MUPD/s or  253.804 GB/s
STREAM triad of size  5051840 : min/avg/max: 0.000238346 0.000238433 0.000239023 seconds or  21195.4 MUPD/s or  254.345 GB/s
STREAM triad of size  5557032 : min/avg/max:  0.00026175 0.000261953 0.000263298 seconds or  21230.3 MUPD/s or  254.764 GB/s
STREAM triad of size  6112736 : min/avg/max: 0.000287634 0.000287762 0.000288755 seconds or  21251.8 MUPD/s or  255.021 GB/s
STREAM triad of size  6724016 : min/avg/max: 0.000316285 0.000316405 0.000317399 seconds or  21259.3 MUPD/s or  255.112 GB/s
STREAM triad of size  7396424 : min/avg/max: 0.000347289  0.00034746 0.000348603 seconds or  21297.6 MUPD/s or  255.571 GB/s
STREAM triad of size  8136072 : min/avg/max: 0.000382518 0.000382652 0.000383886 seconds or  21269.8 MUPD/s or  255.238 GB/s
STREAM triad of size  8949680 : min/avg/max: 0.000419943 0.000420103 0.000421384 seconds or  21311.7 MUPD/s or   255.74 GB/s
STREAM triad of size  9844656 : min/avg/max:  0.00046224 0.000462372 0.000464005 seconds or  21297.7 MUPD/s or  255.573 GB/s
STREAM triad of size 10829128 : min/avg/max: 0.000508212 0.000508403 0.000510041 seconds or  21308.3 MUPD/s or    255.7 GB/s
STREAM triad of size 11912048 : min/avg/max: 0.000559753 0.000559907 0.000561399 seconds or  21280.9 MUPD/s or  255.371 GB/s
STREAM triad of size 13103256 : min/avg/max: 0.000614429   0.0006146 0.000616052 seconds or  21325.9 MUPD/s or  255.911 GB/s
STREAM triad of size 14413584 : min/avg/max: 0.000676611 0.000676756 0.000678432 seconds or  21302.6 MUPD/s or  255.631 GB/s
STREAM triad of size 15854944 : min/avg/max: 0.000742546 0.000742762 0.000744511 seconds or  21352.1 MUPD/s or  256.226 GB/s
STREAM triad of size 17440440 : min/avg/max: 0.000816826 0.000816974  0.00081861 seconds or  21351.5 MUPD/s or  256.218 GB/s
STREAM triad of size 19184488 : min/avg/max: 0.000898461 0.000898643 0.000900334 seconds or  21352.6 MUPD/s or  256.231 GB/s
STREAM triad of size 21102944 : min/avg/max: 0.000988738 0.000989031 0.000990377 seconds or  21343.3 MUPD/s or   256.12 GB/s
STREAM triad of size 23213240 : min/avg/max:  0.00108255  0.00108281  0.00108446 seconds or  21443.2 MUPD/s or  257.318 GB/s
STREAM triad of size 25534568 : min/avg/max:  0.00119427  0.00119447  0.00119613 seconds or  21380.8 MUPD/s or   256.57 GB/s
STREAM triad of size 28088032 : min/avg/max:  0.00131597  0.00131614  0.00131784 seconds or  21343.9 MUPD/s or  256.127 GB/s
STREAM triad of size 30896840 : min/avg/max:  0.00144626  0.00144644  0.00144819 seconds or  21363.3 MUPD/s or   256.36 GB/s
STREAM triad of size 33986528 : min/avg/max:   0.0015902  0.00159054  0.00159188 seconds or  21372.5 MUPD/s or   256.47 GB/s
STREAM triad of size 37385184 : min/avg/max:  0.00174896  0.00174916  0.00175099 seconds or  21375.7 MUPD/s or  256.509 GB/s
STREAM triad of size 41123704 : min/avg/max:  0.00192394  0.00192419  0.00192597 seconds or  21374.7 MUPD/s or  256.496 GB/s
STREAM triad of size 45236080 : min/avg/max:  0.00211435  0.00211454  0.00211618 seconds or  21394.8 MUPD/s or  256.738 GB/s
STREAM triad of size 49759696 : min/avg/max:   0.0023259  0.00232681  0.00232849 seconds or  21393.7 MUPD/s or  256.725 GB/s
STREAM triad of size 54735672 : min/avg/max:  0.00255733  0.00255834  0.00256222 seconds or  21403.5 MUPD/s or  256.842 GB/s
STREAM triad of size 60209240 : min/avg/max:  0.00281434  0.00281453  0.00281616 seconds or  21393.7 MUPD/s or  256.725 GB/s
STREAM triad of size 66230168 : min/avg/max:  0.00309551  0.00309586  0.00309757 seconds or  21395.5 MUPD/s or  256.746 GB/s
STREAM triad of size 72853192 : min/avg/max:  0.00340411  0.00340475  0.00341183 seconds or  21401.6 MUPD/s or  256.819 GB/s
STREAM triad of size 80138512 : min/avg/max:  0.00374404  0.00374429  0.00374601 seconds or  21404.3 MUPD/s or  256.852 GB/s
STREAM triad of size 88152368 : min/avg/max:  0.00411926  0.00411971  0.00412346 seconds or  21400.1 MUPD/s or  256.801 GB/s
STREAM triad of size 96967608 : min/avg/max:  0.00453132  0.00453153  0.00453316 seconds or  21399.4 MUPD/s or  256.793 GB/s
