STREAM triad of size        8 : min/avg/max:  6.9717e-06 7.26502e-06  8.3519e-06 seconds or   1.1475 MUPD/s or  0.01377 GB/s
STREAM triad of size       16 : min/avg/max:   7.025e-06  7.3372e-06 8.58905e-06 seconds or  2.27758 MUPD/s or 0.027331 GB/s
STREAM triad of size       24 : min/avg/max: 6.28145e-06 6.58906e-06  7.4469e-06 seconds or  3.82077 MUPD/s or 0.0458493 GB/s
STREAM triad of size       32 : min/avg/max: 6.37895e-06 7.47831e-06 2.48841e-05 seconds or   5.0165 MUPD/s or 0.060198 GB/s
STREAM triad of size       40 : min/avg/max:  6.3796e-06 6.52709e-06 7.39495e-06 seconds or  6.26999 MUPD/s or 0.0752398 GB/s
STREAM triad of size       48 : min/avg/max:  5.9832e-06   6.138e-06  6.9906e-06 seconds or  8.02246 MUPD/s or 0.0962696 GB/s
STREAM triad of size       56 : min/avg/max:  5.9809e-06 6.13292e-06 6.94865e-06 seconds or  9.36314 MUPD/s or 0.112358 GB/s
STREAM triad of size       64 : min/avg/max:   5.955e-06 6.20499e-06  7.0081e-06 seconds or  10.7473 MUPD/s or 0.128967 GB/s
STREAM triad of size       72 : min/avg/max:  5.6512e-06 6.08062e-06 7.37915e-06 seconds or  12.7407 MUPD/s or 0.152888 GB/s
STREAM triad of size       80 : min/avg/max:   5.599e-06  5.7664e-06 6.51395e-06 seconds or  14.2883 MUPD/s or 0.171459 GB/s
STREAM triad of size       96 : min/avg/max:  5.6293e-06 5.79878e-06 6.55475e-06 seconds or  17.0536 MUPD/s or 0.204644 GB/s
STREAM triad of size      112 : min/avg/max:  5.5861e-06 5.75326e-06 6.55575e-06 seconds or  20.0498 MUPD/s or 0.240597 GB/s
STREAM triad of size      128 : min/avg/max: 5.35295e-06  5.6172e-06  7.2688e-06 seconds or   23.912 MUPD/s or 0.286945 GB/s
STREAM triad of size      144 : min/avg/max:   5.317e-06  5.4518e-06   6.096e-06 seconds or  27.0829 MUPD/s or 0.324995 GB/s
STREAM triad of size      160 : min/avg/max: 5.32775e-06 5.48744e-06 6.20275e-06 seconds or  30.0314 MUPD/s or 0.360377 GB/s
STREAM triad of size      184 : min/avg/max:  5.3665e-06 5.50278e-06  6.1578e-06 seconds or  34.2868 MUPD/s or 0.411441 GB/s
STREAM triad of size      208 : min/avg/max:   5.065e-06  5.3773e-06 6.60385e-06 seconds or  41.0661 MUPD/s or 0.492794 GB/s
STREAM triad of size      232 : min/avg/max: 5.10595e-06 5.21687e-06 5.77435e-06 seconds or  45.4372 MUPD/s or 0.545246 GB/s
STREAM triad of size      256 : min/avg/max:  5.0885e-06 5.20606e-06 5.98185e-06 seconds or  50.3095 MUPD/s or 0.603714 GB/s
STREAM triad of size      288 : min/avg/max:  5.1341e-06 5.25412e-06 5.87355e-06 seconds or  56.0955 MUPD/s or 0.673146 GB/s
STREAM triad of size      320 : min/avg/max:  5.1532e-06 5.33862e-06  6.3976e-06 seconds or  62.0973 MUPD/s or 0.745168 GB/s
STREAM triad of size      360 : min/avg/max: 4.87845e-06 5.04193e-06  5.5782e-06 seconds or  73.7939 MUPD/s or 0.885527 GB/s
STREAM triad of size      400 : min/avg/max:  4.8606e-06 5.00938e-06 5.63125e-06 seconds or  82.2944 MUPD/s or 0.987532 GB/s
STREAM triad of size      448 : min/avg/max:  4.8704e-06 4.97245e-06 5.56245e-06 seconds or  91.9842 MUPD/s or  1.10381 GB/s
STREAM triad of size      496 : min/avg/max:  4.9193e-06 5.00924e-06  5.5468e-06 seconds or  100.827 MUPD/s or  1.20993 GB/s
STREAM triad of size      552 : min/avg/max: 4.65025e-06 4.82487e-06 6.19995e-06 seconds or  118.703 MUPD/s or  1.42444 GB/s
STREAM triad of size      608 : min/avg/max: 4.70015e-06 4.81193e-06   5.334e-06 seconds or  129.358 MUPD/s or  1.55229 GB/s
STREAM triad of size      672 : min/avg/max:  4.6116e-06 4.80361e-06  5.4318e-06 seconds or  145.719 MUPD/s or  1.74863 GB/s
STREAM triad of size      744 : min/avg/max:  4.6373e-06 4.73956e-06  5.3133e-06 seconds or  160.438 MUPD/s or  1.92526 GB/s
STREAM triad of size      824 : min/avg/max:  4.6581e-06 4.75053e-06 5.28285e-06 seconds or  176.896 MUPD/s or  2.12275 GB/s
STREAM triad of size      912 : min/avg/max: 4.36235e-06 4.48547e-06 4.99165e-06 seconds or  209.062 MUPD/s or  2.50874 GB/s
STREAM triad of size     1008 : min/avg/max: 4.43215e-06 4.52684e-06  5.0871e-06 seconds or  227.429 MUPD/s or  2.72915 GB/s
STREAM triad of size     1112 : min/avg/max:  4.3574e-06 4.47716e-06  5.0408e-06 seconds or  255.198 MUPD/s or  3.06238 GB/s
STREAM triad of size     1224 : min/avg/max:  4.4412e-06  4.5346e-06 5.00415e-06 seconds or  275.601 MUPD/s or  3.30721 GB/s
STREAM triad of size     1352 : min/avg/max:  4.3972e-06 4.51125e-06 5.26615e-06 seconds or  307.468 MUPD/s or  3.68962 GB/s
STREAM triad of size     1488 : min/avg/max:  4.2118e-06 4.28418e-06 4.79035e-06 seconds or  353.293 MUPD/s or  4.23952 GB/s
STREAM triad of size     1640 : min/avg/max:  4.1793e-06 4.25828e-06  4.8759e-06 seconds or   392.41 MUPD/s or  4.70892 GB/s
STREAM triad of size     1808 : min/avg/max:  4.2101e-06  4.2863e-06 4.71205e-06 seconds or  429.443 MUPD/s or  5.15332 GB/s
STREAM triad of size     1992 : min/avg/max: 4.24405e-06 4.34333e-06 4.85955e-06 seconds or  469.363 MUPD/s or  5.63236 GB/s
STREAM triad of size     2192 : min/avg/max: 4.20325e-06 4.30934e-06  4.8418e-06 seconds or  521.501 MUPD/s or  6.25801 GB/s
STREAM triad of size     2416 : min/avg/max: 4.06535e-06 4.26539e-06  5.5033e-06 seconds or  594.291 MUPD/s or  7.13149 GB/s
STREAM triad of size     2664 : min/avg/max:  4.0841e-06  4.2163e-06 4.71645e-06 seconds or  652.286 MUPD/s or  7.82743 GB/s
STREAM triad of size     2936 : min/avg/max: 4.09275e-06 4.20806e-06  4.6725e-06 seconds or  717.366 MUPD/s or  8.60839 GB/s
STREAM triad of size     3232 : min/avg/max: 4.07775e-06 4.17723e-06 4.68545e-06 seconds or  792.594 MUPD/s or  9.51113 GB/s
STREAM triad of size     3560 : min/avg/max: 4.06395e-06 4.20972e-06 4.67095e-06 seconds or  875.995 MUPD/s or  10.5119 GB/s
STREAM triad of size     3920 : min/avg/max:  4.0528e-06 4.16794e-06 4.91365e-06 seconds or  967.233 MUPD/s or  11.6068 GB/s
STREAM triad of size     4320 : min/avg/max: 4.05915e-06 4.16947e-06  4.6015e-06 seconds or  1064.26 MUPD/s or  12.7711 GB/s
STREAM triad of size     4760 : min/avg/max: 4.06055e-06 4.18601e-06  4.7128e-06 seconds or  1172.25 MUPD/s or  14.0671 GB/s
STREAM triad of size     5240 : min/avg/max: 4.12165e-06 4.23751e-06  4.6374e-06 seconds or  1271.34 MUPD/s or   15.256 GB/s
STREAM triad of size     5768 : min/avg/max: 4.07785e-06 4.22193e-06  4.7438e-06 seconds or  1414.47 MUPD/s or  16.9737 GB/s
STREAM triad of size     6352 : min/avg/max: 4.04525e-06 4.21006e-06 4.66025e-06 seconds or  1570.24 MUPD/s or  18.8428 GB/s
STREAM triad of size     6992 : min/avg/max: 4.10385e-06 4.23021e-06 4.76805e-06 seconds or  1703.77 MUPD/s or  20.4452 GB/s
STREAM triad of size     7696 : min/avg/max: 4.07835e-06 4.19462e-06  4.7137e-06 seconds or  1887.04 MUPD/s or  22.6445 GB/s
STREAM triad of size     8472 : min/avg/max:   4.084e-06 4.19892e-06 4.60515e-06 seconds or  2074.44 MUPD/s or  24.8932 GB/s
STREAM triad of size     9320 : min/avg/max: 4.10175e-06 4.23054e-06  4.6622e-06 seconds or   2272.2 MUPD/s or  27.2664 GB/s
STREAM triad of size    10256 : min/avg/max: 4.06195e-06  4.2063e-06  4.6382e-06 seconds or   2524.9 MUPD/s or  30.2987 GB/s
STREAM triad of size    11288 : min/avg/max: 4.09235e-06 4.17655e-06 4.39225e-06 seconds or  2758.32 MUPD/s or  33.0998 GB/s
STREAM triad of size    12424 : min/avg/max:  4.0753e-06  5.0336e-06 2.04932e-05 seconds or  3048.61 MUPD/s or  36.5833 GB/s
STREAM triad of size    13672 : min/avg/max:   4.108e-06  4.2201e-06   4.697e-06 seconds or  3328.14 MUPD/s or  39.9377 GB/s
STREAM triad of size    15040 : min/avg/max:  4.1222e-06 4.24912e-06  4.6735e-06 seconds or  3648.54 MUPD/s or  43.7824 GB/s
STREAM triad of size    16552 : min/avg/max:  4.1034e-06 4.22628e-06 4.51675e-06 seconds or  4033.73 MUPD/s or  48.4047 GB/s
STREAM triad of size    18208 : min/avg/max: 4.11025e-06 4.24331e-06 4.73065e-06 seconds or   4429.9 MUPD/s or  53.1588 GB/s
STREAM triad of size    20032 : min/avg/max:  4.0749e-06 4.20445e-06 4.64315e-06 seconds or  4915.95 MUPD/s or  58.9914 GB/s
STREAM triad of size    22040 : min/avg/max:  4.1047e-06  4.2336e-06  4.9029e-06 seconds or  5369.45 MUPD/s or  64.4335 GB/s
STREAM triad of size    24248 : min/avg/max: 4.07955e-06 4.19592e-06 4.82555e-06 seconds or  5943.79 MUPD/s or  71.3255 GB/s
STREAM triad of size    26680 : min/avg/max:  4.0883e-06 4.15615e-06   4.439e-06 seconds or  6525.94 MUPD/s or  78.3113 GB/s
STREAM triad of size    29352 : min/avg/max: 4.12395e-06 4.23615e-06 4.69365e-06 seconds or  7117.45 MUPD/s or  85.4094 GB/s
STREAM triad of size    32288 : min/avg/max:  4.1132e-06 4.22471e-06 4.69235e-06 seconds or  7849.85 MUPD/s or  94.1982 GB/s
STREAM triad of size    35520 : min/avg/max: 4.08665e-06  4.2189e-06  4.6572e-06 seconds or  8691.72 MUPD/s or  104.301 GB/s
STREAM triad of size    39080 : min/avg/max:  4.1089e-06 4.24181e-06  4.7462e-06 seconds or  9511.06 MUPD/s or  114.133 GB/s
STREAM triad of size    42992 : min/avg/max: 4.12495e-06 4.25029e-06  4.5504e-06 seconds or  10422.4 MUPD/s or  125.069 GB/s
STREAM triad of size    47296 : min/avg/max: 4.07315e-06 4.20369e-06  4.6694e-06 seconds or  11611.7 MUPD/s or   139.34 GB/s
STREAM triad of size    52032 : min/avg/max:  4.1177e-06 4.26733e-06 4.72965e-06 seconds or  12636.2 MUPD/s or  151.634 GB/s
STREAM triad of size    57240 : min/avg/max:  4.1734e-06 4.28533e-06 4.68095e-06 seconds or  13715.4 MUPD/s or  164.585 GB/s
STREAM triad of size    62968 : min/avg/max:  4.1105e-06 4.24497e-06  4.6664e-06 seconds or  15318.8 MUPD/s or  183.826 GB/s
STREAM triad of size    69272 : min/avg/max: 4.11485e-06 4.25244e-06  4.6933e-06 seconds or  16834.6 MUPD/s or  202.016 GB/s
STREAM triad of size    76200 : min/avg/max: 4.08575e-06 4.20995e-06  4.6541e-06 seconds or  18650.2 MUPD/s or  223.802 GB/s
STREAM triad of size    83824 : min/avg/max:  4.1255e-06 4.29063e-06  4.7479e-06 seconds or  20318.5 MUPD/s or  243.822 GB/s
STREAM triad of size    92208 : min/avg/max:  4.2485e-06 4.33071e-06  4.6694e-06 seconds or  21703.7 MUPD/s or  260.444 GB/s
STREAM triad of size   101432 : min/avg/max: 4.28845e-06 4.39798e-06 4.70495e-06 seconds or  23652.4 MUPD/s or  283.828 GB/s
STREAM triad of size   111576 : min/avg/max: 4.48295e-06 4.55351e-06  4.8133e-06 seconds or    24889 MUPD/s or  298.668 GB/s
STREAM triad of size   122736 : min/avg/max:  4.6332e-06 4.71379e-06  4.9978e-06 seconds or  26490.5 MUPD/s or  317.887 GB/s
STREAM triad of size   135016 : min/avg/max: 4.82645e-06 4.92762e-06  5.2184e-06 seconds or  27974.2 MUPD/s or   335.69 GB/s
STREAM triad of size   148520 : min/avg/max: 5.04245e-06 5.10341e-06  5.3937e-06 seconds or  29453.9 MUPD/s or  353.447 GB/s
STREAM triad of size   163376 : min/avg/max:  5.2659e-06 5.32866e-06  5.5873e-06 seconds or  31025.3 MUPD/s or  372.303 GB/s
STREAM triad of size   179720 : min/avg/max: 5.54215e-06 5.62092e-06   6.277e-06 seconds or  32427.8 MUPD/s or  389.134 GB/s
STREAM triad of size   197696 : min/avg/max:  5.7773e-06 5.83843e-06  6.0663e-06 seconds or  34219.4 MUPD/s or  410.633 GB/s
STREAM triad of size   217472 : min/avg/max: 6.05125e-06 6.11548e-06  6.3968e-06 seconds or  35938.4 MUPD/s or   431.26 GB/s
STREAM triad of size   239224 : min/avg/max: 6.44175e-06 6.49388e-06 6.80955e-06 seconds or  37136.5 MUPD/s or  445.638 GB/s
STREAM triad of size   263152 : min/avg/max: 6.73345e-06 6.81745e-06 7.10475e-06 seconds or  39081.3 MUPD/s or  468.976 GB/s
STREAM triad of size   289472 : min/avg/max:  7.2115e-06 7.28235e-06 7.57805e-06 seconds or  40140.3 MUPD/s or  481.684 GB/s
STREAM triad of size   318424 : min/avg/max:  7.6076e-06 7.68831e-06  7.9309e-06 seconds or    41856 MUPD/s or  502.272 GB/s
STREAM triad of size   350272 : min/avg/max: 1.17767e-05 1.18614e-05 1.20958e-05 seconds or  29742.7 MUPD/s or  356.912 GB/s
STREAM triad of size   385304 : min/avg/max: 1.96758e-05 2.02292e-05 2.04751e-05 seconds or  19582.6 MUPD/s or  234.992 GB/s
STREAM triad of size   423840 : min/avg/max: 2.14253e-05 2.20511e-05 3.10455e-05 seconds or  19782.2 MUPD/s or  237.386 GB/s
STREAM triad of size   466232 : min/avg/max: 2.36356e-05 2.37159e-05 2.37857e-05 seconds or  19725.8 MUPD/s or   236.71 GB/s
STREAM triad of size   512856 : min/avg/max: 2.53503e-05 2.55207e-05 2.58687e-05 seconds or  20230.7 MUPD/s or  242.769 GB/s
STREAM triad of size   564144 : min/avg/max: 2.84479e-05  2.8545e-05 2.87268e-05 seconds or  19830.8 MUPD/s or   237.97 GB/s
STREAM triad of size   620560 : min/avg/max: 3.12472e-05 3.13171e-05   3.155e-05 seconds or  19859.7 MUPD/s or  238.316 GB/s
STREAM triad of size   682624 : min/avg/max: 3.42863e-05 3.43584e-05 3.46826e-05 seconds or  19909.5 MUPD/s or  238.914 GB/s
STREAM triad of size   750888 : min/avg/max: 3.75037e-05 3.75894e-05 3.83689e-05 seconds or  20021.7 MUPD/s or   240.26 GB/s
STREAM triad of size   825984 : min/avg/max: 4.08583e-05 4.10432e-05  4.3038e-05 seconds or  20215.8 MUPD/s or   242.59 GB/s
STREAM triad of size   908584 : min/avg/max: 4.46938e-05 4.48216e-05  4.5087e-05 seconds or  20329.1 MUPD/s or  243.949 GB/s
STREAM triad of size   999448 : min/avg/max:  4.8882e-05 4.89878e-05 4.94761e-05 seconds or  20446.2 MUPD/s or  245.354 GB/s
STREAM triad of size  1099400 : min/avg/max:  5.3847e-05  5.3918e-05 5.42333e-05 seconds or  20417.1 MUPD/s or  245.005 GB/s
STREAM triad of size  1209344 : min/avg/max: 5.87848e-05 5.88819e-05 5.93847e-05 seconds or  20572.4 MUPD/s or  246.869 GB/s
STREAM triad of size  1330280 : min/avg/max: 6.44947e-05 6.45783e-05 6.49796e-05 seconds or  20626.2 MUPD/s or  247.514 GB/s
STREAM triad of size  1463312 : min/avg/max: 7.06672e-05 7.07474e-05 7.13393e-05 seconds or  20707.1 MUPD/s or  248.485 GB/s
STREAM triad of size  1609648 : min/avg/max: 7.77593e-05 7.77948e-05 7.80275e-05 seconds or  20700.4 MUPD/s or  248.405 GB/s
STREAM triad of size  1770616 : min/avg/max: 8.52657e-05 8.53142e-05   8.558e-05 seconds or  20765.9 MUPD/s or   249.19 GB/s
STREAM triad of size  1947680 : min/avg/max: 9.35967e-05 9.36459e-05 9.38582e-05 seconds or  20809.3 MUPD/s or  249.712 GB/s
STREAM triad of size  2142456 : min/avg/max:  0.00010223 0.000102307 0.000102594 seconds or  20957.3 MUPD/s or  251.488 GB/s
STREAM triad of size  2356704 : min/avg/max: 0.000112266 0.000112326 0.000112584 seconds or  20992.2 MUPD/s or  251.907 GB/s
STREAM triad of size  2592376 : min/avg/max: 0.000123094 0.000123181  0.00012346 seconds or  21060.1 MUPD/s or  252.721 GB/s
STREAM triad of size  2851616 : min/avg/max: 0.000135267 0.000135339  0.00013567 seconds or  21081.5 MUPD/s or  252.977 GB/s
STREAM triad of size  3136784 : min/avg/max: 0.000148731 0.000148804  0.00014908 seconds or  21090.4 MUPD/s or  253.084 GB/s
STREAM triad of size  3450464 : min/avg/max:  0.00016306 0.000163133 0.000163479 seconds or  21160.7 MUPD/s or  253.928 GB/s
STREAM triad of size  3795512 : min/avg/max: 0.000179106 0.000179199 0.000179743 seconds or  21191.4 MUPD/s or  254.297 GB/s
STREAM triad of size  4175064 : min/avg/max: 0.000196856 0.000196961 0.000197414 seconds or  21208.8 MUPD/s or  254.505 GB/s
STREAM triad of size  4592576 : min/avg/max: 0.000216863  0.00021701 0.000217504 seconds or  21177.3 MUPD/s or  254.128 GB/s
STREAM triad of size  5051840 : min/avg/max: 0.000238071  0.00023817 0.000238954 seconds or  21219.9 MUPD/s or  254.638 GB/s
STREAM triad of size  5557032 : min/avg/max: 0.000261526 0.000261749 0.000263101 seconds or  21248.5 MUPD/s or  254.982 GB/s
STREAM triad of size  6112736 : min/avg/max:  0.00028733 0.000287428 0.000288141 seconds or  21274.3 MUPD/s or  255.292 GB/s
STREAM triad of size  6724016 : min/avg/max: 0.000315781  0.00031594 0.000317101 seconds or  21293.3 MUPD/s or   255.52 GB/s
STREAM triad of size  7396424 : min/avg/max: 0.000346896 0.000347034 0.000348197 seconds or  21321.7 MUPD/s or  255.861 GB/s
STREAM triad of size  8136072 : min/avg/max: 0.000382217 0.000382372 0.000383655 seconds or  21286.5 MUPD/s or  255.438 GB/s
STREAM triad of size  8949680 : min/avg/max: 0.000420073 0.000420275 0.000421499 seconds or    21305 MUPD/s or  255.661 GB/s
STREAM triad of size  9844656 : min/avg/max: 0.000461983 0.000462119  0.00046354 seconds or  21309.6 MUPD/s or  255.715 GB/s
STREAM triad of size 10829128 : min/avg/max: 0.000507606 0.000507818  0.00050945 seconds or  21333.7 MUPD/s or  256.005 GB/s
STREAM triad of size 11912048 : min/avg/max:  0.00055926 0.000559612 0.000563311 seconds or  21299.7 MUPD/s or  255.596 GB/s
STREAM triad of size 13103256 : min/avg/max: 0.000614128 0.000614263 0.000615818 seconds or  21336.4 MUPD/s or  256.036 GB/s
STREAM triad of size 14413584 : min/avg/max: 0.000675209  0.00067536 0.000676826 seconds or  21346.9 MUPD/s or  256.162 GB/s
STREAM triad of size 15854944 : min/avg/max: 0.000741987 0.000742234 0.000743962 seconds or  21368.2 MUPD/s or  256.419 GB/s
STREAM triad of size 17440440 : min/avg/max: 0.000816866 0.000817061 0.000818637 seconds or  21350.4 MUPD/s or  256.205 GB/s
STREAM triad of size 19184488 : min/avg/max: 0.000897534  0.00089771 0.000899352 seconds or  21374.7 MUPD/s or  256.496 GB/s
STREAM triad of size 21102944 : min/avg/max: 0.000988502 0.000988788 0.000990309 seconds or  21348.4 MUPD/s or  256.181 GB/s
STREAM triad of size 23213240 : min/avg/max:  0.00108252   0.0010827  0.00108422 seconds or  21443.6 MUPD/s or  257.324 GB/s
STREAM triad of size 25534568 : min/avg/max:  0.00119404  0.00119425  0.00119601 seconds or    21385 MUPD/s or   256.62 GB/s
STREAM triad of size 28088032 : min/avg/max:  0.00131415  0.00131435  0.00131618 seconds or  21373.5 MUPD/s or  256.482 GB/s
STREAM triad of size 30896840 : min/avg/max:  0.00144509  0.00144536  0.00144702 seconds or  21380.6 MUPD/s or  256.567 GB/s
STREAM triad of size 33986528 : min/avg/max:  0.00158889  0.00158926  0.00159075 seconds or  21390.1 MUPD/s or  256.682 GB/s
STREAM triad of size 37385184 : min/avg/max:  0.00174819  0.00174842  0.00175026 seconds or    21385 MUPD/s or   256.62 GB/s
STREAM triad of size 41123704 : min/avg/max:  0.00192304  0.00192323  0.00192506 seconds or  21384.8 MUPD/s or  256.617 GB/s
STREAM triad of size 45236080 : min/avg/max:  0.00211369  0.00211404  0.00211559 seconds or  21401.4 MUPD/s or  256.817 GB/s
STREAM triad of size 49759696 : min/avg/max:  0.00232533  0.00232593  0.00233198 seconds or    21399 MUPD/s or  256.788 GB/s
STREAM triad of size 54735672 : min/avg/max:   0.0025571  0.00255753  0.00255927 seconds or  21405.4 MUPD/s or  256.864 GB/s
STREAM triad of size 60209240 : min/avg/max:  0.00281285  0.00281314  0.00281469 seconds or  21405.1 MUPD/s or  256.861 GB/s
STREAM triad of size 66230168 : min/avg/max:  0.00309729  0.00309767  0.00309903 seconds or  21383.2 MUPD/s or  256.599 GB/s
STREAM triad of size 72853192 : min/avg/max:  0.00340278  0.00340338  0.00340493 seconds or  21409.9 MUPD/s or  256.919 GB/s
STREAM triad of size 80138512 : min/avg/max:  0.00374345  0.00374373  0.00374547 seconds or  21407.6 MUPD/s or  256.892 GB/s
STREAM triad of size 88152368 : min/avg/max:  0.00411827  0.00411904  0.00412091 seconds or  21405.2 MUPD/s or  256.862 GB/s
STREAM triad of size 96967608 : min/avg/max:  0.00452924  0.00452983  0.00453183 seconds or  21409.3 MUPD/s or  256.911 GB/s
