STREAM triad of size        8 : min/avg/max:  5.4263e-06 5.62925e-06 6.48585e-06 seconds or   1.4743 MUPD/s or 0.0176916 GB/s
STREAM triad of size       16 : min/avg/max: 5.38105e-06 5.53748e-06  6.1423e-06 seconds or   2.9734 MUPD/s or 0.0356808 GB/s
STREAM triad of size       24 : min/avg/max: 5.29345e-06 5.50426e-06  6.4629e-06 seconds or  4.53391 MUPD/s or 0.0544069 GB/s
STREAM triad of size       32 : min/avg/max: 5.27905e-06 5.43638e-06 5.84655e-06 seconds or   6.0617 MUPD/s or 0.0727404 GB/s
STREAM triad of size       40 : min/avg/max:  5.3513e-06 5.48806e-06  6.0106e-06 seconds or  7.47482 MUPD/s or 0.0896978 GB/s
STREAM triad of size       48 : min/avg/max: 5.29405e-06 5.42738e-06 6.08885e-06 seconds or  9.06678 MUPD/s or 0.108801 GB/s
STREAM triad of size       56 : min/avg/max:  4.9874e-06 5.12443e-06  5.7151e-06 seconds or  11.2283 MUPD/s or  0.13474 GB/s
STREAM triad of size       64 : min/avg/max: 4.99925e-06 5.17604e-06 5.85725e-06 seconds or  12.8019 MUPD/s or 0.153623 GB/s
STREAM triad of size       72 : min/avg/max: 5.09205e-06 5.20797e-06  5.8092e-06 seconds or  14.1397 MUPD/s or 0.169676 GB/s
STREAM triad of size       80 : min/avg/max:  5.0015e-06  5.1528e-06 5.78185e-06 seconds or  15.9952 MUPD/s or 0.191942 GB/s
STREAM triad of size       96 : min/avg/max:  4.7431e-06 5.00795e-06  6.3646e-06 seconds or  20.2399 MUPD/s or 0.242879 GB/s
STREAM triad of size      112 : min/avg/max:  4.8207e-06 4.92933e-06  5.6042e-06 seconds or  23.2331 MUPD/s or 0.278798 GB/s
STREAM triad of size      128 : min/avg/max:  4.7447e-06  4.8757e-06 5.57525e-06 seconds or  26.9775 MUPD/s or  0.32373 GB/s
STREAM triad of size      144 : min/avg/max:  4.7751e-06 4.87845e-06  5.5087e-06 seconds or  30.1564 MUPD/s or 0.361877 GB/s
STREAM triad of size      160 : min/avg/max:  4.7708e-06 4.88836e-06 5.52165e-06 seconds or  33.5374 MUPD/s or 0.402448 GB/s
STREAM triad of size      184 : min/avg/max:  4.5276e-06 4.69406e-06 6.23235e-06 seconds or  40.6396 MUPD/s or 0.487676 GB/s
STREAM triad of size      208 : min/avg/max: 4.51135e-06 4.62129e-06  5.2157e-06 seconds or  46.1059 MUPD/s or 0.553271 GB/s
STREAM triad of size      232 : min/avg/max:  4.5585e-06 4.68705e-06  5.3351e-06 seconds or  50.8939 MUPD/s or 0.610727 GB/s
STREAM triad of size      256 : min/avg/max:  4.5785e-06  4.6816e-06  5.2909e-06 seconds or  55.9135 MUPD/s or 0.670962 GB/s
STREAM triad of size      288 : min/avg/max: 4.50415e-06 4.65067e-06  5.3454e-06 seconds or   63.941 MUPD/s or 0.767292 GB/s
STREAM triad of size      320 : min/avg/max: 4.32105e-06 4.45015e-06  4.9942e-06 seconds or  74.0561 MUPD/s or 0.888673 GB/s
STREAM triad of size      360 : min/avg/max: 4.31975e-06 4.46445e-06  4.9596e-06 seconds or  83.3382 MUPD/s or  1.00006 GB/s
STREAM triad of size      400 : min/avg/max:  4.3777e-06 4.51093e-06 5.10485e-06 seconds or  91.3722 MUPD/s or  1.09647 GB/s
STREAM triad of size      448 : min/avg/max: 4.38315e-06 4.55951e-06 5.06835e-06 seconds or   102.21 MUPD/s or  1.22652 GB/s
STREAM triad of size      496 : min/avg/max: 4.46535e-06 4.56014e-06 4.88015e-06 seconds or  111.078 MUPD/s or  1.33293 GB/s
STREAM triad of size      552 : min/avg/max: 4.23475e-06 4.41005e-06 5.90625e-06 seconds or   130.35 MUPD/s or   1.5642 GB/s
STREAM triad of size      608 : min/avg/max:  4.2611e-06 4.35814e-06 4.74285e-06 seconds or  142.686 MUPD/s or  1.71223 GB/s
STREAM triad of size      672 : min/avg/max:  4.1396e-06 4.30729e-06 4.77995e-06 seconds or  162.335 MUPD/s or  1.94801 GB/s
STREAM triad of size      744 : min/avg/max:   4.144e-06 4.26805e-06 4.71835e-06 seconds or  179.537 MUPD/s or  2.15444 GB/s
STREAM triad of size      824 : min/avg/max: 4.14645e-06 4.26503e-06 4.66465e-06 seconds or  198.724 MUPD/s or  2.38469 GB/s
STREAM triad of size      912 : min/avg/max:  3.9879e-06 4.19971e-06 5.42535e-06 seconds or  228.692 MUPD/s or   2.7443 GB/s
STREAM triad of size     1008 : min/avg/max:  3.9866e-06 4.06051e-06  4.3279e-06 seconds or  252.847 MUPD/s or  3.03416 GB/s
STREAM triad of size     1112 : min/avg/max: 4.00315e-06 4.10919e-06  4.6476e-06 seconds or  277.781 MUPD/s or  3.33337 GB/s
STREAM triad of size     1224 : min/avg/max:  4.0076e-06 4.07793e-06  4.4957e-06 seconds or   305.42 MUPD/s or  3.66504 GB/s
STREAM triad of size     1352 : min/avg/max: 4.01915e-06 4.97591e-06 2.06418e-05 seconds or   336.39 MUPD/s or  4.03667 GB/s
STREAM triad of size     1488 : min/avg/max: 4.03685e-06 4.16797e-06  4.7571e-06 seconds or  368.604 MUPD/s or  4.42325 GB/s
STREAM triad of size     1640 : min/avg/max: 4.07295e-06 4.20564e-06 4.73465e-06 seconds or  402.657 MUPD/s or  4.83188 GB/s
STREAM triad of size     1808 : min/avg/max:  4.0912e-06 4.19798e-06  4.7075e-06 seconds or  441.924 MUPD/s or  5.30309 GB/s
STREAM triad of size     1992 : min/avg/max:  4.1268e-06 4.24011e-06  4.7062e-06 seconds or  482.698 MUPD/s or  5.79238 GB/s
STREAM triad of size     2192 : min/avg/max: 4.03115e-06  4.1389e-06 4.50445e-06 seconds or  543.765 MUPD/s or  6.52519 GB/s
STREAM triad of size     2416 : min/avg/max:  4.0151e-06 4.14377e-06 4.72955e-06 seconds or  601.728 MUPD/s or  7.22074 GB/s
STREAM triad of size     2664 : min/avg/max: 4.00365e-06 4.12235e-06  4.6148e-06 seconds or  665.393 MUPD/s or  7.98471 GB/s
STREAM triad of size     2936 : min/avg/max: 4.02555e-06 4.15099e-06 4.55175e-06 seconds or  729.341 MUPD/s or   8.7521 GB/s
STREAM triad of size     3232 : min/avg/max:  4.0244e-06 4.13503e-06  4.5553e-06 seconds or  803.101 MUPD/s or  9.63721 GB/s
STREAM triad of size     3560 : min/avg/max:  4.0596e-06 4.14991e-06  4.6131e-06 seconds or  876.934 MUPD/s or  10.5232 GB/s
STREAM triad of size     3920 : min/avg/max:  3.9242e-06 4.11333e-06  4.7517e-06 seconds or   998.93 MUPD/s or  11.9872 GB/s
STREAM triad of size     4320 : min/avg/max: 4.03625e-06 4.14144e-06 4.45585e-06 seconds or   1070.3 MUPD/s or  12.8436 GB/s
STREAM triad of size     4760 : min/avg/max:  4.0142e-06  4.1368e-06 4.56735e-06 seconds or  1185.79 MUPD/s or  14.2295 GB/s
STREAM triad of size     5240 : min/avg/max: 4.01675e-06 4.11781e-06 4.52175e-06 seconds or  1304.54 MUPD/s or  15.6544 GB/s
STREAM triad of size     5768 : min/avg/max: 4.06495e-06 4.14904e-06  4.6865e-06 seconds or  1418.96 MUPD/s or  17.0275 GB/s
STREAM triad of size     6352 : min/avg/max: 3.93645e-06  4.1145e-06 4.74095e-06 seconds or  1613.64 MUPD/s or  19.3636 GB/s
STREAM triad of size     6992 : min/avg/max: 3.95705e-06 4.07449e-06  4.5583e-06 seconds or  1766.97 MUPD/s or  21.2037 GB/s
STREAM triad of size     7696 : min/avg/max: 3.99825e-06  4.1236e-06  4.6408e-06 seconds or  1924.84 MUPD/s or  23.0981 GB/s
STREAM triad of size     8472 : min/avg/max:  4.0139e-06 4.11196e-06 4.54235e-06 seconds or  2110.67 MUPD/s or   25.328 GB/s
STREAM triad of size     9320 : min/avg/max: 4.03125e-06 4.13007e-06  4.3902e-06 seconds or  2311.94 MUPD/s or  27.7433 GB/s
STREAM triad of size    10256 : min/avg/max:  4.0297e-06 4.13185e-06 4.58485e-06 seconds or   2545.1 MUPD/s or  30.5412 GB/s
STREAM triad of size    11288 : min/avg/max:  4.0225e-06   4.149e-06  4.6301e-06 seconds or  2806.22 MUPD/s or  33.6746 GB/s
STREAM triad of size    12424 : min/avg/max:  4.0245e-06 4.14794e-06  4.5644e-06 seconds or  3087.09 MUPD/s or  37.0451 GB/s
STREAM triad of size    13672 : min/avg/max: 4.05065e-06 4.18372e-06  4.6877e-06 seconds or  3375.26 MUPD/s or  40.5031 GB/s
STREAM triad of size    15040 : min/avg/max:  4.0175e-06 4.13781e-06 4.45205e-06 seconds or  3743.62 MUPD/s or  44.9235 GB/s
STREAM triad of size    16552 : min/avg/max:  3.9856e-06 4.09879e-06 4.57455e-06 seconds or  4152.95 MUPD/s or  49.8354 GB/s
STREAM triad of size    18208 : min/avg/max:  3.9764e-06 4.14392e-06  4.6272e-06 seconds or  4579.02 MUPD/s or  54.9482 GB/s
STREAM triad of size    20032 : min/avg/max: 4.00925e-06 4.11658e-06 4.62705e-06 seconds or  4996.45 MUPD/s or  59.9573 GB/s
STREAM triad of size    22040 : min/avg/max: 3.99925e-06 4.13895e-06  5.0332e-06 seconds or  5511.03 MUPD/s or  66.1324 GB/s
STREAM triad of size    24248 : min/avg/max:  4.0358e-06 4.15604e-06  4.5789e-06 seconds or  6008.23 MUPD/s or  72.0987 GB/s
STREAM triad of size    26680 : min/avg/max: 4.04015e-06 4.13482e-06 4.64885e-06 seconds or  6603.72 MUPD/s or  79.2446 GB/s
STREAM triad of size    29352 : min/avg/max: 3.98605e-06 4.08186e-06   4.573e-06 seconds or  7363.68 MUPD/s or  88.3642 GB/s
STREAM triad of size    32288 : min/avg/max:  4.0307e-06 4.15503e-06  4.6151e-06 seconds or  8010.52 MUPD/s or  96.1262 GB/s
STREAM triad of size    35520 : min/avg/max: 3.99225e-06 4.13533e-06 4.67995e-06 seconds or  8897.24 MUPD/s or  106.767 GB/s
STREAM triad of size    39080 : min/avg/max: 3.99795e-06 4.12485e-06 4.72855e-06 seconds or  9775.01 MUPD/s or    117.3 GB/s
STREAM triad of size    42992 : min/avg/max:  4.0687e-06 4.18523e-06  4.5177e-06 seconds or  10566.5 MUPD/s or  126.798 GB/s
STREAM triad of size    47296 : min/avg/max:  4.1397e-06 4.26913e-06 4.60425e-06 seconds or    11425 MUPD/s or    137.1 GB/s
STREAM triad of size    52032 : min/avg/max: 4.21965e-06 4.31169e-06  4.6575e-06 seconds or  12330.9 MUPD/s or  147.971 GB/s
STREAM triad of size    57240 : min/avg/max:   4.299e-06 4.39984e-06  4.6443e-06 seconds or  13314.7 MUPD/s or  159.777 GB/s
STREAM triad of size    62968 : min/avg/max:  4.4503e-06  4.5257e-06  4.7618e-06 seconds or  14149.2 MUPD/s or   169.79 GB/s
STREAM triad of size    69272 : min/avg/max:  4.5021e-06 4.59336e-06 5.17195e-06 seconds or  15386.6 MUPD/s or  184.639 GB/s
STREAM triad of size    76200 : min/avg/max:  4.5738e-06  4.6408e-06  4.8557e-06 seconds or  16660.1 MUPD/s or  199.921 GB/s
STREAM triad of size    83824 : min/avg/max: 4.84175e-06 4.93408e-06 5.23065e-06 seconds or  17312.7 MUPD/s or  207.753 GB/s
STREAM triad of size    92208 : min/avg/max:  5.0328e-06 5.11748e-06 5.57405e-06 seconds or  18321.4 MUPD/s or  219.857 GB/s
STREAM triad of size   101432 : min/avg/max: 5.13175e-06 5.19146e-06  5.4109e-06 seconds or  19765.6 MUPD/s or  237.187 GB/s
STREAM triad of size   111576 : min/avg/max:  5.3188e-06 5.37635e-06   5.618e-06 seconds or  20977.7 MUPD/s or  251.732 GB/s
STREAM triad of size   122736 : min/avg/max: 5.52645e-06  5.5657e-06 5.76895e-06 seconds or  22208.8 MUPD/s or  266.506 GB/s
STREAM triad of size   135016 : min/avg/max: 5.79565e-06 5.84985e-06   6.087e-06 seconds or  23296.1 MUPD/s or  279.553 GB/s
STREAM triad of size   148520 : min/avg/max:  6.0185e-06 6.07786e-06 6.31825e-06 seconds or  24677.2 MUPD/s or  296.127 GB/s
STREAM triad of size   163376 : min/avg/max:  6.2858e-06 6.34842e-06 6.60575e-06 seconds or  25991.3 MUPD/s or  311.895 GB/s
STREAM triad of size   179720 : min/avg/max:  6.6274e-06 6.70016e-06  6.9312e-06 seconds or  27117.7 MUPD/s or  325.413 GB/s
STREAM triad of size   197696 : min/avg/max:  6.9306e-06 7.01027e-06  7.2888e-06 seconds or  28525.1 MUPD/s or  342.301 GB/s
STREAM triad of size   217472 : min/avg/max: 7.37075e-06 7.44747e-06 8.04175e-06 seconds or  29504.7 MUPD/s or  354.057 GB/s
STREAM triad of size   239224 : min/avg/max: 7.74385e-06  7.8212e-06  8.0715e-06 seconds or  30892.1 MUPD/s or  370.706 GB/s
STREAM triad of size   263152 : min/avg/max: 8.13365e-06 8.19232e-06 8.46325e-06 seconds or  32353.5 MUPD/s or  388.242 GB/s
STREAM triad of size   289472 : min/avg/max: 8.66965e-06 8.71137e-06  8.9542e-06 seconds or  33389.1 MUPD/s or  400.669 GB/s
STREAM triad of size   318424 : min/avg/max:  9.1414e-06 9.22834e-06  9.5128e-06 seconds or  34833.2 MUPD/s or  417.998 GB/s
STREAM triad of size   350272 : min/avg/max: 1.29273e-05   1.304e-05 1.33014e-05 seconds or  27095.4 MUPD/s or  325.145 GB/s
STREAM triad of size   385304 : min/avg/max: 1.99314e-05  2.0507e-05 2.06949e-05 seconds or  19331.5 MUPD/s or  231.978 GB/s
STREAM triad of size   423840 : min/avg/max: 2.17816e-05 2.20369e-05 2.22976e-05 seconds or  19458.6 MUPD/s or  233.504 GB/s
STREAM triad of size   466232 : min/avg/max: 2.40929e-05   2.423e-05 2.43621e-05 seconds or  19351.4 MUPD/s or  232.217 GB/s
STREAM triad of size   512856 : min/avg/max: 2.60376e-05 2.61162e-05 2.62417e-05 seconds or  19696.7 MUPD/s or  236.361 GB/s
STREAM triad of size   564144 : min/avg/max: 2.85296e-05 2.91348e-05 2.96136e-05 seconds or    19774 MUPD/s or  237.287 GB/s
STREAM triad of size   620560 : min/avg/max: 3.12608e-05 3.13596e-05 3.15397e-05 seconds or  19851.1 MUPD/s or  238.213 GB/s
STREAM triad of size   682624 : min/avg/max: 3.43497e-05 3.45959e-05 3.75394e-05 seconds or  19872.8 MUPD/s or  238.473 GB/s
STREAM triad of size   750888 : min/avg/max: 3.74128e-05 3.74942e-05 3.77435e-05 seconds or  20070.4 MUPD/s or  240.844 GB/s
STREAM triad of size   825984 : min/avg/max: 4.07989e-05 4.08572e-05 4.10927e-05 seconds or  20245.3 MUPD/s or  242.943 GB/s
STREAM triad of size   908584 : min/avg/max: 4.45591e-05 4.46802e-05 4.50087e-05 seconds or  20390.6 MUPD/s or  244.687 GB/s
STREAM triad of size   999448 : min/avg/max: 4.87493e-05 4.88498e-05 4.91513e-05 seconds or  20501.8 MUPD/s or  246.022 GB/s
STREAM triad of size  1099400 : min/avg/max: 5.36483e-05 5.37188e-05  5.4005e-05 seconds or  20492.7 MUPD/s or  245.913 GB/s
STREAM triad of size  1209344 : min/avg/max: 5.86067e-05 5.86786e-05 5.89246e-05 seconds or  20634.9 MUPD/s or  247.619 GB/s
STREAM triad of size  1330280 : min/avg/max: 6.44604e-05 6.45311e-05 6.47932e-05 seconds or  20637.2 MUPD/s or  247.646 GB/s
STREAM triad of size  1463312 : min/avg/max: 7.05893e-05  7.0674e-05 7.09617e-05 seconds or  20729.9 MUPD/s or  248.759 GB/s
STREAM triad of size  1609648 : min/avg/max: 7.76239e-05 7.76889e-05 7.78863e-05 seconds or  20736.5 MUPD/s or  248.838 GB/s
STREAM triad of size  1770616 : min/avg/max: 8.51261e-05 8.51608e-05 8.53831e-05 seconds or  20799.9 MUPD/s or  249.599 GB/s
STREAM triad of size  1947680 : min/avg/max: 9.34299e-05 9.35076e-05 9.37201e-05 seconds or  20846.4 MUPD/s or  250.157 GB/s
STREAM triad of size  2142456 : min/avg/max: 0.000102084 0.000102143 0.000102472 seconds or  20987.2 MUPD/s or  251.846 GB/s
STREAM triad of size  2356704 : min/avg/max: 0.000112031 0.000112106 0.000112306 seconds or  21036.2 MUPD/s or  252.435 GB/s
STREAM triad of size  2592376 : min/avg/max: 0.000122916 0.000122985 0.000123269 seconds or  21090.6 MUPD/s or  253.087 GB/s
STREAM triad of size  2851616 : min/avg/max: 0.000135131 0.000135212 0.000135476 seconds or  21102.6 MUPD/s or  253.231 GB/s
STREAM triad of size  3136784 : min/avg/max: 0.000148513 0.000148572 0.000148775 seconds or  21121.3 MUPD/s or  253.455 GB/s
STREAM triad of size  3450464 : min/avg/max: 0.000162864 0.000162998  0.00016331 seconds or  21186.2 MUPD/s or  254.234 GB/s
STREAM triad of size  3795512 : min/avg/max: 0.000178895 0.000179009 0.000179405 seconds or  21216.4 MUPD/s or  254.597 GB/s
STREAM triad of size  4175064 : min/avg/max: 0.000196665 0.000196734 0.000197276 seconds or  21229.3 MUPD/s or  254.751 GB/s
STREAM triad of size  4592576 : min/avg/max: 0.000216629 0.000216732 0.000217418 seconds or  21200.2 MUPD/s or  254.402 GB/s
STREAM triad of size  5051840 : min/avg/max: 0.000237705 0.000237807  0.00023878 seconds or  21252.6 MUPD/s or  255.031 GB/s
STREAM triad of size  5557032 : min/avg/max: 0.000261141 0.000262059 0.000270933 seconds or  21279.8 MUPD/s or  255.358 GB/s
STREAM triad of size  6112736 : min/avg/max:    0.000287 0.000287162 0.000288451 seconds or  21298.8 MUPD/s or  255.585 GB/s
STREAM triad of size  6724016 : min/avg/max: 0.000315368 0.000315547 0.000316888 seconds or  21321.2 MUPD/s or  255.854 GB/s
STREAM triad of size  7396424 : min/avg/max: 0.000346582 0.000346722 0.000348267 seconds or    21341 MUPD/s or  256.092 GB/s
STREAM triad of size  8136072 : min/avg/max: 0.000381542 0.000381727 0.000383516 seconds or  21324.2 MUPD/s or   255.89 GB/s
STREAM triad of size  8949680 : min/avg/max: 0.000419191  0.00041945 0.000421764 seconds or  21349.9 MUPD/s or  256.199 GB/s
STREAM triad of size  9844656 : min/avg/max:  0.00046107 0.000461331  0.00046344 seconds or  21351.8 MUPD/s or  256.221 GB/s
STREAM triad of size 10829128 : min/avg/max: 0.000506858 0.000507048 0.000509124 seconds or  21365.2 MUPD/s or  256.383 GB/s
STREAM triad of size 11912048 : min/avg/max:  0.00055819 0.000558379 0.000560555 seconds or  21340.5 MUPD/s or  256.086 GB/s
STREAM triad of size 13103256 : min/avg/max: 0.000612982 0.000613224 0.000615842 seconds or  21376.3 MUPD/s or  256.515 GB/s
STREAM triad of size 14413584 : min/avg/max: 0.000674215 0.000674406 0.000676887 seconds or  21378.3 MUPD/s or   256.54 GB/s
STREAM triad of size 15854944 : min/avg/max: 0.000740664 0.000740899 0.000743139 seconds or  21406.4 MUPD/s or  256.877 GB/s
STREAM triad of size 17440440 : min/avg/max: 0.000815211 0.000815467 0.000817971 seconds or  21393.8 MUPD/s or  256.725 GB/s
STREAM triad of size 19184488 : min/avg/max: 0.000896258 0.000896448 0.000898832 seconds or  21405.1 MUPD/s or  256.861 GB/s
STREAM triad of size 21102944 : min/avg/max: 0.000986741 0.000987477 0.000991552 seconds or  21386.5 MUPD/s or  256.638 GB/s
STREAM triad of size 23213240 : min/avg/max:  0.00108089  0.00108115  0.00108327 seconds or    21476 MUPD/s or  257.712 GB/s
STREAM triad of size 25534568 : min/avg/max:    0.001192  0.00119223  0.00119485 seconds or  21421.7 MUPD/s or   257.06 GB/s
STREAM triad of size 28088032 : min/avg/max:  0.00131192  0.00131217  0.00131466 seconds or  21409.8 MUPD/s or  256.918 GB/s
STREAM triad of size 30896840 : min/avg/max:  0.00144267  0.00144288  0.00144532 seconds or  21416.5 MUPD/s or  256.998 GB/s
STREAM triad of size 33986528 : min/avg/max:    0.001586   0.0015864  0.00158876 seconds or  21429.1 MUPD/s or  257.149 GB/s
STREAM triad of size 37385184 : min/avg/max:  0.00174525  0.00174565  0.00174812 seconds or  21421.2 MUPD/s or  257.054 GB/s
STREAM triad of size 41123704 : min/avg/max:  0.00191939  0.00191998   0.0019264 seconds or  21425.4 MUPD/s or  257.105 GB/s
STREAM triad of size 45236080 : min/avg/max:  0.00211011  0.00211043  0.00211311 seconds or  21437.8 MUPD/s or  257.254 GB/s
STREAM triad of size 49759696 : min/avg/max:   0.0023212  0.00232213  0.00232955 seconds or    21437 MUPD/s or  257.244 GB/s
STREAM triad of size 54735672 : min/avg/max:  0.00255269  0.00255307  0.00255771 seconds or  21442.3 MUPD/s or  257.308 GB/s
STREAM triad of size 60209240 : min/avg/max:  0.00280754  0.00280827  0.00281068 seconds or  21445.5 MUPD/s or  257.346 GB/s
STREAM triad of size 66230168 : min/avg/max:   0.0030911  0.00309174  0.00309429 seconds or  21426.1 MUPD/s or  257.113 GB/s
STREAM triad of size 72853192 : min/avg/max:  0.00339695   0.0033972  0.00339973 seconds or  21446.7 MUPD/s or   257.36 GB/s
STREAM triad of size 80138512 : min/avg/max:  0.00373625  0.00373653  0.00373913 seconds or  21448.9 MUPD/s or  257.387 GB/s
STREAM triad of size 88152368 : min/avg/max:  0.00411099  0.00411151  0.00411616 seconds or  21443.1 MUPD/s or  257.317 GB/s
STREAM triad of size 96967608 : min/avg/max:    0.004521  0.00452144  0.00452397 seconds or  21448.3 MUPD/s or  257.379 GB/s
