STREAM triad of size        8 : min/avg/max: 3.68323e-09 4.36334e-09 6.12608e-09 seconds or  2172.01 MUPD/s or  26.0641 GB/s
STREAM triad of size       16 : min/avg/max: 4.71807e-09 4.75707e-09 4.84539e-09 seconds or  3391.22 MUPD/s or  40.6946 GB/s
STREAM triad of size       24 : min/avg/max: 6.04684e-09  6.1265e-09 6.26116e-09 seconds or  3969.02 MUPD/s or  47.6282 GB/s
STREAM triad of size       32 : min/avg/max: 7.45868e-09 7.53765e-09 7.65396e-09 seconds or   4290.3 MUPD/s or  51.4836 GB/s
STREAM triad of size       40 : min/avg/max: 8.80391e-09 8.90493e-09 9.10528e-09 seconds or  4543.43 MUPD/s or  54.5212 GB/s
STREAM triad of size       48 : min/avg/max: 1.01404e-08 1.15963e-08 2.19358e-08 seconds or  4733.53 MUPD/s or  56.8023 GB/s
STREAM triad of size       56 : min/avg/max: 1.15717e-08 1.16505e-08 1.18622e-08 seconds or  4839.41 MUPD/s or  58.0729 GB/s
STREAM triad of size       64 : min/avg/max: 1.28918e-08 1.29821e-08 1.32177e-08 seconds or  4964.38 MUPD/s or  59.5726 GB/s
STREAM triad of size       72 : min/avg/max: 1.42314e-08 1.43182e-08 1.45283e-08 seconds or  5059.23 MUPD/s or  60.7108 GB/s
STREAM triad of size       80 : min/avg/max: 1.55576e-08 1.56674e-08 1.58912e-08 seconds or  5142.19 MUPD/s or  61.7063 GB/s
STREAM triad of size       96 : min/avg/max: 1.82294e-08 1.83522e-08 1.86887e-08 seconds or  5266.21 MUPD/s or  63.1945 GB/s
STREAM triad of size      112 : min/avg/max: 2.09524e-08 2.12212e-08 2.17834e-08 seconds or  5345.45 MUPD/s or  64.1455 GB/s
STREAM triad of size      128 : min/avg/max: 2.36175e-08 2.37626e-08 2.41759e-08 seconds or  5419.72 MUPD/s or  65.0366 GB/s
STREAM triad of size      144 : min/avg/max:  2.6325e-08 2.64669e-08 2.69249e-08 seconds or  5470.09 MUPD/s or   65.641 GB/s
STREAM triad of size      160 : min/avg/max: 2.90399e-08 2.91858e-08 2.96745e-08 seconds or  5509.67 MUPD/s or   66.116 GB/s
STREAM triad of size      184 : min/avg/max: 3.30332e-08 3.32085e-08 3.38368e-08 seconds or  5570.16 MUPD/s or  66.8419 GB/s
STREAM triad of size      208 : min/avg/max: 3.70603e-08   3.723e-08 3.78481e-08 seconds or  5612.47 MUPD/s or  67.3496 GB/s
STREAM triad of size      232 : min/avg/max: 4.10931e-08 4.12732e-08 4.19812e-08 seconds or  5645.72 MUPD/s or  67.7487 GB/s
STREAM triad of size      256 : min/avg/max: 4.85319e-08 4.91446e-08 5.06084e-08 seconds or  5274.88 MUPD/s or  63.2986 GB/s
STREAM triad of size      288 : min/avg/max: 5.65838e-08 5.67917e-08 5.76168e-08 seconds or   5089.8 MUPD/s or  61.0776 GB/s
STREAM triad of size      320 : min/avg/max: 6.22758e-08 6.24489e-08 6.34016e-08 seconds or  5138.43 MUPD/s or  61.6612 GB/s
STREAM triad of size      360 : min/avg/max: 6.89751e-08  6.9166e-08  7.0223e-08 seconds or  5219.27 MUPD/s or  62.6313 GB/s
STREAM triad of size      400 : min/avg/max:  7.5666e-08 7.58981e-08 7.70939e-08 seconds or  5286.39 MUPD/s or  63.4367 GB/s
STREAM triad of size      448 : min/avg/max: 8.37028e-08 8.39879e-08 8.53074e-08 seconds or  5352.27 MUPD/s or  64.2273 GB/s
STREAM triad of size      496 : min/avg/max: 9.17391e-08 9.20027e-08 9.35004e-08 seconds or  5406.63 MUPD/s or  64.8796 GB/s
STREAM triad of size      552 : min/avg/max: 1.01116e-07 1.01423e-07 1.03069e-07 seconds or  5459.06 MUPD/s or  65.5087 GB/s
STREAM triad of size      608 : min/avg/max: 1.10494e-07 1.10817e-07 1.12595e-07 seconds or  5502.56 MUPD/s or  66.0307 GB/s
STREAM triad of size      672 : min/avg/max:  1.2121e-07 1.21564e-07 1.23586e-07 seconds or  5544.08 MUPD/s or   66.529 GB/s
STREAM triad of size      744 : min/avg/max: 1.33252e-07 1.33695e-07  1.3583e-07 seconds or  5583.41 MUPD/s or  67.0009 GB/s
STREAM triad of size      824 : min/avg/max: 1.46646e-07 1.46951e-07 1.49583e-07 seconds or  5618.97 MUPD/s or  67.4277 GB/s
STREAM triad of size      912 : min/avg/max: 1.61383e-07 1.61874e-07 1.64619e-07 seconds or  5651.16 MUPD/s or  67.8139 GB/s
STREAM triad of size     1008 : min/avg/max: 1.77458e-07 1.78047e-07 1.81205e-07 seconds or  5680.22 MUPD/s or  68.1626 GB/s
STREAM triad of size     1112 : min/avg/max: 1.94867e-07 1.95476e-07 1.98789e-07 seconds or  5706.47 MUPD/s or  68.4776 GB/s
STREAM triad of size     1224 : min/avg/max:  2.1362e-07 2.14299e-07 2.17844e-07 seconds or  5729.81 MUPD/s or  68.7577 GB/s
STREAM triad of size     1352 : min/avg/max: 2.35053e-07 2.35803e-07 2.39867e-07 seconds or  5751.89 MUPD/s or  69.0227 GB/s
STREAM triad of size     1488 : min/avg/max: 2.57827e-07 2.58369e-07 2.63104e-07 seconds or  5771.31 MUPD/s or  69.2557 GB/s
STREAM triad of size     1640 : min/avg/max: 2.83281e-07 2.84171e-07 2.88944e-07 seconds or  5789.31 MUPD/s or  69.4717 GB/s
STREAM triad of size     1808 : min/avg/max:  3.1142e-07 3.12462e-07 3.17894e-07 seconds or  5805.67 MUPD/s or   69.668 GB/s
STREAM triad of size     1992 : min/avg/max: 3.42241e-07 3.43372e-07 3.49531e-07 seconds or  5820.46 MUPD/s or  69.8455 GB/s
STREAM triad of size     2192 : min/avg/max: 3.75744e-07 3.76585e-07  3.8353e-07 seconds or  5833.76 MUPD/s or  70.0051 GB/s
STREAM triad of size     2416 : min/avg/max:  4.1351e-07 4.14808e-07 4.21949e-07 seconds or  5842.66 MUPD/s or   70.112 GB/s
STREAM triad of size     2664 : min/avg/max: 4.55118e-07 4.56534e-07 4.64615e-07 seconds or  5853.43 MUPD/s or  70.2412 GB/s
STREAM triad of size     2936 : min/avg/max: 6.03341e-07 6.11099e-07 6.28867e-07 seconds or  4866.23 MUPD/s or  58.3948 GB/s
STREAM triad of size     3232 : min/avg/max: 7.62666e-07 7.72127e-07 8.02993e-07 seconds or  4237.77 MUPD/s or  50.8532 GB/s
STREAM triad of size     3560 : min/avg/max: 8.87122e-07 8.92373e-07 9.08029e-07 seconds or  4012.98 MUPD/s or  48.1557 GB/s
STREAM triad of size     3920 : min/avg/max: 9.37929e-07 9.43516e-07 9.72743e-07 seconds or  4179.42 MUPD/s or  50.1531 GB/s
STREAM triad of size     4320 : min/avg/max: 1.02604e-06  1.0447e-06 1.07328e-06 seconds or  4210.38 MUPD/s or  50.5246 GB/s
STREAM triad of size     4760 : min/avg/max:  1.1043e-06 1.13247e-06 1.15859e-06 seconds or  4310.42 MUPD/s or   51.725 GB/s
STREAM triad of size     5240 : min/avg/max: 1.23679e-06  1.2602e-06 1.30073e-06 seconds or  4236.79 MUPD/s or  50.8415 GB/s
STREAM triad of size     5768 : min/avg/max: 1.36506e-06 1.37977e-06 1.43717e-06 seconds or  4225.47 MUPD/s or  50.7056 GB/s
STREAM triad of size     6352 : min/avg/max: 1.52481e-06 1.54024e-06  1.5773e-06 seconds or  4165.75 MUPD/s or   49.989 GB/s
STREAM triad of size     6992 : min/avg/max: 1.68136e-06 1.70531e-06 1.74613e-06 seconds or  4158.54 MUPD/s or  49.9025 GB/s
STREAM triad of size     7696 : min/avg/max:  1.9872e-06 2.01277e-06 2.06225e-06 seconds or  3872.78 MUPD/s or  46.4734 GB/s
STREAM triad of size     8472 : min/avg/max: 2.00148e-06 2.03758e-06 2.08041e-06 seconds or  4232.86 MUPD/s or  50.7943 GB/s
STREAM triad of size     9320 : min/avg/max: 2.19791e-06 2.22719e-06 2.26698e-06 seconds or  4240.39 MUPD/s or  50.8846 GB/s
STREAM triad of size    10256 : min/avg/max: 2.85341e-06 2.87589e-06 2.91468e-06 seconds or  3594.29 MUPD/s or  43.1315 GB/s
STREAM triad of size    11288 : min/avg/max: 3.12748e-06 3.16538e-06 3.21802e-06 seconds or  3609.29 MUPD/s or  43.3115 GB/s
STREAM triad of size    12424 : min/avg/max: 2.98834e-06 3.00851e-06 3.04814e-06 seconds or  4157.49 MUPD/s or  49.8899 GB/s
STREAM triad of size    13672 : min/avg/max: 3.29734e-06 3.32416e-06 3.37758e-06 seconds or  4146.37 MUPD/s or  49.7565 GB/s
STREAM triad of size    15040 : min/avg/max: 3.64588e-06 3.67268e-06 3.73498e-06 seconds or   4125.2 MUPD/s or  49.5024 GB/s
STREAM triad of size    16552 : min/avg/max: 4.19625e-06 4.22535e-06 4.30302e-06 seconds or  3944.47 MUPD/s or  47.3336 GB/s
STREAM triad of size    18208 : min/avg/max: 4.72406e-06 4.74654e-06 4.79919e-06 seconds or  3854.31 MUPD/s or  46.2518 GB/s
STREAM triad of size    20032 : min/avg/max: 5.26132e-06 5.28566e-06 5.34755e-06 seconds or  3807.41 MUPD/s or   45.689 GB/s
STREAM triad of size    22040 : min/avg/max: 6.39749e-06 6.42542e-06 6.48969e-06 seconds or   3445.1 MUPD/s or  41.3412 GB/s
STREAM triad of size    24248 : min/avg/max: 6.84578e-06 6.87969e-06 6.95968e-06 seconds or  3542.04 MUPD/s or  42.5044 GB/s
STREAM triad of size    26680 : min/avg/max: 8.55379e-06 8.58002e-06 8.65589e-06 seconds or  3119.09 MUPD/s or   37.429 GB/s
STREAM triad of size    29352 : min/avg/max:  9.9902e-06 1.00306e-05  1.0195e-05 seconds or  2938.08 MUPD/s or  35.2569 GB/s
STREAM triad of size    32288 : min/avg/max: 1.26911e-05 1.27306e-05 1.28128e-05 seconds or  2544.15 MUPD/s or  30.5298 GB/s
STREAM triad of size    35520 : min/avg/max:  1.4323e-05 1.43792e-05 1.45063e-05 seconds or  2479.93 MUPD/s or  29.7591 GB/s
STREAM triad of size    39080 : min/avg/max: 1.64178e-05 1.64602e-05 1.65576e-05 seconds or  2380.35 MUPD/s or  28.5642 GB/s
STREAM triad of size    42992 : min/avg/max: 1.82269e-05 1.82805e-05 1.83813e-05 seconds or  2358.71 MUPD/s or  28.3045 GB/s
STREAM triad of size    47296 : min/avg/max: 2.06402e-05    2.07e-05 2.08119e-05 seconds or  2291.45 MUPD/s or  27.4975 GB/s
STREAM triad of size    52032 : min/avg/max: 2.28286e-05 2.28945e-05 2.30162e-05 seconds or  2279.24 MUPD/s or  27.3509 GB/s
STREAM triad of size    57240 : min/avg/max: 2.51397e-05 2.52128e-05 2.53429e-05 seconds or  2276.88 MUPD/s or  27.3226 GB/s
STREAM triad of size    62968 : min/avg/max: 2.76597e-05 2.77395e-05 2.78886e-05 seconds or  2276.52 MUPD/s or  27.3183 GB/s
STREAM triad of size    69272 : min/avg/max: 3.04384e-05 3.05273e-05 3.06852e-05 seconds or  2275.81 MUPD/s or  27.3097 GB/s
STREAM triad of size    76200 : min/avg/max: 3.34786e-05 3.35909e-05 3.38007e-05 seconds or  2276.08 MUPD/s or   27.313 GB/s
STREAM triad of size    83824 : min/avg/max: 3.68313e-05 3.69416e-05 3.72064e-05 seconds or  2275.89 MUPD/s or  27.3107 GB/s
STREAM triad of size    92208 : min/avg/max: 4.05234e-05 4.06709e-05 4.08692e-05 seconds or  2275.42 MUPD/s or  27.3051 GB/s
STREAM triad of size   101432 : min/avg/max: 4.45533e-05 4.46822e-05 4.49166e-05 seconds or  2276.64 MUPD/s or  27.3197 GB/s
STREAM triad of size   111576 : min/avg/max: 4.90255e-05 4.91715e-05 4.94614e-05 seconds or  2275.88 MUPD/s or  27.3105 GB/s
STREAM triad of size   122736 : min/avg/max: 5.39699e-05 5.41276e-05 5.44074e-05 seconds or  2274.16 MUPD/s or  27.2899 GB/s
STREAM triad of size   135016 : min/avg/max: 5.93271e-05 5.94992e-05 5.98018e-05 seconds or  2275.79 MUPD/s or  27.3095 GB/s
STREAM triad of size   148520 : min/avg/max: 6.53111e-05 6.55408e-05 6.59827e-05 seconds or  2274.04 MUPD/s or  27.2885 GB/s
STREAM triad of size   163376 : min/avg/max:  7.1934e-05 7.21866e-05 7.26041e-05 seconds or  2271.19 MUPD/s or  27.2543 GB/s
STREAM triad of size   179720 : min/avg/max: 7.91978e-05 7.94258e-05 7.99334e-05 seconds or  2269.26 MUPD/s or  27.2311 GB/s
STREAM triad of size   197696 : min/avg/max: 8.72896e-05 8.75545e-05 8.81666e-05 seconds or  2264.83 MUPD/s or  27.1779 GB/s
STREAM triad of size   217472 : min/avg/max: 9.61864e-05 9.64596e-05 9.69648e-05 seconds or  2260.94 MUPD/s or  27.1313 GB/s
STREAM triad of size   239224 : min/avg/max: 0.000106062 0.000106371 0.000107017 seconds or  2255.51 MUPD/s or  27.0661 GB/s
STREAM triad of size   263152 : min/avg/max: 0.000116696 0.000117062 0.000117625 seconds or  2255.01 MUPD/s or  27.0602 GB/s
STREAM triad of size   289472 : min/avg/max: 0.000128469 0.000128852 0.000129626 seconds or  2253.25 MUPD/s or  27.0389 GB/s
STREAM triad of size   318424 : min/avg/max: 0.000141258 0.000141677 0.000142408 seconds or   2254.2 MUPD/s or  27.0503 GB/s
STREAM triad of size   350272 : min/avg/max: 0.000155392  0.00015584 0.000156865 seconds or  2254.12 MUPD/s or  27.0494 GB/s
STREAM triad of size   385304 : min/avg/max: 0.000170891  0.00017152 0.000172434 seconds or  2254.68 MUPD/s or  27.0561 GB/s
STREAM triad of size   423840 : min/avg/max: 0.000188094 0.000188633 0.000189621 seconds or  2253.34 MUPD/s or    27.04 GB/s
STREAM triad of size   466232 : min/avg/max: 0.000206866 0.000207461 0.000208765 seconds or  2253.79 MUPD/s or  27.0454 GB/s
STREAM triad of size   512856 : min/avg/max:  0.00022763 0.000228314 0.000229476 seconds or  2253.02 MUPD/s or  27.0362 GB/s
STREAM triad of size   564144 : min/avg/max: 0.000250336 0.000251051 0.000252402 seconds or  2253.55 MUPD/s or  27.0426 GB/s
STREAM triad of size   620560 : min/avg/max: 0.000275406 0.000276315 0.000277893 seconds or  2253.25 MUPD/s or   27.039 GB/s
STREAM triad of size   682624 : min/avg/max: 0.000303004 0.000303886 0.000305551 seconds or  2252.85 MUPD/s or  27.0342 GB/s
STREAM triad of size   750888 : min/avg/max: 0.000333344 0.000334365 0.000336671 seconds or  2252.59 MUPD/s or  27.0311 GB/s
STREAM triad of size   825984 : min/avg/max: 0.000366677 0.000367884 0.000369636 seconds or  2252.62 MUPD/s or  27.0314 GB/s
STREAM triad of size   908584 : min/avg/max: 0.000411737 0.000413012 0.000415299 seconds or  2206.71 MUPD/s or  26.4805 GB/s
STREAM triad of size   999448 : min/avg/max: 0.000460029 0.000461615 0.000464187 seconds or  2172.57 MUPD/s or  26.0709 GB/s
STREAM triad of size  1099400 : min/avg/max: 0.000516641 0.000518387 0.000521566 seconds or  2127.98 MUPD/s or  25.5357 GB/s
STREAM triad of size  1209344 : min/avg/max: 0.000591569 0.000594031 0.000597027 seconds or   2044.3 MUPD/s or  24.5316 GB/s
STREAM triad of size  1330280 : min/avg/max: 0.000701783 0.000704333 0.000707225 seconds or  1895.57 MUPD/s or  22.7468 GB/s
STREAM triad of size  1463312 : min/avg/max: 0.000851845 0.000854813  0.00085805 seconds or  1717.81 MUPD/s or  20.6138 GB/s
STREAM triad of size  1609648 : min/avg/max:  0.00103396   0.0010376  0.00104368 seconds or  1556.78 MUPD/s or  18.6813 GB/s
STREAM triad of size  1770616 : min/avg/max:  0.00125832  0.00126631  0.00132614 seconds or  1407.13 MUPD/s or  16.8855 GB/s
STREAM triad of size  1947680 : min/avg/max:  0.00152382  0.00152987  0.00154063 seconds or  1278.15 MUPD/s or  15.3379 GB/s
STREAM triad of size  2142456 : min/avg/max:  0.00181416  0.00182098  0.00182466 seconds or  1180.96 MUPD/s or  14.1716 GB/s
STREAM triad of size  2356704 : min/avg/max:  0.00210006  0.00210757  0.00211289 seconds or  1122.21 MUPD/s or  13.4665 GB/s
STREAM triad of size  2592376 : min/avg/max:  0.00238032  0.00238791  0.00239351 seconds or  1089.09 MUPD/s or  13.0691 GB/s
STREAM triad of size  2851616 : min/avg/max:  0.00267994  0.00268821  0.00269413 seconds or  1064.06 MUPD/s or  12.7687 GB/s
STREAM triad of size  3136784 : min/avg/max:  0.00300554  0.00301439  0.00301887 seconds or  1043.67 MUPD/s or   12.524 GB/s
STREAM triad of size  3450464 : min/avg/max:   0.0033309  0.00334274  0.00334866 seconds or   1035.9 MUPD/s or  12.4308 GB/s
STREAM triad of size  3795512 : min/avg/max:  0.00369123  0.00370311  0.00370939 seconds or  1028.25 MUPD/s or   12.339 GB/s
STREAM triad of size  4175064 : min/avg/max:  0.00408104  0.00409759    0.004106 seconds or  1023.04 MUPD/s or  12.2765 GB/s
STREAM triad of size  4592576 : min/avg/max:  0.00449338  0.00450887  0.00451588 seconds or  1022.08 MUPD/s or  12.2649 GB/s
STREAM triad of size  5051840 : min/avg/max:  0.00494353  0.00496039  0.00497466 seconds or  1021.91 MUPD/s or  12.2629 GB/s
STREAM triad of size  5557032 : min/avg/max:   0.0054413  0.00545798  0.00546676 seconds or  1021.27 MUPD/s or  12.2552 GB/s
STREAM triad of size  6112736 : min/avg/max:  0.00597796  0.00599913  0.00601193 seconds or  1022.55 MUPD/s or  12.2706 GB/s
STREAM triad of size  6724016 : min/avg/max:  0.00658126  0.00660429  0.00661574 seconds or  1021.69 MUPD/s or  12.2603 GB/s
STREAM triad of size  7396424 : min/avg/max:  0.00724599  0.00726907  0.00728187 seconds or  1020.76 MUPD/s or  12.2491 GB/s
STREAM triad of size  8136072 : min/avg/max:  0.00795864  0.00798287  0.00800287 seconds or  1022.29 MUPD/s or  12.2675 GB/s
STREAM triad of size  8949680 : min/avg/max:   0.0087709   0.0087958  0.00881082 seconds or  1020.38 MUPD/s or  12.2446 GB/s
STREAM triad of size  9844656 : min/avg/max:  0.00963603  0.00966957  0.00976919 seconds or  1021.65 MUPD/s or  12.2598 GB/s
STREAM triad of size 10829128 : min/avg/max:   0.0106234   0.0106572   0.0106821 seconds or  1019.37 MUPD/s or  12.2324 GB/s
STREAM triad of size 11912048 : min/avg/max:    0.011664   0.0117024   0.0117205 seconds or  1021.26 MUPD/s or  12.2552 GB/s
STREAM triad of size 13103256 : min/avg/max:   0.0128585   0.0129055   0.0129425 seconds or  1019.04 MUPD/s or  12.2284 GB/s
STREAM triad of size 14413584 : min/avg/max:   0.0141257   0.0141977   0.0144548 seconds or  1020.38 MUPD/s or  12.2445 GB/s
STREAM triad of size 15854944 : min/avg/max:    0.015534   0.0159909   0.0237021 seconds or  1020.66 MUPD/s or   12.248 GB/s
STREAM triad of size 17440440 : min/avg/max:   0.0171127   0.0171644   0.0171982 seconds or  1019.15 MUPD/s or  12.2298 GB/s
STREAM triad of size 19184488 : min/avg/max:   0.0187849   0.0188509   0.0188886 seconds or  1021.27 MUPD/s or  12.2553 GB/s
STREAM triad of size 21102944 : min/avg/max:    0.020672   0.0207654   0.0211743 seconds or  1020.85 MUPD/s or  12.2502 GB/s
STREAM triad of size 23213240 : min/avg/max:   0.0227334   0.0228139   0.0228612 seconds or  1021.11 MUPD/s or  12.2533 GB/s
STREAM triad of size 25534568 : min/avg/max:    0.025013   0.0251009   0.0251991 seconds or  1020.85 MUPD/s or  12.2502 GB/s
STREAM triad of size 28088032 : min/avg/max:     0.02752   0.0276087   0.0276807 seconds or  1020.64 MUPD/s or  12.2477 GB/s
STREAM triad of size 30896840 : min/avg/max:   0.0302967    0.030391   0.0304744 seconds or  1019.81 MUPD/s or  12.2377 GB/s
STREAM triad of size 33986528 : min/avg/max:   0.0333087   0.0334311   0.0335325 seconds or  1020.35 MUPD/s or  12.2442 GB/s
STREAM triad of size 37385184 : min/avg/max:   0.0366582   0.0367755   0.0368716 seconds or  1019.83 MUPD/s or   12.238 GB/s
STREAM triad of size 41123704 : min/avg/max:   0.0403831   0.0405237    0.040614 seconds or  1018.34 MUPD/s or  12.2201 GB/s
STREAM triad of size 45236080 : min/avg/max:   0.0444308   0.0445553   0.0446739 seconds or  1018.12 MUPD/s or  12.2175 GB/s
STREAM triad of size 49759696 : min/avg/max:    0.048816   0.0489588    0.049074 seconds or  1019.33 MUPD/s or   12.232 GB/s
STREAM triad of size 54735672 : min/avg/max:   0.0536351   0.0538602   0.0544021 seconds or  1020.52 MUPD/s or  12.2462 GB/s
STREAM triad of size 60209240 : min/avg/max:   0.0589744   0.0592192   0.0594548 seconds or  1020.94 MUPD/s or  12.2513 GB/s
STREAM triad of size 66230168 : min/avg/max:   0.0648902   0.0651423   0.0653942 seconds or  1020.65 MUPD/s or  12.2478 GB/s
STREAM triad of size 72853192 : min/avg/max:   0.0714587   0.0716935   0.0718954 seconds or  1019.51 MUPD/s or  12.2342 GB/s
STREAM triad of size 80138512 : min/avg/max:   0.0784906   0.0787735   0.0789631 seconds or  1020.99 MUPD/s or  12.2519 GB/s
STREAM triad of size 88152368 : min/avg/max:   0.0863722   0.0867035   0.0868917 seconds or  1020.61 MUPD/s or  12.2473 GB/s
STREAM triad of size 96967608 : min/avg/max:   0.0950867   0.0954121   0.0958403 seconds or  1019.78 MUPD/s or  12.2374 GB/s
