STREAM triad of size        8 : min/avg/max:  7.2226e-06  7.5624e-06 8.72885e-06 seconds or  1.10763 MUPD/s or 0.0265832 GB/s
STREAM triad of size       16 : min/avg/max:   7.225e-06 7.50385e-06 8.80465e-06 seconds or  2.21453 MUPD/s or 0.0531488 GB/s
STREAM triad of size       24 : min/avg/max: 7.01165e-06 7.32495e-06  8.5873e-06 seconds or  3.42287 MUPD/s or 0.082149 GB/s
STREAM triad of size       32 : min/avg/max: 6.55995e-06 6.73792e-06  7.6926e-06 seconds or  4.87809 MUPD/s or 0.117074 GB/s
STREAM triad of size       40 : min/avg/max: 6.51065e-06 6.69973e-06  7.5684e-06 seconds or  6.14378 MUPD/s or 0.147451 GB/s
STREAM triad of size       48 : min/avg/max: 6.55825e-06 6.78071e-06 7.55955e-06 seconds or  7.31903 MUPD/s or 0.175657 GB/s
STREAM triad of size       56 : min/avg/max:  6.1802e-06 6.44606e-06 7.99045e-06 seconds or   9.0612 MUPD/s or 0.217469 GB/s
STREAM triad of size       64 : min/avg/max: 6.07025e-06 6.32046e-06 6.84435e-06 seconds or  10.5432 MUPD/s or 0.253037 GB/s
STREAM triad of size       72 : min/avg/max:  6.1874e-06 6.34851e-06 6.91285e-06 seconds or  11.6366 MUPD/s or 0.279277 GB/s
STREAM triad of size       80 : min/avg/max: 5.89245e-06   6.371e-06  7.5315e-06 seconds or  13.5767 MUPD/s or 0.325841 GB/s
STREAM triad of size       96 : min/avg/max: 5.80575e-06 5.95969e-06  6.6433e-06 seconds or  16.5353 MUPD/s or 0.396848 GB/s
STREAM triad of size      112 : min/avg/max: 5.74635e-06  5.9134e-06 6.72305e-06 seconds or  19.4906 MUPD/s or 0.467775 GB/s
STREAM triad of size      128 : min/avg/max: 5.74765e-06 5.92937e-06  6.6607e-06 seconds or    22.27 MUPD/s or 0.534479 GB/s
STREAM triad of size      144 : min/avg/max:  5.4145e-06 5.75584e-06  7.2596e-06 seconds or  26.5953 MUPD/s or 0.638286 GB/s
STREAM triad of size      160 : min/avg/max:  5.4033e-06 5.59968e-06 6.30245e-06 seconds or  29.6115 MUPD/s or 0.710677 GB/s
STREAM triad of size      184 : min/avg/max:  5.4288e-06 5.57783e-06 6.31235e-06 seconds or  33.8933 MUPD/s or 0.813439 GB/s
STREAM triad of size      208 : min/avg/max:  5.4644e-06 5.62425e-06  6.1892e-06 seconds or  38.0646 MUPD/s or  0.91355 GB/s
STREAM triad of size      232 : min/avg/max:  5.1836e-06 5.39524e-06 6.17115e-06 seconds or  44.7565 MUPD/s or  1.07416 GB/s
STREAM triad of size      256 : min/avg/max:   5.259e-06 5.37438e-06  5.9709e-06 seconds or  48.6785 MUPD/s or  1.16828 GB/s
STREAM triad of size      288 : min/avg/max:  5.2315e-06  5.3515e-06  5.9537e-06 seconds or  55.0511 MUPD/s or  1.32123 GB/s
STREAM triad of size      320 : min/avg/max:  5.2373e-06 5.38338e-06 6.00335e-06 seconds or  61.1002 MUPD/s or   1.4664 GB/s
STREAM triad of size      360 : min/avg/max: 4.97405e-06 5.23195e-06 6.10025e-06 seconds or  72.3756 MUPD/s or  1.73702 GB/s
STREAM triad of size      400 : min/avg/max:  4.9282e-06 5.06788e-06  5.6847e-06 seconds or  81.1655 MUPD/s or  1.94797 GB/s
STREAM triad of size      448 : min/avg/max: 4.92915e-06  5.0614e-06  5.6962e-06 seconds or  90.8879 MUPD/s or  2.18131 GB/s
STREAM triad of size      496 : min/avg/max:  4.8804e-06 4.99118e-06  5.1994e-06 seconds or  101.631 MUPD/s or  2.43914 GB/s
STREAM triad of size      552 : min/avg/max:  4.9184e-06 5.04761e-06 5.59555e-06 seconds or  112.232 MUPD/s or  2.69356 GB/s
STREAM triad of size      608 : min/avg/max: 4.65655e-06 4.83852e-06  6.3669e-06 seconds or  130.569 MUPD/s or  3.13365 GB/s
STREAM triad of size      672 : min/avg/max:   4.668e-06 4.80089e-06 5.33885e-06 seconds or  143.959 MUPD/s or  3.45501 GB/s
STREAM triad of size      744 : min/avg/max:  4.6815e-06   4.799e-06  5.3609e-06 seconds or  158.923 MUPD/s or  3.81416 GB/s
STREAM triad of size      824 : min/avg/max:  4.6284e-06 4.75988e-06 5.35285e-06 seconds or  178.031 MUPD/s or  4.27275 GB/s
STREAM triad of size      912 : min/avg/max: 4.63655e-06 4.74404e-06 5.23565e-06 seconds or  196.698 MUPD/s or  4.72075 GB/s
STREAM triad of size     1008 : min/avg/max:  4.3979e-06 4.55444e-06  5.0753e-06 seconds or    229.2 MUPD/s or  5.50081 GB/s
STREAM triad of size     1112 : min/avg/max:  4.4561e-06 4.58262e-06  5.1387e-06 seconds or  249.546 MUPD/s or  5.98909 GB/s
STREAM triad of size     1224 : min/avg/max: 4.45035e-06 4.63016e-06  5.2059e-06 seconds or  275.035 MUPD/s or  6.60083 GB/s
STREAM triad of size     1352 : min/avg/max:  4.5269e-06 4.62595e-06 5.24655e-06 seconds or  298.659 MUPD/s or  7.16782 GB/s
STREAM triad of size     1488 : min/avg/max:  4.2962e-06 4.53399e-06 5.03725e-06 seconds or  346.353 MUPD/s or  8.31246 GB/s
STREAM triad of size     1640 : min/avg/max:  4.3021e-06 4.39004e-06  4.9325e-06 seconds or  381.209 MUPD/s or  9.14902 GB/s
STREAM triad of size     1808 : min/avg/max:  4.3049e-06 4.41466e-06  4.8371e-06 seconds or  419.987 MUPD/s or  10.0797 GB/s
STREAM triad of size     1992 : min/avg/max:  4.2825e-06 4.42434e-06 4.97965e-06 seconds or  465.149 MUPD/s or  11.1636 GB/s
STREAM triad of size     2192 : min/avg/max:  4.3334e-06 4.46489e-06  4.9798e-06 seconds or  505.838 MUPD/s or  12.1401 GB/s
STREAM triad of size     2416 : min/avg/max: 4.12775e-06 4.35791e-06  5.4774e-06 seconds or  585.307 MUPD/s or  14.0474 GB/s
STREAM triad of size     2664 : min/avg/max: 4.21915e-06 4.31529e-06 4.80265e-06 seconds or  631.407 MUPD/s or  15.1538 GB/s
STREAM triad of size     2936 : min/avg/max:  4.1949e-06 4.34353e-06  4.7772e-06 seconds or  699.897 MUPD/s or  16.7975 GB/s
STREAM triad of size     3232 : min/avg/max: 4.21525e-06 4.30859e-06 4.74385e-06 seconds or   766.74 MUPD/s or  18.4018 GB/s
STREAM triad of size     3560 : min/avg/max: 4.16175e-06 4.28732e-06  4.7776e-06 seconds or  855.409 MUPD/s or  20.5298 GB/s
STREAM triad of size     3920 : min/avg/max:  4.1321e-06 4.28891e-06  4.8363e-06 seconds or   948.67 MUPD/s or  22.7681 GB/s
STREAM triad of size     4320 : min/avg/max: 4.21215e-06 4.32917e-06 4.89755e-06 seconds or   1025.6 MUPD/s or  24.6145 GB/s
STREAM triad of size     4760 : min/avg/max:  4.2132e-06 4.29246e-06  4.6023e-06 seconds or  1129.78 MUPD/s or  27.1148 GB/s
STREAM triad of size     5240 : min/avg/max: 4.05675e-06 4.18169e-06 4.51565e-06 seconds or  1291.67 MUPD/s or  31.0002 GB/s
STREAM triad of size     5768 : min/avg/max:  4.2463e-06 4.31976e-06 4.80445e-06 seconds or  1358.36 MUPD/s or  32.6006 GB/s
STREAM triad of size     6352 : min/avg/max: 4.13075e-06  4.2653e-06 4.89955e-06 seconds or  1537.74 MUPD/s or  36.9056 GB/s
STREAM triad of size     6992 : min/avg/max: 4.19135e-06 4.31754e-06 4.73975e-06 seconds or   1668.2 MUPD/s or  40.0367 GB/s
STREAM triad of size     7696 : min/avg/max: 4.21275e-06  4.3405e-06  4.7726e-06 seconds or  1826.84 MUPD/s or   43.844 GB/s
STREAM triad of size     8472 : min/avg/max: 4.20425e-06 4.30922e-06  4.7549e-06 seconds or   2015.1 MUPD/s or  48.3625 GB/s
STREAM triad of size     9320 : min/avg/max: 4.18425e-06 4.29178e-06 4.73685e-06 seconds or   2227.4 MUPD/s or  53.4576 GB/s
STREAM triad of size    10256 : min/avg/max:  4.1602e-06 4.27756e-06  4.6684e-06 seconds or  2465.27 MUPD/s or  59.1664 GB/s
STREAM triad of size    11288 : min/avg/max: 4.18575e-06 4.29876e-06  4.7954e-06 seconds or  2696.77 MUPD/s or  64.7225 GB/s
STREAM triad of size    12424 : min/avg/max: 4.18615e-06 4.32435e-06  4.8782e-06 seconds or  2967.88 MUPD/s or  71.2292 GB/s
STREAM triad of size    13672 : min/avg/max: 4.12665e-06 4.28333e-06 4.63835e-06 seconds or   3313.1 MUPD/s or  79.5144 GB/s
STREAM triad of size    15040 : min/avg/max: 4.14295e-06 4.29342e-06 4.69425e-06 seconds or  3630.26 MUPD/s or  87.1263 GB/s
STREAM triad of size    16552 : min/avg/max:   4.157e-06 4.30491e-06 4.78525e-06 seconds or  3981.72 MUPD/s or  95.5612 GB/s
STREAM triad of size    18208 : min/avg/max:  4.0944e-06 4.25777e-06  4.6081e-06 seconds or  4447.05 MUPD/s or  106.729 GB/s
STREAM triad of size    20032 : min/avg/max:  4.1298e-06 4.27588e-06  4.7773e-06 seconds or   4850.6 MUPD/s or  116.414 GB/s
STREAM triad of size    22040 : min/avg/max:  4.1588e-06 4.33573e-06  4.8224e-06 seconds or  5299.61 MUPD/s or  127.191 GB/s
STREAM triad of size    24248 : min/avg/max:   4.257e-06 4.37241e-06  4.9821e-06 seconds or  5696.03 MUPD/s or  136.705 GB/s
STREAM triad of size    26680 : min/avg/max:  4.1268e-06 4.31473e-06 4.70345e-06 seconds or  6465.06 MUPD/s or  155.161 GB/s
STREAM triad of size    29352 : min/avg/max: 4.12985e-06 4.32686e-06  4.6763e-06 seconds or  7107.28 MUPD/s or  170.575 GB/s
STREAM triad of size    32288 : min/avg/max:  4.1889e-06 4.30692e-06 4.77155e-06 seconds or  7707.99 MUPD/s or  184.992 GB/s
STREAM triad of size    35520 : min/avg/max:  4.1447e-06 4.30926e-06 5.11345e-06 seconds or  8569.98 MUPD/s or   205.68 GB/s
STREAM triad of size    39080 : min/avg/max: 4.20465e-06 4.33196e-06  4.8008e-06 seconds or  9294.47 MUPD/s or  223.067 GB/s
STREAM triad of size    42992 : min/avg/max:  4.2369e-06 4.35763e-06  4.7186e-06 seconds or    10147 MUPD/s or  243.529 GB/s
STREAM triad of size    47296 : min/avg/max: 4.44765e-06 4.50439e-06 4.82745e-06 seconds or  10633.9 MUPD/s or  255.214 GB/s
STREAM triad of size    52032 : min/avg/max: 4.48445e-06 4.55957e-06 4.83725e-06 seconds or  11602.8 MUPD/s or  278.466 GB/s
STREAM triad of size    57240 : min/avg/max:  4.6157e-06 4.68742e-06  4.9841e-06 seconds or  12401.2 MUPD/s or  297.628 GB/s
STREAM triad of size    62968 : min/avg/max:  4.7188e-06 4.82592e-06  5.1116e-06 seconds or  13344.1 MUPD/s or  320.258 GB/s
STREAM triad of size    69272 : min/avg/max: 4.87075e-06 4.96492e-06 5.38675e-06 seconds or    14222 MUPD/s or  341.329 GB/s
STREAM triad of size    76200 : min/avg/max:  4.9738e-06 5.06975e-06 5.33935e-06 seconds or  15320.3 MUPD/s or  367.687 GB/s
STREAM triad of size    83824 : min/avg/max:  5.2587e-06 5.34729e-06 5.63255e-06 seconds or  15940.1 MUPD/s or  382.561 GB/s
STREAM triad of size    92208 : min/avg/max: 5.50085e-06 5.55597e-06  5.8049e-06 seconds or  16762.5 MUPD/s or    402.3 GB/s
STREAM triad of size   101432 : min/avg/max: 5.78175e-06 5.84461e-06 6.13575e-06 seconds or  17543.5 MUPD/s or  421.043 GB/s
STREAM triad of size   111576 : min/avg/max: 5.89815e-06 6.01435e-06  6.5906e-06 seconds or  18917.1 MUPD/s or  454.011 GB/s
STREAM triad of size   122736 : min/avg/max: 6.15825e-06  6.2199e-06 6.42495e-06 seconds or  19930.3 MUPD/s or  478.328 GB/s
STREAM triad of size   135016 : min/avg/max: 6.60775e-06 6.65737e-06  6.8922e-06 seconds or    20433 MUPD/s or  490.391 GB/s
STREAM triad of size   148520 : min/avg/max: 6.92795e-06 7.00686e-06 7.26325e-06 seconds or  21437.8 MUPD/s or  514.507 GB/s
STREAM triad of size   163376 : min/avg/max:  7.2582e-06 7.31863e-06   7.639e-06 seconds or  22509.2 MUPD/s or   540.22 GB/s
STREAM triad of size   179720 : min/avg/max: 1.11726e-05 1.13256e-05 1.14883e-05 seconds or  16085.9 MUPD/s or   386.06 GB/s
STREAM triad of size   197696 : min/avg/max: 1.99078e-05 2.05506e-05 2.07153e-05 seconds or   9930.6 MUPD/s or  238.335 GB/s
STREAM triad of size   217472 : min/avg/max: 2.17289e-05   2.213e-05 2.22584e-05 seconds or  10008.4 MUPD/s or  240.202 GB/s
STREAM triad of size   239224 : min/avg/max: 2.37556e-05 2.38822e-05 2.41049e-05 seconds or  10070.2 MUPD/s or  241.685 GB/s
STREAM triad of size   263152 : min/avg/max:  2.6016e-05 2.61197e-05 2.62426e-05 seconds or    10115 MUPD/s or   242.76 GB/s
STREAM triad of size   289472 : min/avg/max: 2.84872e-05 2.85749e-05 2.87984e-05 seconds or  10161.5 MUPD/s or  243.875 GB/s
STREAM triad of size   318424 : min/avg/max: 3.22242e-05 3.23814e-05 3.25602e-05 seconds or   9881.5 MUPD/s or  237.156 GB/s
STREAM triad of size   350272 : min/avg/max: 3.53937e-05 3.54781e-05 3.57525e-05 seconds or  9896.45 MUPD/s or  237.515 GB/s
STREAM triad of size   385304 : min/avg/max: 3.86843e-05 3.90693e-05 4.25424e-05 seconds or  9960.22 MUPD/s or  239.045 GB/s
STREAM triad of size   423840 : min/avg/max: 4.23377e-05 4.24829e-05 4.27188e-05 seconds or  10010.9 MUPD/s or  240.263 GB/s
STREAM triad of size   466232 : min/avg/max: 4.61119e-05 4.69962e-05 6.22741e-05 seconds or  10110.9 MUPD/s or  242.661 GB/s
STREAM triad of size   512856 : min/avg/max: 5.03484e-05  5.0454e-05 5.08085e-05 seconds or  10186.1 MUPD/s or  244.467 GB/s
STREAM triad of size   564144 : min/avg/max: 5.50956e-05 5.51679e-05  5.5382e-05 seconds or  10239.4 MUPD/s or  245.745 GB/s
STREAM triad of size   620560 : min/avg/max: 6.06758e-05 6.08425e-05 6.11701e-05 seconds or  10227.5 MUPD/s or  245.459 GB/s
STREAM triad of size   682624 : min/avg/max: 6.82449e-05 6.83498e-05 6.85892e-05 seconds or  10002.6 MUPD/s or  240.062 GB/s
STREAM triad of size   750888 : min/avg/max: 7.48867e-05 7.50627e-05 7.53932e-05 seconds or    10027 MUPD/s or  240.648 GB/s
STREAM triad of size   825984 : min/avg/max: 8.08661e-05 8.09579e-05 8.11685e-05 seconds or  10214.2 MUPD/s or  245.141 GB/s
STREAM triad of size   908584 : min/avg/max: 8.85716e-05 8.92855e-05 9.86317e-05 seconds or  10258.2 MUPD/s or  246.196 GB/s
STREAM triad of size   999448 : min/avg/max: 9.72945e-05 9.75216e-05 9.77339e-05 seconds or  10272.4 MUPD/s or  246.537 GB/s
STREAM triad of size  1099400 : min/avg/max: 0.000107236 0.000107425 0.000107643 seconds or  10252.2 MUPD/s or  246.052 GB/s
STREAM triad of size  1209344 : min/avg/max: 0.000117653 0.000117874 0.000118389 seconds or  10278.9 MUPD/s or  246.694 GB/s
STREAM triad of size  1330280 : min/avg/max: 0.000128906 0.000129313 0.000129704 seconds or  10319.8 MUPD/s or  247.675 GB/s
STREAM triad of size  1463312 : min/avg/max: 0.000140847 0.000141097 0.000141426 seconds or  10389.4 MUPD/s or  249.346 GB/s
STREAM triad of size  1609648 : min/avg/max: 0.000152795 0.000152961 0.000153247 seconds or  10534.7 MUPD/s or  252.833 GB/s
STREAM triad of size  1770616 : min/avg/max: 0.000169525 0.000169915 0.000170306 seconds or  10444.6 MUPD/s or   250.67 GB/s
STREAM triad of size  1947680 : min/avg/max: 0.000186107 0.000186389 0.000186694 seconds or  10465.4 MUPD/s or  251.169 GB/s
STREAM triad of size  2142456 : min/avg/max: 0.000204949 0.000205252 0.000205687 seconds or  10453.6 MUPD/s or  250.887 GB/s
STREAM triad of size  2356704 : min/avg/max:  0.00022451 0.000224767 0.000225364 seconds or  10497.1 MUPD/s or   251.93 GB/s
STREAM triad of size  2592376 : min/avg/max: 0.000244791 0.000245107 0.000248095 seconds or  10590.2 MUPD/s or  254.164 GB/s
STREAM triad of size  2851616 : min/avg/max: 0.000269809  0.00027027 0.000271504 seconds or    10569 MUPD/s or  253.656 GB/s
STREAM triad of size  3136784 : min/avg/max: 0.000297708 0.000298105  0.00029886 seconds or  10536.4 MUPD/s or  252.874 GB/s
STREAM triad of size  3450464 : min/avg/max: 0.000331565 0.000331931 0.000332786 seconds or  10406.6 MUPD/s or  249.758 GB/s
STREAM triad of size  3795512 : min/avg/max: 0.000357862 0.000358438 0.000360062 seconds or  10606.1 MUPD/s or  254.546 GB/s
STREAM triad of size  4175064 : min/avg/max: 0.000395045 0.000395623 0.000396985 seconds or  10568.6 MUPD/s or  253.646 GB/s
STREAM triad of size  4592576 : min/avg/max: 0.000436067 0.000436458 0.000438232 seconds or  10531.8 MUPD/s or  252.763 GB/s
STREAM triad of size  5051840 : min/avg/max: 0.000477358 0.000477794  0.00047955 seconds or  10582.9 MUPD/s or   253.99 GB/s
STREAM triad of size  5557032 : min/avg/max: 0.000526023 0.000526393 0.000527512 seconds or  10564.2 MUPD/s or  253.542 GB/s
STREAM triad of size  6112736 : min/avg/max:   0.0005813 0.000581585 0.000583514 seconds or  10515.6 MUPD/s or  252.375 GB/s
STREAM triad of size  6724016 : min/avg/max: 0.000635597 0.000635922  0.00063743 seconds or  10579.1 MUPD/s or  253.897 GB/s
STREAM triad of size  7396424 : min/avg/max: 0.000697918 0.000698545 0.000700093 seconds or  10597.8 MUPD/s or  254.348 GB/s
STREAM triad of size  8136072 : min/avg/max: 0.000770317 0.000770604 0.000771765 seconds or    10562 MUPD/s or  253.488 GB/s
STREAM triad of size  8949680 : min/avg/max: 0.000843755 0.000844338 0.000845973 seconds or    10607 MUPD/s or  254.567 GB/s
STREAM triad of size  9844656 : min/avg/max: 0.000930353  0.00093097 0.000932682 seconds or  10581.6 MUPD/s or  253.959 GB/s
STREAM triad of size 10829128 : min/avg/max:  0.00102314  0.00102378  0.00102528 seconds or  10584.2 MUPD/s or  254.021 GB/s
STREAM triad of size 11912048 : min/avg/max:  0.00112445  0.00112506  0.00112734 seconds or  10593.7 MUPD/s or  254.248 GB/s
STREAM triad of size 13103256 : min/avg/max:  0.00124306  0.00124368  0.00124526 seconds or  10541.1 MUPD/s or  252.986 GB/s
STREAM triad of size 14413584 : min/avg/max:  0.00136041  0.00136094  0.00136244 seconds or    10595 MUPD/s or  254.281 GB/s
STREAM triad of size 15854944 : min/avg/max:  0.00149827  0.00149908  0.00150138 seconds or  10582.2 MUPD/s or  253.973 GB/s
STREAM triad of size 17440440 : min/avg/max:  0.00164634  0.00164733  0.00164981 seconds or  10593.5 MUPD/s or  254.243 GB/s
STREAM triad of size 19184488 : min/avg/max:  0.00181506  0.00181576  0.00181752 seconds or  10569.6 MUPD/s or  253.671 GB/s
STREAM triad of size 21102944 : min/avg/max:   0.0019922  0.00199289  0.00199453 seconds or  10592.8 MUPD/s or  254.227 GB/s
STREAM triad of size 23213240 : min/avg/max:  0.00218477  0.00218572  0.00218793 seconds or    10625 MUPD/s or      255 GB/s
STREAM triad of size 25534568 : min/avg/max:  0.00240746  0.00240857  0.00241057 seconds or  10606.4 MUPD/s or  254.554 GB/s
STREAM triad of size 28088032 : min/avg/max:  0.00265112   0.0026521  0.00265402 seconds or  10594.8 MUPD/s or  254.275 GB/s
STREAM triad of size 30896840 : min/avg/max:  0.00291875  0.00292033  0.00292217 seconds or  10585.6 MUPD/s or  254.055 GB/s
STREAM triad of size 33986528 : min/avg/max:  0.00320029  0.00320156  0.00320279 seconds or  10619.8 MUPD/s or  254.876 GB/s
STREAM triad of size 37385184 : min/avg/max:  0.00352308    0.003524  0.00352613 seconds or  10611.5 MUPD/s or  254.676 GB/s
STREAM triad of size 41123704 : min/avg/max:  0.00387752  0.00387909  0.00388219 seconds or  10605.7 MUPD/s or  254.536 GB/s
STREAM triad of size 45236080 : min/avg/max:  0.00426962  0.00427084  0.00427258 seconds or  10594.9 MUPD/s or  254.277 GB/s
STREAM triad of size 49759696 : min/avg/max:  0.00469427  0.00469524  0.00469638 seconds or  10600.1 MUPD/s or  254.402 GB/s
STREAM triad of size 54735672 : min/avg/max:  0.00516346  0.00516442  0.00516604 seconds or  10600.6 MUPD/s or  254.414 GB/s
STREAM triad of size 60209240 : min/avg/max:  0.00567748  0.00567875  0.00568019 seconds or  10604.9 MUPD/s or  254.518 GB/s
STREAM triad of size 66230168 : min/avg/max:  0.00625658   0.0062584  0.00627216 seconds or  10585.7 MUPD/s or  254.056 GB/s
STREAM triad of size 72853192 : min/avg/max:  0.00687128  0.00687391  0.00687664 seconds or  10602.6 MUPD/s or  254.462 GB/s
STREAM triad of size 80138512 : min/avg/max:  0.00755031  0.00755165  0.00755434 seconds or  10613.9 MUPD/s or  254.734 GB/s
STREAM triad of size 88152368 : min/avg/max:  0.00829783  0.00829913  0.00830132 seconds or  10623.5 MUPD/s or  254.965 GB/s
STREAM triad of size 96967608 : min/avg/max:  0.00914707   0.0091498  0.00915343 seconds or  10600.9 MUPD/s or  254.423 GB/s
