STREAM triad of size        8 : min/avg/max:     8.3e-09  9.1375e-09   1.665e-08 seconds or  963.855 MUPD/s or  11.5663 GB/s
STREAM triad of size       16 : min/avg/max:    4.15e-09  5.0025e-09    8.35e-09 seconds or  3855.42 MUPD/s or  46.2651 GB/s
STREAM triad of size       24 : min/avg/max:    1.04e-08   1.073e-08    1.46e-08 seconds or  2307.69 MUPD/s or  27.6923 GB/s
STREAM triad of size       32 : min/avg/max:    6.25e-09  6.8775e-09    1.25e-08 seconds or     5120 MUPD/s or    61.44 GB/s
STREAM triad of size       40 : min/avg/max:    1.25e-08 1.28125e-08    1.46e-08 seconds or     3200 MUPD/s or     38.4 GB/s
STREAM triad of size       48 : min/avg/max:     8.3e-09   9.055e-09    1.25e-08 seconds or  5783.13 MUPD/s or  69.3976 GB/s
STREAM triad of size       56 : min/avg/max:   1.665e-08 1.66975e-08    1.67e-08 seconds or  3363.36 MUPD/s or  40.3604 GB/s
STREAM triad of size       64 : min/avg/max:    1.04e-08  1.1565e-08    1.46e-08 seconds or  6153.85 MUPD/s or  73.8462 GB/s
STREAM triad of size       72 : min/avg/max:   1.665e-08 1.81275e-08   1.875e-08 seconds or  4324.32 MUPD/s or  51.8919 GB/s
STREAM triad of size       80 : min/avg/max:    1.25e-08  1.4375e-08   1.665e-08 seconds or     6400 MUPD/s or     76.8 GB/s
STREAM triad of size       96 : min/avg/max:   1.455e-08 1.66625e-08   1.875e-08 seconds or  6597.94 MUPD/s or  79.1753 GB/s
STREAM triad of size      112 : min/avg/max:   1.665e-08  1.8855e-08   2.085e-08 seconds or  6726.73 MUPD/s or  80.7207 GB/s
STREAM triad of size      128 : min/avg/max:    2.08e-08 2.14575e-08   2.295e-08 seconds or  6153.85 MUPD/s or  73.8462 GB/s
STREAM triad of size      144 : min/avg/max:    2.29e-08  2.4165e-08     2.5e-08 seconds or  6288.21 MUPD/s or  75.4585 GB/s
STREAM triad of size      160 : min/avg/max:     2.5e-08  2.6455e-08    3.33e-08 seconds or     6400 MUPD/s or     76.8 GB/s
STREAM triad of size      184 : min/avg/max:    3.33e-08  3.5105e-08    3.75e-08 seconds or  5525.53 MUPD/s or  66.3063 GB/s
STREAM triad of size      208 : min/avg/max:   3.125e-08   3.334e-08   3.545e-08 seconds or     6656 MUPD/s or   79.872 GB/s
STREAM triad of size      232 : min/avg/max:   4.165e-08   4.167e-08    4.17e-08 seconds or  5570.23 MUPD/s or  66.8427 GB/s
STREAM triad of size      256 : min/avg/max:   3.955e-08 4.03025e-08   4.375e-08 seconds or  6472.82 MUPD/s or  77.6738 GB/s
STREAM triad of size      288 : min/avg/max:   4.375e-08   4.542e-08   4.585e-08 seconds or  6582.86 MUPD/s or  78.9943 GB/s
STREAM triad of size      320 : min/avg/max:       5e-08 5.03125e-08    5.21e-08 seconds or     6400 MUPD/s or     76.8 GB/s
STREAM triad of size      360 : min/avg/max:    6.04e-08   6.198e-08   6.665e-08 seconds or  5960.26 MUPD/s or  71.5232 GB/s
STREAM triad of size      400 : min/avg/max:    6.04e-08 6.26025e-08   7.295e-08 seconds or  6622.52 MUPD/s or  79.4702 GB/s
STREAM triad of size      448 : min/avg/max:   6.875e-08 6.94775e-08    7.29e-08 seconds or  6516.36 MUPD/s or  78.1964 GB/s
STREAM triad of size      496 : min/avg/max:     7.5e-08 7.59375e-08    7.71e-08 seconds or  6613.33 MUPD/s or    79.36 GB/s
STREAM triad of size      552 : min/avg/max:   8.955e-08 9.10275e-08    9.79e-08 seconds or  6164.15 MUPD/s or  73.9698 GB/s
STREAM triad of size      608 : min/avg/max:   9.165e-08 9.34325e-08    9.79e-08 seconds or  6633.93 MUPD/s or  79.6072 GB/s
STREAM triad of size      672 : min/avg/max:       1e-07 1.02705e-07   1.125e-07 seconds or     6720 MUPD/s or    80.64 GB/s
STREAM triad of size      744 : min/avg/max:  1.1665e-07 1.20107e-07  1.3125e-07 seconds or  6378.05 MUPD/s or  76.5366 GB/s
STREAM triad of size      824 : min/avg/max:  1.2915e-07 1.30732e-07  1.3125e-07 seconds or  6380.18 MUPD/s or  76.5621 GB/s
STREAM triad of size      912 : min/avg/max:   1.375e-07 1.39785e-07     1.5e-07 seconds or  6632.73 MUPD/s or  79.5927 GB/s
STREAM triad of size     1008 : min/avg/max:  1.5205e-07 1.54995e-07  1.6455e-07 seconds or   6629.4 MUPD/s or  79.5528 GB/s
STREAM triad of size     1112 : min/avg/max:  2.6665e-07  3.3344e-07   3.417e-07 seconds or  4170.26 MUPD/s or  50.0431 GB/s
STREAM triad of size     1224 : min/avg/max:  1.9165e-07 3.34693e-07   3.625e-07 seconds or  6386.64 MUPD/s or  76.6397 GB/s
STREAM triad of size     1352 : min/avg/max:   2.083e-07 2.66348e-07  3.3955e-07 seconds or  6490.64 MUPD/s or  77.8877 GB/s
STREAM triad of size     1488 : min/avg/max:   2.229e-07  2.2708e-07   2.375e-07 seconds or  6675.64 MUPD/s or  80.1077 GB/s
STREAM triad of size     1640 : min/avg/max:   2.604e-07  2.6323e-07  2.7295e-07 seconds or     6298 MUPD/s or   75.576 GB/s
STREAM triad of size     1808 : min/avg/max:  2.7915e-07 2.84997e-07  2.9375e-07 seconds or   6476.8 MUPD/s or  77.7217 GB/s
STREAM triad of size     1992 : min/avg/max:   3.125e-07 3.15003e-07    3.25e-07 seconds or   6374.4 MUPD/s or  76.4928 GB/s
STREAM triad of size     2192 : min/avg/max:   3.375e-07 3.39165e-07     3.5e-07 seconds or  6494.81 MUPD/s or  77.9378 GB/s
STREAM triad of size     2416 : min/avg/max:  3.6875e-07  3.7208e-07   3.833e-07 seconds or  6551.86 MUPD/s or  78.6224 GB/s
STREAM triad of size     2664 : min/avg/max:  4.1455e-07 4.16662e-07    4.25e-07 seconds or  6426.25 MUPD/s or  77.1149 GB/s
STREAM triad of size     2936 : min/avg/max:  4.5415e-07 4.56245e-07  4.6665e-07 seconds or  6464.82 MUPD/s or  77.5779 GB/s
STREAM triad of size     3232 : min/avg/max:  4.9165e-07 4.93958e-07  4.9585e-07 seconds or  6573.78 MUPD/s or  78.8854 GB/s
STREAM triad of size     3560 : min/avg/max:  5.4375e-07  5.4834e-07  5.5415e-07 seconds or  6547.13 MUPD/s or  78.5655 GB/s
STREAM triad of size     3920 : min/avg/max:  5.9165e-07    5.95e-07       6e-07 seconds or  6625.54 MUPD/s or  79.5065 GB/s
STREAM triad of size     4320 : min/avg/max:  6.5205e-07  6.5625e-07  6.7295e-07 seconds or  6625.26 MUPD/s or  79.5031 GB/s
STREAM triad of size     4760 : min/avg/max:  6.1665e-07 6.20837e-07  6.3125e-07 seconds or  7719.13 MUPD/s or  92.6295 GB/s
STREAM triad of size     5240 : min/avg/max:  6.7705e-07 6.78748e-07  6.8125e-07 seconds or  7739.46 MUPD/s or  92.8735 GB/s
STREAM triad of size     5768 : min/avg/max:  7.4375e-07   7.674e-07   7.917e-07 seconds or  7755.29 MUPD/s or  93.0635 GB/s
STREAM triad of size     6352 : min/avg/max:   8.104e-07 8.36153e-07  8.6665e-07 seconds or   7838.1 MUPD/s or  94.0573 GB/s
STREAM triad of size     6992 : min/avg/max:   8.917e-07 8.95733e-07  9.0625e-07 seconds or   7841.2 MUPD/s or  94.0944 GB/s
STREAM triad of size     7696 : min/avg/max:   9.792e-07 9.90423e-07       1e-06 seconds or  7859.48 MUPD/s or  94.3137 GB/s
STREAM triad of size     8472 : min/avg/max:  1.0854e-06 1.08978e-06     1.1e-06 seconds or  7805.42 MUPD/s or   93.665 GB/s
STREAM triad of size     9320 : min/avg/max:  6.8955e-07 8.75835e-07  1.2708e-06 seconds or  13516.1 MUPD/s or  162.193 GB/s
STREAM triad of size    10256 : min/avg/max:  7.4375e-07 7.49687e-07    7.75e-07 seconds or  13789.6 MUPD/s or  165.475 GB/s
STREAM triad of size    11288 : min/avg/max:  8.2085e-07 8.25315e-07   8.375e-07 seconds or  13751.6 MUPD/s or  165.019 GB/s
STREAM triad of size    12424 : min/avg/max:  9.0835e-07   9.423e-07  1.2542e-06 seconds or  13677.5 MUPD/s or  164.131 GB/s
STREAM triad of size    13672 : min/avg/max: 1.09795e-06 1.51563e-06  1.6917e-06 seconds or  12452.3 MUPD/s or  149.428 GB/s
STREAM triad of size    15040 : min/avg/max:  1.1958e-06 1.21042e-06 1.23125e-06 seconds or  12577.4 MUPD/s or  150.928 GB/s
STREAM triad of size    16552 : min/avg/max:   2.125e-06 2.15553e-06 2.19375e-06 seconds or  7789.18 MUPD/s or  93.4701 GB/s
STREAM triad of size    18208 : min/avg/max:  3.1125e-06 3.13875e-06 3.17085e-06 seconds or  5849.96 MUPD/s or  70.1995 GB/s
STREAM triad of size    20032 : min/avg/max:     4.3e-06 4.35729e-06 4.52085e-06 seconds or   4658.6 MUPD/s or  55.9033 GB/s
STREAM triad of size    22040 : min/avg/max:   4.375e-06 4.55782e-06 5.14375e-06 seconds or  5037.71 MUPD/s or  60.4526 GB/s
STREAM triad of size    24248 : min/avg/max:  4.8125e-06 4.85437e-06  5.1208e-06 seconds or  5038.55 MUPD/s or  60.4625 GB/s
STREAM triad of size    26680 : min/avg/max:  5.3667e-06 5.40906e-06  5.4479e-06 seconds or   4971.4 MUPD/s or  59.6568 GB/s
STREAM triad of size    29352 : min/avg/max: 5.32915e-06 5.43948e-06  5.9875e-06 seconds or  5507.82 MUPD/s or  66.0938 GB/s
STREAM triad of size    32288 : min/avg/max:    5.85e-06 5.87885e-06 5.90625e-06 seconds or  5519.32 MUPD/s or  66.2318 GB/s
STREAM triad of size    35520 : min/avg/max: 5.81665e-06 6.48239e-06 6.95835e-06 seconds or  6106.61 MUPD/s or  73.2793 GB/s
STREAM triad of size    39080 : min/avg/max:  6.4375e-06 6.49177e-06 6.80415e-06 seconds or  6070.68 MUPD/s or  72.8482 GB/s
STREAM triad of size    42992 : min/avg/max: 7.01455e-06  7.1024e-06  7.4417e-06 seconds or  6128.97 MUPD/s or  73.5477 GB/s
STREAM triad of size    47296 : min/avg/max: 7.08125e-06 7.50552e-06 8.35415e-06 seconds or  6679.05 MUPD/s or  80.1486 GB/s
STREAM triad of size    52032 : min/avg/max:  7.7583e-06 7.80385e-06  8.0896e-06 seconds or  6706.62 MUPD/s or  80.4795 GB/s
STREAM triad of size    57240 : min/avg/max:   8.525e-06 8.58345e-06 9.03335e-06 seconds or  6714.37 MUPD/s or  80.5724 GB/s
STREAM triad of size    62968 : min/avg/max: 8.66455e-06  8.9301e-06    9.45e-06 seconds or  7267.31 MUPD/s or  87.2078 GB/s
STREAM triad of size    69272 : min/avg/max: 9.54585e-06 9.57927e-06  9.7667e-06 seconds or  7256.77 MUPD/s or  87.0812 GB/s
STREAM triad of size    76200 : min/avg/max:  1.0025e-05 1.01812e-05 1.05208e-05 seconds or     7601 MUPD/s or   91.212 GB/s
STREAM triad of size    83824 : min/avg/max: 1.07458e-05    1.11e-05  1.1775e-05 seconds or  7800.63 MUPD/s or  93.6075 GB/s
STREAM triad of size    92208 : min/avg/max: 1.15291e-05 1.16594e-05 1.21625e-05 seconds or  7997.81 MUPD/s or  95.9738 GB/s
STREAM triad of size   101432 : min/avg/max: 1.24813e-05 1.25965e-05 1.30333e-05 seconds or  8126.75 MUPD/s or   97.521 GB/s
STREAM triad of size   111576 : min/avg/max: 1.37313e-05 1.39369e-05 1.44312e-05 seconds or   8125.7 MUPD/s or  97.5084 GB/s
STREAM triad of size   122736 : min/avg/max: 1.50208e-05 1.52225e-05  1.5925e-05 seconds or  8171.04 MUPD/s or  98.0525 GB/s
STREAM triad of size   135016 : min/avg/max: 1.65667e-05 1.66975e-05    1.71e-05 seconds or  8149.87 MUPD/s or  97.7984 GB/s
STREAM triad of size   148520 : min/avg/max: 1.82396e-05 1.84186e-05 1.89083e-05 seconds or  8142.72 MUPD/s or  97.7127 GB/s
STREAM triad of size   163376 : min/avg/max: 2.00604e-05 2.01844e-05 2.04708e-05 seconds or   8144.2 MUPD/s or  97.7305 GB/s
STREAM triad of size   179720 : min/avg/max: 2.20687e-05 2.24195e-05 2.28458e-05 seconds or  8143.64 MUPD/s or  97.7237 GB/s
STREAM triad of size   197696 : min/avg/max: 2.42666e-05 2.47399e-05 2.56938e-05 seconds or  8146.82 MUPD/s or  97.7618 GB/s
STREAM triad of size   217472 : min/avg/max: 2.66562e-05 2.68909e-05 2.74333e-05 seconds or  8158.39 MUPD/s or  97.9006 GB/s
STREAM triad of size   239224 : min/avg/max: 2.93208e-05 2.96147e-05 3.01812e-05 seconds or  8158.84 MUPD/s or   97.906 GB/s
STREAM triad of size   263152 : min/avg/max: 3.22542e-05 3.33689e-05 4.21771e-05 seconds or  8158.69 MUPD/s or  97.9043 GB/s
STREAM triad of size   289472 : min/avg/max: 3.54688e-05 3.58374e-05 3.65792e-05 seconds or  8161.33 MUPD/s or  97.9359 GB/s
STREAM triad of size   318424 : min/avg/max: 3.90812e-05  3.9604e-05 4.21104e-05 seconds or  8147.74 MUPD/s or  97.7729 GB/s
STREAM triad of size   350272 : min/avg/max: 4.29292e-05 4.36517e-05 4.80437e-05 seconds or  8159.29 MUPD/s or  97.9115 GB/s
STREAM triad of size   385304 : min/avg/max:   4.725e-05  4.8231e-05 5.25813e-05 seconds or  8154.58 MUPD/s or   97.855 GB/s
STREAM triad of size   423840 : min/avg/max: 5.22833e-05 5.32273e-05 5.83333e-05 seconds or   8106.6 MUPD/s or  97.2792 GB/s
STREAM triad of size   466232 : min/avg/max: 5.73375e-05 5.83949e-05 6.18625e-05 seconds or  8131.36 MUPD/s or  97.5764 GB/s
STREAM triad of size   512856 : min/avg/max: 6.30812e-05 6.47032e-05 7.33146e-05 seconds or  8130.09 MUPD/s or   97.561 GB/s
STREAM triad of size   564144 : min/avg/max:  6.9275e-05 6.97835e-05 7.03729e-05 seconds or  8143.54 MUPD/s or  97.7225 GB/s
STREAM triad of size   620560 : min/avg/max: 7.63563e-05 7.82692e-05 8.88355e-05 seconds or  8127.17 MUPD/s or   97.526 GB/s
STREAM triad of size   682624 : min/avg/max: 8.38104e-05 8.46107e-05 8.62708e-05 seconds or  8144.86 MUPD/s or  97.7383 GB/s
STREAM triad of size   750888 : min/avg/max: 9.24042e-05  9.4894e-05 0.000101848 seconds or  8126.13 MUPD/s or  97.5135 GB/s
STREAM triad of size   825984 : min/avg/max: 0.000101631 0.000102744 0.000105892 seconds or  8127.26 MUPD/s or  97.5272 GB/s
STREAM triad of size   908584 : min/avg/max: 0.000115667 0.000118434 0.000128783 seconds or  7855.19 MUPD/s or  94.2623 GB/s
STREAM triad of size   999448 : min/avg/max:  0.00012429 0.000126448 0.000136898 seconds or  8041.28 MUPD/s or  96.4954 GB/s
STREAM triad of size  1099400 : min/avg/max: 0.000143835 0.000146136 0.000154917 seconds or  7643.46 MUPD/s or  91.7215 GB/s
STREAM triad of size  1209344 : min/avg/max: 0.000161381 0.000166784 0.000181004 seconds or  7493.71 MUPD/s or  89.9245 GB/s
STREAM triad of size  1330280 : min/avg/max: 0.000184406 0.000191464 0.000210379 seconds or  7213.86 MUPD/s or  86.5663 GB/s
STREAM triad of size  1463312 : min/avg/max: 0.000209444 0.000214968 0.000234821 seconds or  6986.66 MUPD/s or  83.8399 GB/s
STREAM triad of size  1609648 : min/avg/max: 0.000253583 0.000262352 0.000285208 seconds or  6347.61 MUPD/s or  76.1713 GB/s
STREAM triad of size  1770616 : min/avg/max:  0.00029429 0.000306026 0.000322854 seconds or  6016.58 MUPD/s or  72.1989 GB/s
STREAM triad of size  1947680 : min/avg/max: 0.000314777 0.000343874   0.0003737 seconds or  6187.49 MUPD/s or  74.2499 GB/s
STREAM triad of size  2142456 : min/avg/max: 0.000339308 0.000382713 0.000427219 seconds or  6314.19 MUPD/s or  75.7702 GB/s
STREAM triad of size  2356704 : min/avg/max: 0.000355094  0.00037087 0.000417046 seconds or  6636.85 MUPD/s or  79.6422 GB/s
STREAM triad of size  2592376 : min/avg/max:  0.00038599 0.000406179 0.000452017 seconds or  6716.18 MUPD/s or  80.5942 GB/s
STREAM triad of size  2851616 : min/avg/max: 0.000426106 0.000451632 0.000485931 seconds or  6692.27 MUPD/s or  80.3072 GB/s
STREAM triad of size  3136784 : min/avg/max:  0.00046654 0.000492043 0.000543969 seconds or  6723.51 MUPD/s or  80.6821 GB/s
STREAM triad of size  3450464 : min/avg/max:  0.00052024  0.00055066 0.000594067 seconds or  6632.45 MUPD/s or  79.5894 GB/s
STREAM triad of size  3795512 : min/avg/max: 0.000565767 0.000600511 0.000668548 seconds or  6708.62 MUPD/s or  80.5034 GB/s
STREAM triad of size  4175064 : min/avg/max: 0.000632362 0.000667021 0.000714242 seconds or  6602.33 MUPD/s or  79.2279 GB/s
STREAM triad of size  4592576 : min/avg/max: 0.000700342 0.000742901 0.000827856 seconds or  6557.62 MUPD/s or  78.6915 GB/s
STREAM triad of size  5051840 : min/avg/max: 0.000781083 0.000814925 0.000857002 seconds or  6467.74 MUPD/s or  77.6128 GB/s
STREAM triad of size  5557032 : min/avg/max: 0.000854981 0.000897376 0.000944631 seconds or   6499.6 MUPD/s or  77.9951 GB/s
STREAM triad of size  6112736 : min/avg/max: 0.000947244 0.000993217  0.00106129 seconds or  6453.18 MUPD/s or  77.4382 GB/s
STREAM triad of size  6724016 : min/avg/max:  0.00103722  0.00107724  0.00117329 seconds or  6482.74 MUPD/s or  77.7928 GB/s
STREAM triad of size  7396424 : min/avg/max:  0.00116241  0.00120772  0.00126726 seconds or  6363.01 MUPD/s or  76.3561 GB/s
STREAM triad of size  8136072 : min/avg/max:  0.00129151   0.0013446  0.00142639 seconds or  6299.68 MUPD/s or  75.5961 GB/s
STREAM triad of size  8949680 : min/avg/max:  0.00142054  0.00147827   0.0015529 seconds or  6300.21 MUPD/s or  75.6025 GB/s
STREAM triad of size  9844656 : min/avg/max:  0.00156404   0.0016224  0.00169352 seconds or  6294.39 MUPD/s or  75.5326 GB/s
STREAM triad of size 10829128 : min/avg/max:   0.0017179  0.00179826  0.00195233 seconds or  6303.72 MUPD/s or  75.6446 GB/s
STREAM triad of size 11912048 : min/avg/max:  0.00186981  0.00190236  0.00203587 seconds or  6370.73 MUPD/s or  76.4488 GB/s
STREAM triad of size 13103256 : min/avg/max:  0.00212403   0.0022007  0.00241388 seconds or  6169.06 MUPD/s or  74.0288 GB/s
STREAM triad of size 14413584 : min/avg/max:  0.00226629  0.00241053  0.00267777 seconds or  6359.99 MUPD/s or  76.3199 GB/s
STREAM triad of size 15854944 : min/avg/max:  0.00249687  0.00266797  0.00291886 seconds or  6349.91 MUPD/s or   76.199 GB/s
STREAM triad of size 17440440 : min/avg/max:  0.00277125   0.0028996  0.00318335 seconds or  6293.34 MUPD/s or  75.5201 GB/s
STREAM triad of size 19184488 : min/avg/max:  0.00303948  0.00313424  0.00332529 seconds or  6311.77 MUPD/s or  75.7412 GB/s
STREAM triad of size 21102944 : min/avg/max:   0.0033225  0.00354655  0.00375161 seconds or  6351.53 MUPD/s or  76.2184 GB/s
STREAM triad of size 23213240 : min/avg/max:  0.00378457  0.00391217  0.00403937 seconds or  6133.65 MUPD/s or  73.6038 GB/s
STREAM triad of size 25534568 : min/avg/max:  0.00404831  0.00426106  0.00448201 seconds or  6307.47 MUPD/s or  75.6896 GB/s
STREAM triad of size 28088032 : min/avg/max:  0.00463495  0.00476101  0.00522377 seconds or  6060.06 MUPD/s or  72.7207 GB/s
STREAM triad of size 30896840 : min/avg/max:  0.00490522  0.00504607  0.00527121 seconds or  6298.77 MUPD/s or  75.5852 GB/s
STREAM triad of size 33986528 : min/avg/max:  0.00540603  0.00545598  0.00580898 seconds or  6286.79 MUPD/s or  75.4414 GB/s
STREAM triad of size 37385184 : min/avg/max:   0.0059538  0.00626029  0.00699425 seconds or  6279.22 MUPD/s or  75.3506 GB/s
STREAM triad of size 41123704 : min/avg/max:  0.00655005  0.00672532  0.00729738 seconds or  6278.38 MUPD/s or  75.3406 GB/s
STREAM triad of size 45236080 : min/avg/max:  0.00746936   0.0079929   0.0097215 seconds or  6056.22 MUPD/s or  72.6746 GB/s
STREAM triad of size 49759696 : min/avg/max:  0.00785021  0.00836368  0.00919821 seconds or  6338.64 MUPD/s or  76.0637 GB/s
STREAM triad of size 54735672 : min/avg/max:  0.00875184   0.0090405  0.00928117 seconds or  6254.19 MUPD/s or  75.0503 GB/s
STREAM triad of size 60209240 : min/avg/max:  0.00984076  0.00998923   0.0104225 seconds or  6118.35 MUPD/s or  73.4202 GB/s
STREAM triad of size 66230168 : min/avg/max:   0.0106039   0.0116189   0.0201557 seconds or  6245.83 MUPD/s or  74.9499 GB/s
STREAM triad of size 72853192 : min/avg/max:   0.0116048   0.0128516   0.0166258 seconds or  6277.85 MUPD/s or  75.3342 GB/s
STREAM triad of size 80138512 : min/avg/max:   0.0126638   0.0131894   0.0140615 seconds or  6328.16 MUPD/s or  75.9379 GB/s
STREAM triad of size 88152368 : min/avg/max:   0.0140118   0.0149582   0.0175136 seconds or  6291.29 MUPD/s or  75.4955 GB/s
STREAM triad of size 96967608 : min/avg/max:   0.0158356   0.0162723   0.0186033 seconds or  6123.38 MUPD/s or  73.4805 GB/s
