STREAM triad of size        8 : min/avg/max:    6.25e-09   8.125e-09    1.25e-08 seconds or     1280 MUPD/s or    15.36 GB/s
STREAM triad of size       16 : min/avg/max:     2.1e-09  4.3825e-09    8.35e-09 seconds or  7619.05 MUPD/s or  91.4286 GB/s
STREAM triad of size       24 : min/avg/max:    8.35e-09 1.00025e-08    1.25e-08 seconds or  2874.25 MUPD/s or   34.491 GB/s
STREAM triad of size       32 : min/avg/max:    4.15e-09    6.35e-09    1.04e-08 seconds or  7710.84 MUPD/s or  92.5301 GB/s
STREAM triad of size       40 : min/avg/max:    1.04e-08  1.1665e-08    1.25e-08 seconds or  3846.15 MUPD/s or  46.1538 GB/s
STREAM triad of size       48 : min/avg/max:    6.25e-09  7.8125e-09    1.04e-08 seconds or     7680 MUPD/s or    92.16 GB/s
STREAM triad of size       56 : min/avg/max:    1.25e-08 1.36425e-08    2.08e-08 seconds or     4480 MUPD/s or    53.76 GB/s
STREAM triad of size       64 : min/avg/max:    8.35e-09   8.975e-09    1.25e-08 seconds or  7664.67 MUPD/s or   91.976 GB/s
STREAM triad of size       72 : min/avg/max:   1.455e-08   1.542e-08    1.67e-08 seconds or  4948.45 MUPD/s or  59.3814 GB/s
STREAM triad of size       80 : min/avg/max:    1.04e-08 1.21875e-08    1.46e-08 seconds or  7692.31 MUPD/s or  92.3077 GB/s
STREAM triad of size       96 : min/avg/max:   1.455e-08 1.46875e-08   1.665e-08 seconds or  6597.94 MUPD/s or  79.1753 GB/s
STREAM triad of size      112 : min/avg/max:    1.46e-08   1.575e-08    1.67e-08 seconds or  7671.23 MUPD/s or  92.0548 GB/s
STREAM triad of size      128 : min/avg/max:    1.67e-08 1.87525e-08   2.085e-08 seconds or  7664.67 MUPD/s or   91.976 GB/s
STREAM triad of size      144 : min/avg/max:   1.875e-08 1.94775e-08     2.5e-08 seconds or     7680 MUPD/s or    92.16 GB/s
STREAM triad of size      160 : min/avg/max:    2.08e-08 2.19875e-08   2.295e-08 seconds or  7692.31 MUPD/s or  92.3077 GB/s
STREAM triad of size      184 : min/avg/max:   2.915e-08 2.98925e-08   3.335e-08 seconds or  6312.18 MUPD/s or  75.7461 GB/s
STREAM triad of size      208 : min/avg/max:     2.5e-08 2.84375e-08    3.54e-08 seconds or     8320 MUPD/s or    99.84 GB/s
STREAM triad of size      232 : min/avg/max:    3.54e-08 3.58325e-08   4.165e-08 seconds or  6553.67 MUPD/s or  78.6441 GB/s
STREAM triad of size      256 : min/avg/max:    3.33e-08 3.53125e-08   4.375e-08 seconds or  7687.69 MUPD/s or  92.2523 GB/s
STREAM triad of size      288 : min/avg/max:    3.54e-08 3.87525e-08    3.96e-08 seconds or  8135.59 MUPD/s or  97.6271 GB/s
STREAM triad of size      320 : min/avg/max:   4.165e-08 4.33325e-08    4.79e-08 seconds or  7683.07 MUPD/s or  92.1969 GB/s
STREAM triad of size      360 : min/avg/max:     7.5e-08   7.875e-08    8.75e-08 seconds or     4800 MUPD/s or     57.6 GB/s
STREAM triad of size      400 : min/avg/max:     7.5e-08   7.698e-08   8.335e-08 seconds or  5333.33 MUPD/s or       64 GB/s
STREAM triad of size      448 : min/avg/max:    8.33e-08  8.6565e-08    9.17e-08 seconds or  5378.15 MUPD/s or  64.5378 GB/s
STREAM triad of size      496 : min/avg/max:   9.165e-08 9.53075e-08  1.0205e-07 seconds or  5411.89 MUPD/s or  64.9427 GB/s
STREAM triad of size      552 : min/avg/max:   1.104e-07 1.13958e-07   1.229e-07 seconds or     5000 MUPD/s or       60 GB/s
STREAM triad of size      608 : min/avg/max:  1.1455e-07 1.16445e-07  1.2705e-07 seconds or  5307.73 MUPD/s or  63.6927 GB/s
STREAM triad of size      672 : min/avg/max:  1.2295e-07  1.2657e-07  1.3335e-07 seconds or  5465.64 MUPD/s or  65.5876 GB/s
STREAM triad of size      744 : min/avg/max:  1.5625e-07 1.60325e-07  1.7085e-07 seconds or   4761.6 MUPD/s or  57.1392 GB/s
STREAM triad of size      824 : min/avg/max:   1.583e-07  1.6083e-07  1.6875e-07 seconds or  5205.31 MUPD/s or  62.4637 GB/s
STREAM triad of size      912 : min/avg/max:  1.6875e-07 1.70417e-07   1.771e-07 seconds or  5404.44 MUPD/s or  64.8533 GB/s
STREAM triad of size     1008 : min/avg/max:   1.854e-07 1.88327e-07  1.9585e-07 seconds or  5436.89 MUPD/s or  65.2427 GB/s
STREAM triad of size     1112 : min/avg/max:   2.104e-07  2.1334e-07  2.1875e-07 seconds or  5285.17 MUPD/s or  63.4221 GB/s
STREAM triad of size     1224 : min/avg/max:  2.3125e-07 2.35528e-07   2.417e-07 seconds or  5292.97 MUPD/s or  63.5157 GB/s
STREAM triad of size     1352 : min/avg/max:  2.0835e-07 2.11352e-07  2.1665e-07 seconds or  6489.08 MUPD/s or   77.869 GB/s
STREAM triad of size     1488 : min/avg/max:    9.17e-08 9.71875e-08  1.0625e-07 seconds or  16226.8 MUPD/s or  194.722 GB/s
STREAM triad of size     1640 : min/avg/max:  1.0415e-07 1.08227e-07   1.146e-07 seconds or  15746.5 MUPD/s or  188.958 GB/s
STREAM triad of size     1808 : min/avg/max:  1.1455e-07 1.21978e-07   1.292e-07 seconds or  15783.5 MUPD/s or  189.402 GB/s
STREAM triad of size     1992 : min/avg/max:  1.2705e-07 1.29882e-07  1.3955e-07 seconds or  15678.9 MUPD/s or  188.146 GB/s
STREAM triad of size     2192 : min/avg/max:  1.3545e-07 1.40002e-07  1.4795e-07 seconds or  16183.1 MUPD/s or  194.197 GB/s
STREAM triad of size     2416 : min/avg/max:  1.4795e-07 1.53965e-07   1.625e-07 seconds or  16329.8 MUPD/s or  195.958 GB/s
STREAM triad of size     2664 : min/avg/max:  1.6665e-07 1.72397e-07   1.833e-07 seconds or  15985.6 MUPD/s or  191.827 GB/s
STREAM triad of size     2936 : min/avg/max:  1.8125e-07 1.83028e-07   1.875e-07 seconds or  16198.6 MUPD/s or  194.383 GB/s
STREAM triad of size     3232 : min/avg/max:   1.979e-07 1.99685e-07   2.042e-07 seconds or  16331.5 MUPD/s or  195.978 GB/s
STREAM triad of size     3560 : min/avg/max:    2.25e-07 2.28335e-07  2.3335e-07 seconds or  15822.2 MUPD/s or  189.867 GB/s
STREAM triad of size     3920 : min/avg/max:  2.3545e-07 2.38963e-07   2.396e-07 seconds or    16649 MUPD/s or  199.788 GB/s
STREAM triad of size     4320 : min/avg/max:   2.625e-07 2.63855e-07  2.6875e-07 seconds or  16457.1 MUPD/s or  197.486 GB/s
STREAM triad of size     4760 : min/avg/max:  2.8955e-07  2.9447e-07  3.0835e-07 seconds or  16439.3 MUPD/s or  197.272 GB/s
STREAM triad of size     5240 : min/avg/max:  3.1875e-07 3.31665e-07  3.5625e-07 seconds or  16439.2 MUPD/s or  197.271 GB/s
STREAM triad of size     5768 : min/avg/max:   8.729e-07 8.76773e-07  8.8125e-07 seconds or  6607.86 MUPD/s or  79.2943 GB/s
STREAM triad of size     6352 : min/avg/max:  9.5415e-07 1.01542e-06 1.58125e-06 seconds or  6657.23 MUPD/s or  79.8868 GB/s
STREAM triad of size     6992 : min/avg/max:    1.05e-06 1.11186e-06 1.89375e-06 seconds or  6659.05 MUPD/s or  79.9086 GB/s
STREAM triad of size     7696 : min/avg/max: 1.15415e-06  1.1575e-06  1.1646e-06 seconds or  6668.11 MUPD/s or  80.0173 GB/s
STREAM triad of size     8472 : min/avg/max: 1.27915e-06 1.28146e-06  1.2875e-06 seconds or  6623.15 MUPD/s or  79.4778 GB/s
STREAM triad of size     9320 : min/avg/max: 1.19375e-06 1.27719e-06 1.41045e-06 seconds or  7807.33 MUPD/s or   93.688 GB/s
STREAM triad of size    10256 : min/avg/max:  1.3042e-06 1.31001e-06  1.3333e-06 seconds or  7863.82 MUPD/s or  94.3659 GB/s
STREAM triad of size    11288 : min/avg/max: 1.44165e-06 1.48053e-06  2.0292e-06 seconds or  7829.92 MUPD/s or   93.959 GB/s
STREAM triad of size    12424 : min/avg/max:     1.6e-06 1.71604e-06 3.41455e-06 seconds or     7765 MUPD/s or    93.18 GB/s
STREAM triad of size    13672 : min/avg/max:  1.9271e-06  1.9874e-06  2.4875e-06 seconds or   7094.6 MUPD/s or  85.1352 GB/s
STREAM triad of size    15040 : min/avg/max: 2.09795e-06 2.12271e-06 2.13955e-06 seconds or   7168.9 MUPD/s or  86.0268 GB/s
STREAM triad of size    16552 : min/avg/max:  2.1333e-06 2.18604e-06 2.86875e-06 seconds or  7758.87 MUPD/s or  93.1065 GB/s
STREAM triad of size    18208 : min/avg/max: 3.11875e-06 3.14812e-06 3.20205e-06 seconds or  5838.24 MUPD/s or  70.0588 GB/s
STREAM triad of size    20032 : min/avg/max:  4.3271e-06 4.35552e-06  4.4021e-06 seconds or  4629.43 MUPD/s or  55.5531 GB/s
STREAM triad of size    22040 : min/avg/max:  4.7979e-06 4.98416e-06 5.41665e-06 seconds or  4593.68 MUPD/s or  55.1241 GB/s
STREAM triad of size    24248 : min/avg/max:    4.55e-06 4.98375e-06 5.84585e-06 seconds or  5329.23 MUPD/s or  63.9508 GB/s
STREAM triad of size    26680 : min/avg/max:  5.3771e-06 5.51937e-06 6.25205e-06 seconds or  4961.78 MUPD/s or  59.5414 GB/s
STREAM triad of size    29352 : min/avg/max:  5.3458e-06 5.84188e-06  6.3333e-06 seconds or  5490.67 MUPD/s or   65.888 GB/s
STREAM triad of size    32288 : min/avg/max: 5.89165e-06  5.9151e-06  6.0646e-06 seconds or   5480.3 MUPD/s or  65.7636 GB/s
STREAM triad of size    35520 : min/avg/max:  6.4354e-06  6.5426e-06 7.09375e-06 seconds or  5519.47 MUPD/s or  66.2336 GB/s
STREAM triad of size    39080 : min/avg/max:  6.4354e-06 6.48312e-06 6.80835e-06 seconds or  6072.66 MUPD/s or  72.8719 GB/s
STREAM triad of size    42992 : min/avg/max:  7.0104e-06 7.04374e-06 7.10415e-06 seconds or   6132.6 MUPD/s or  73.5912 GB/s
STREAM triad of size    47296 : min/avg/max:   7.075e-06 7.67499e-06  7.8896e-06 seconds or  6684.95 MUPD/s or  80.2194 GB/s
STREAM triad of size    52032 : min/avg/max: 7.75835e-06 7.78115e-06  7.8021e-06 seconds or  6706.58 MUPD/s or   80.479 GB/s
STREAM triad of size    57240 : min/avg/max:  8.5104e-06 8.55667e-06 8.87295e-06 seconds or  6725.89 MUPD/s or  80.7107 GB/s
STREAM triad of size    62968 : min/avg/max: 8.70625e-06 9.13458e-06 9.48955e-06 seconds or  7232.51 MUPD/s or  86.7901 GB/s
STREAM triad of size    69272 : min/avg/max:  9.5521e-06 9.65688e-06 1.03917e-05 seconds or  7252.02 MUPD/s or  87.0242 GB/s
STREAM triad of size    76200 : min/avg/max: 1.00292e-05 1.02727e-05 1.07875e-05 seconds or  7597.85 MUPD/s or  91.1742 GB/s
STREAM triad of size    83824 : min/avg/max: 1.09937e-05 1.10548e-05  1.1375e-05 seconds or   7624.7 MUPD/s or  91.4964 GB/s
STREAM triad of size    92208 : min/avg/max: 1.16084e-05 1.17593e-05 1.20437e-05 seconds or  7943.25 MUPD/s or   95.319 GB/s
STREAM triad of size   101432 : min/avg/max: 1.25583e-05 1.31895e-05 1.56625e-05 seconds or  8076.89 MUPD/s or  96.9227 GB/s
STREAM triad of size   111576 : min/avg/max: 1.37917e-05 1.39431e-05 1.44604e-05 seconds or  8090.11 MUPD/s or  97.0813 GB/s
STREAM triad of size   122736 : min/avg/max: 1.51021e-05 1.54093e-05 1.63708e-05 seconds or  8127.08 MUPD/s or   97.525 GB/s
STREAM triad of size   135016 : min/avg/max: 1.67083e-05 1.70203e-05 1.77291e-05 seconds or  8080.77 MUPD/s or  96.9693 GB/s
STREAM triad of size   148520 : min/avg/max:  1.8323e-05  1.8541e-05 1.94125e-05 seconds or  8105.68 MUPD/s or  97.2682 GB/s
STREAM triad of size   163376 : min/avg/max:  2.0152e-05 2.03219e-05 2.07666e-05 seconds or  8107.17 MUPD/s or   97.286 GB/s
STREAM triad of size   179720 : min/avg/max: 2.21604e-05 2.23533e-05 2.30563e-05 seconds or  8109.96 MUPD/s or  97.3195 GB/s
STREAM triad of size   197696 : min/avg/max: 2.43938e-05 2.46992e-05 2.54521e-05 seconds or  8104.37 MUPD/s or  97.2525 GB/s
STREAM triad of size   217472 : min/avg/max: 2.66729e-05 2.71192e-05  2.8475e-05 seconds or  8153.29 MUPD/s or  97.8395 GB/s
STREAM triad of size   239224 : min/avg/max: 2.93145e-05 2.97406e-05 3.26854e-05 seconds or  8160.59 MUPD/s or  97.9271 GB/s
STREAM triad of size   263152 : min/avg/max: 3.24042e-05 3.30155e-05 3.47521e-05 seconds or  8120.92 MUPD/s or  97.4511 GB/s
STREAM triad of size   289472 : min/avg/max:  3.5575e-05 3.58776e-05 3.62063e-05 seconds or  8136.95 MUPD/s or  97.6434 GB/s
STREAM triad of size   318424 : min/avg/max: 3.91875e-05 3.94984e-05 4.04917e-05 seconds or  8125.65 MUPD/s or  97.5078 GB/s
STREAM triad of size   350272 : min/avg/max: 4.30855e-05 4.35413e-05    4.48e-05 seconds or  8129.71 MUPD/s or  97.5565 GB/s
STREAM triad of size   385304 : min/avg/max: 4.75187e-05 4.83489e-05 5.52729e-05 seconds or  8108.46 MUPD/s or  97.3015 GB/s
STREAM triad of size   423840 : min/avg/max: 5.20938e-05 5.25104e-05 5.32645e-05 seconds or   8136.1 MUPD/s or  97.6332 GB/s
STREAM triad of size   466232 : min/avg/max: 5.73292e-05  5.7996e-05 6.18792e-05 seconds or  8132.54 MUPD/s or  97.5905 GB/s
STREAM triad of size   512856 : min/avg/max:   6.305e-05 6.39145e-05 6.87979e-05 seconds or  8134.12 MUPD/s or  97.6094 GB/s
STREAM triad of size   564144 : min/avg/max: 6.94354e-05 7.07426e-05 7.59062e-05 seconds or  8124.73 MUPD/s or  97.4968 GB/s
STREAM triad of size   620560 : min/avg/max:  7.6248e-05 7.69579e-05 7.99188e-05 seconds or  8138.71 MUPD/s or  97.6645 GB/s
STREAM triad of size   682624 : min/avg/max: 8.39209e-05 8.50589e-05 9.21812e-05 seconds or  8134.14 MUPD/s or  97.6097 GB/s
STREAM triad of size   750888 : min/avg/max:  9.2475e-05 9.31294e-05 9.43292e-05 seconds or   8119.9 MUPD/s or  97.4388 GB/s
STREAM triad of size   825984 : min/avg/max:  0.00010209 0.000104554 0.000112771 seconds or  8090.78 MUPD/s or  97.0893 GB/s
STREAM triad of size   908584 : min/avg/max: 0.000112096 0.000113726 0.000116638 seconds or  8105.42 MUPD/s or   97.265 GB/s
STREAM triad of size   999448 : min/avg/max: 0.000125148 0.000126649 0.000129829 seconds or  7986.13 MUPD/s or  95.8336 GB/s
STREAM triad of size  1099400 : min/avg/max: 0.000147085 0.000150766 0.000163317 seconds or  7474.57 MUPD/s or  89.6948 GB/s
STREAM triad of size  1209344 : min/avg/max: 0.000155944 0.000159116 0.000168002 seconds or     7755 MUPD/s or    93.06 GB/s
STREAM triad of size  1330280 : min/avg/max: 0.000188323 0.000193634 0.000206521 seconds or  7063.82 MUPD/s or  84.7659 GB/s
STREAM triad of size  1463312 : min/avg/max: 0.000207352 0.000214062 0.000242496 seconds or  7057.14 MUPD/s or  84.6856 GB/s
STREAM triad of size  1609648 : min/avg/max: 0.000246077 0.000255374 0.000283898 seconds or  6541.23 MUPD/s or  78.4948 GB/s
STREAM triad of size  1770616 : min/avg/max: 0.000285152 0.000302834 0.000333804 seconds or  6209.37 MUPD/s or  74.5125 GB/s
STREAM triad of size  1947680 : min/avg/max: 0.000317546 0.000335758 0.000373546 seconds or  6133.54 MUPD/s or  73.6025 GB/s
STREAM triad of size  2142456 : min/avg/max: 0.000330817 0.000373603 0.000406492 seconds or  6476.26 MUPD/s or  77.7152 GB/s
STREAM triad of size  2356704 : min/avg/max: 0.000356681  0.00038118 0.000447433 seconds or  6607.31 MUPD/s or  79.2877 GB/s
STREAM triad of size  2592376 : min/avg/max: 0.000384025 0.000409514 0.000444919 seconds or  6750.54 MUPD/s or  81.0065 GB/s
STREAM triad of size  2851616 : min/avg/max: 0.000423896 0.000453705 0.000522094 seconds or  6727.16 MUPD/s or   80.726 GB/s
STREAM triad of size  3136784 : min/avg/max: 0.000465915 0.000487015  0.00051786 seconds or  6732.53 MUPD/s or  80.7904 GB/s
STREAM triad of size  3450464 : min/avg/max: 0.000516375 0.000543873 0.000585033 seconds or  6682.09 MUPD/s or  80.1851 GB/s
STREAM triad of size  3795512 : min/avg/max: 0.000570275 0.000604398 0.000688548 seconds or  6655.58 MUPD/s or   79.867 GB/s
STREAM triad of size  4175064 : min/avg/max: 0.000628067 0.000661573 0.000695479 seconds or  6647.49 MUPD/s or  79.7698 GB/s
STREAM triad of size  4592576 : min/avg/max: 0.000709271 0.000751615 0.000828529 seconds or  6475.07 MUPD/s or  77.7008 GB/s
STREAM triad of size  5051840 : min/avg/max: 0.000773406 0.000802217  0.00086266 seconds or  6531.94 MUPD/s or  78.3832 GB/s
STREAM triad of size  5557032 : min/avg/max: 0.000853633 0.000878432  0.00102839 seconds or  6509.86 MUPD/s or  78.1183 GB/s
STREAM triad of size  6112736 : min/avg/max:  0.00097154  0.00101756  0.00109366 seconds or   6291.8 MUPD/s or  75.5016 GB/s
STREAM triad of size  6724016 : min/avg/max:  0.00107253   0.0011383   0.0015585 seconds or   6269.3 MUPD/s or  75.2316 GB/s
STREAM triad of size  7396424 : min/avg/max:  0.00115343  0.00121295  0.00134811 seconds or  6412.57 MUPD/s or  76.9509 GB/s
STREAM triad of size  8136072 : min/avg/max:  0.00126385  0.00131443  0.00148827 seconds or  6437.55 MUPD/s or  77.2506 GB/s
STREAM triad of size  8949680 : min/avg/max:  0.00142259  0.00149014  0.00158236 seconds or  6291.11 MUPD/s or  75.4933 GB/s
STREAM triad of size  9844656 : min/avg/max:  0.00154752  0.00161536  0.00173416 seconds or  6361.57 MUPD/s or  76.3389 GB/s
STREAM triad of size 10829128 : min/avg/max:  0.00170874  0.00178763  0.00206014 seconds or  6337.49 MUPD/s or  76.0498 GB/s
STREAM triad of size 11912048 : min/avg/max:  0.00188099  0.00195736  0.00215626 seconds or  6332.87 MUPD/s or  75.9944 GB/s
STREAM triad of size 13103256 : min/avg/max:  0.00213088  0.00218167  0.00229742 seconds or  6149.22 MUPD/s or  73.7906 GB/s
STREAM triad of size 14413584 : min/avg/max:  0.00226184  0.00232439  0.00246523 seconds or   6372.5 MUPD/s or  76.4701 GB/s
STREAM triad of size 15854944 : min/avg/max:  0.00256634  0.00259906   0.0026678 seconds or  6178.03 MUPD/s or  74.1364 GB/s
STREAM triad of size 17440440 : min/avg/max:  0.00281528  0.00287598   0.0030047 seconds or  6194.92 MUPD/s or   74.339 GB/s
STREAM triad of size 19184488 : min/avg/max:  0.00301785   0.0031213   0.0032474 seconds or  6357.01 MUPD/s or  76.2841 GB/s
STREAM triad of size 21102944 : min/avg/max:  0.00336447  0.00346004  0.00356881 seconds or   6272.3 MUPD/s or  75.2676 GB/s
STREAM triad of size 23213240 : min/avg/max:  0.00374686  0.00382521  0.00394039 seconds or  6195.38 MUPD/s or  74.3446 GB/s
STREAM triad of size 25534568 : min/avg/max:  0.00406261  0.00415382   0.0042611 seconds or  6285.27 MUPD/s or  75.4232 GB/s
STREAM triad of size 28088032 : min/avg/max:  0.00452225  0.00459612  0.00470408 seconds or  6211.07 MUPD/s or  74.5329 GB/s
STREAM triad of size 30896840 : min/avg/max:  0.00492014  0.00514576  0.00547897 seconds or  6279.66 MUPD/s or  75.3559 GB/s
STREAM triad of size 33986528 : min/avg/max:  0.00535915  0.00554535  0.00583617 seconds or  6341.78 MUPD/s or  76.1013 GB/s
STREAM triad of size 37385184 : min/avg/max:  0.00598922  0.00615062  0.00650157 seconds or  6242.08 MUPD/s or  74.9049 GB/s
STREAM triad of size 41123704 : min/avg/max:  0.00649887  0.00659417  0.00682876 seconds or  6327.82 MUPD/s or  75.9338 GB/s
STREAM triad of size 45236080 : min/avg/max:  0.00713111  0.00726906  0.00755891 seconds or  6343.48 MUPD/s or  76.1218 GB/s
STREAM triad of size 49759696 : min/avg/max:  0.00807985  0.00817651  0.00836777 seconds or  6158.49 MUPD/s or  73.9019 GB/s
STREAM triad of size 54735672 : min/avg/max:  0.00887575  0.00902161  0.00953823 seconds or  6166.88 MUPD/s or  74.0026 GB/s
STREAM triad of size 60209240 : min/avg/max:  0.00979079  0.00991826   0.0100655 seconds or  6149.58 MUPD/s or  73.7949 GB/s
STREAM triad of size 66230168 : min/avg/max:   0.0104524    0.010628   0.0110172 seconds or  6336.34 MUPD/s or   76.036 GB/s
STREAM triad of size 72853192 : min/avg/max:   0.0114763   0.0117801   0.0122531 seconds or  6348.14 MUPD/s or  76.1777 GB/s
STREAM triad of size 80138512 : min/avg/max:     0.01267   0.0131852   0.0137526 seconds or  6325.04 MUPD/s or  75.9005 GB/s
STREAM triad of size 88152368 : min/avg/max:   0.0138837   0.0143061   0.0147427 seconds or  6349.33 MUPD/s or   76.192 GB/s
STREAM triad of size 96967608 : min/avg/max:   0.0153374   0.0159089    0.016361 seconds or  6322.31 MUPD/s or  75.8677 GB/s