STREAM triad of size        8 : min/avg/max: 3.68328e-09 4.41135e-09 6.10926e-09 seconds or  2171.98 MUPD/s or  26.0637 GB/s
STREAM triad of size       16 : min/avg/max: 4.69897e-09 4.73843e-09  4.8087e-09 seconds or     3405 MUPD/s or    40.86 GB/s
STREAM triad of size       24 : min/avg/max: 6.05302e-09 6.12132e-09 6.24041e-09 seconds or  3964.96 MUPD/s or  47.5796 GB/s
STREAM triad of size       32 : min/avg/max: 7.47092e-09 7.53577e-09 7.67213e-09 seconds or  4283.28 MUPD/s or  51.3993 GB/s
STREAM triad of size       40 : min/avg/max: 8.82548e-09 8.89842e-09 9.04002e-09 seconds or  4532.33 MUPD/s or   54.388 GB/s
STREAM triad of size       48 : min/avg/max: 1.01884e-08 1.02755e-08 1.04716e-08 seconds or  4711.24 MUPD/s or  56.5349 GB/s
STREAM triad of size       56 : min/avg/max: 1.15367e-08 1.15978e-08 1.18129e-08 seconds or  4854.07 MUPD/s or  58.2488 GB/s
STREAM triad of size       64 : min/avg/max: 1.28864e-08 1.29895e-08 1.31954e-08 seconds or  4966.47 MUPD/s or  59.5976 GB/s
STREAM triad of size       72 : min/avg/max: 1.41935e-08 1.43038e-08 1.45589e-08 seconds or  5072.76 MUPD/s or  60.8731 GB/s
STREAM triad of size       80 : min/avg/max: 1.55473e-08 1.56608e-08 1.59348e-08 seconds or  5145.58 MUPD/s or   61.747 GB/s
STREAM triad of size       96 : min/avg/max: 1.82384e-08  1.8381e-08 1.86718e-08 seconds or  5263.63 MUPD/s or  63.1635 GB/s
STREAM triad of size      112 : min/avg/max: 2.09682e-08 2.10701e-08 2.13999e-08 seconds or  5341.41 MUPD/s or   64.097 GB/s
STREAM triad of size      128 : min/avg/max: 2.36302e-08 2.37668e-08 2.41561e-08 seconds or   5416.8 MUPD/s or  65.0016 GB/s
STREAM triad of size      144 : min/avg/max: 2.63299e-08 2.64643e-08   2.693e-08 seconds or  5469.07 MUPD/s or  65.6289 GB/s
STREAM triad of size      160 : min/avg/max: 2.90196e-08 2.91654e-08 2.96377e-08 seconds or  5513.52 MUPD/s or  66.1623 GB/s
STREAM triad of size      184 : min/avg/max: 3.30382e-08 3.31815e-08 3.37116e-08 seconds or  5569.32 MUPD/s or  66.8318 GB/s
STREAM triad of size      208 : min/avg/max: 3.69614e-08 3.72148e-08 3.78407e-08 seconds or   5627.5 MUPD/s or    67.53 GB/s
STREAM triad of size      232 : min/avg/max: 4.10758e-08 4.12145e-08 4.19417e-08 seconds or   5648.1 MUPD/s or  67.7772 GB/s
STREAM triad of size      256 : min/avg/max:  4.8529e-08  4.9179e-08 5.12185e-08 seconds or   5275.2 MUPD/s or  63.3024 GB/s
STREAM triad of size      288 : min/avg/max: 5.65845e-08 5.67977e-08 5.76131e-08 seconds or  5089.74 MUPD/s or  61.0768 GB/s
STREAM triad of size      320 : min/avg/max: 6.22774e-08 6.24472e-08  6.3399e-08 seconds or   5138.3 MUPD/s or  61.6596 GB/s
STREAM triad of size      360 : min/avg/max: 6.89755e-08 6.91676e-08 7.02386e-08 seconds or  5219.24 MUPD/s or  62.6309 GB/s
STREAM triad of size      400 : min/avg/max: 7.56683e-08 7.58854e-08  7.7043e-08 seconds or  5286.23 MUPD/s or  63.4348 GB/s
STREAM triad of size      448 : min/avg/max: 8.37045e-08 8.39608e-08 8.52947e-08 seconds or  5352.16 MUPD/s or   64.226 GB/s
STREAM triad of size      496 : min/avg/max: 9.17414e-08 9.20204e-08 9.36045e-08 seconds or   5406.5 MUPD/s or   64.878 GB/s
STREAM triad of size      552 : min/avg/max: 1.01119e-07 1.02291e-07 1.04628e-07 seconds or  5458.93 MUPD/s or  65.5072 GB/s
STREAM triad of size      608 : min/avg/max: 1.10496e-07  1.1082e-07 1.12556e-07 seconds or  5502.44 MUPD/s or  66.0292 GB/s
STREAM triad of size      672 : min/avg/max: 1.21212e-07  1.2159e-07 1.23591e-07 seconds or     5544 MUPD/s or   66.528 GB/s
STREAM triad of size      744 : min/avg/max: 1.33256e-07 1.33538e-07 1.35881e-07 seconds or  5583.24 MUPD/s or  66.9988 GB/s
STREAM triad of size      824 : min/avg/max: 1.46648e-07 1.47097e-07 1.49557e-07 seconds or  5618.88 MUPD/s or  67.4266 GB/s
STREAM triad of size      912 : min/avg/max: 1.61382e-07   1.619e-07  1.6462e-07 seconds or  5651.18 MUPD/s or  67.8141 GB/s
STREAM triad of size     1008 : min/avg/max: 1.77458e-07 1.78039e-07 1.81137e-07 seconds or   5680.2 MUPD/s or  68.1624 GB/s
STREAM triad of size     1112 : min/avg/max: 1.94869e-07 1.95492e-07 1.98916e-07 seconds or  5706.39 MUPD/s or  68.4767 GB/s
STREAM triad of size     1224 : min/avg/max: 2.13623e-07 2.14281e-07 2.17951e-07 seconds or  5729.73 MUPD/s or  68.7568 GB/s
STREAM triad of size     1352 : min/avg/max: 2.35058e-07 2.35569e-07 2.39834e-07 seconds or  5751.78 MUPD/s or  69.0214 GB/s
STREAM triad of size     1488 : min/avg/max: 2.57832e-07 2.58642e-07 2.62927e-07 seconds or  5771.19 MUPD/s or  69.2543 GB/s
STREAM triad of size     1640 : min/avg/max: 2.83288e-07 2.84238e-07 2.89215e-07 seconds or  5789.16 MUPD/s or    69.47 GB/s
STREAM triad of size     1808 : min/avg/max: 3.11425e-07 3.12375e-07   3.179e-07 seconds or  5805.57 MUPD/s or  69.6669 GB/s
STREAM triad of size     1992 : min/avg/max: 3.42251e-07 3.42998e-07 3.49018e-07 seconds or  5820.29 MUPD/s or  69.8434 GB/s
STREAM triad of size     2192 : min/avg/max: 3.75747e-07 3.76898e-07 3.83446e-07 seconds or  5833.71 MUPD/s or  70.0045 GB/s
STREAM triad of size     2416 : min/avg/max: 4.13292e-07 4.14641e-07 4.22119e-07 seconds or  5845.74 MUPD/s or  70.1489 GB/s
STREAM triad of size     2664 : min/avg/max: 4.55632e-07 4.57095e-07 4.65097e-07 seconds or  5846.82 MUPD/s or  70.1619 GB/s
STREAM triad of size     2936 : min/avg/max:  6.0855e-07 6.18358e-07 6.30302e-07 seconds or  4824.58 MUPD/s or   57.895 GB/s
STREAM triad of size     3232 : min/avg/max: 7.65593e-07  7.7758e-07 7.93899e-07 seconds or  4221.57 MUPD/s or  50.6588 GB/s
STREAM triad of size     3560 : min/avg/max: 8.84375e-07 8.94854e-07 9.13727e-07 seconds or  4025.44 MUPD/s or  48.3053 GB/s
STREAM triad of size     3920 : min/avg/max: 9.39023e-07 9.68399e-07 1.00507e-06 seconds or  4174.55 MUPD/s or  50.0946 GB/s
STREAM triad of size     4320 : min/avg/max: 1.03707e-06 1.06729e-06 1.09713e-06 seconds or  4165.59 MUPD/s or  49.9871 GB/s
STREAM triad of size     4760 : min/avg/max: 1.12337e-06 1.14445e-06 1.18905e-06 seconds or  4237.25 MUPD/s or   50.847 GB/s
STREAM triad of size     5240 : min/avg/max: 1.22764e-06 1.26028e-06 1.30877e-06 seconds or  4268.35 MUPD/s or  51.2202 GB/s
STREAM triad of size     5768 : min/avg/max: 1.34536e-06 1.38934e-06 1.43954e-06 seconds or  4287.34 MUPD/s or   51.448 GB/s
STREAM triad of size     6352 : min/avg/max: 1.50446e-06 1.54913e-06 1.59251e-06 seconds or  4222.12 MUPD/s or  50.6654 GB/s
STREAM triad of size     6992 : min/avg/max: 1.67958e-06 1.69862e-06 1.78347e-06 seconds or  4162.96 MUPD/s or  49.9555 GB/s
STREAM triad of size     7696 : min/avg/max: 1.99514e-06 2.01912e-06 2.07214e-06 seconds or  3857.36 MUPD/s or  46.2884 GB/s
STREAM triad of size     8472 : min/avg/max:  2.0555e-06 2.07986e-06 2.13401e-06 seconds or  4121.63 MUPD/s or  49.4596 GB/s
STREAM triad of size     9320 : min/avg/max: 2.26137e-06 2.29259e-06 2.33856e-06 seconds or   4121.4 MUPD/s or  49.4567 GB/s
STREAM triad of size    10256 : min/avg/max: 2.86016e-06 2.89312e-06 2.94825e-06 seconds or  3585.81 MUPD/s or  43.0297 GB/s
STREAM triad of size    11288 : min/avg/max: 3.27253e-06 3.29323e-06 3.35211e-06 seconds or  3449.32 MUPD/s or  41.3919 GB/s
STREAM triad of size    12424 : min/avg/max: 3.19346e-06 3.21751e-06 3.28488e-06 seconds or  3890.45 MUPD/s or  46.6854 GB/s
STREAM triad of size    13672 : min/avg/max: 3.48285e-06 3.50671e-06 3.56401e-06 seconds or  3925.52 MUPD/s or  47.1062 GB/s
STREAM triad of size    15040 : min/avg/max: 3.92383e-06 3.94792e-06 4.00559e-06 seconds or  3832.99 MUPD/s or  45.9958 GB/s
STREAM triad of size    16552 : min/avg/max: 4.42748e-06 4.45321e-06 4.51852e-06 seconds or  3738.47 MUPD/s or  44.8617 GB/s
STREAM triad of size    18208 : min/avg/max: 4.82612e-06 4.85544e-06 4.92398e-06 seconds or   3772.8 MUPD/s or  45.2736 GB/s
STREAM triad of size    20032 : min/avg/max: 5.42876e-06  5.4564e-06 5.51976e-06 seconds or  3689.98 MUPD/s or  44.2798 GB/s
STREAM triad of size    22040 : min/avg/max: 6.69797e-06 6.72092e-06 6.78234e-06 seconds or  3290.55 MUPD/s or  39.4866 GB/s
STREAM triad of size    24248 : min/avg/max: 7.12291e-06 7.15075e-06 7.22208e-06 seconds or  3404.23 MUPD/s or  40.8507 GB/s
STREAM triad of size    26680 : min/avg/max: 8.60457e-06  8.6367e-06 8.70947e-06 seconds or  3100.68 MUPD/s or  37.2081 GB/s
STREAM triad of size    29352 : min/avg/max: 1.05157e-05 1.05477e-05 1.06415e-05 seconds or  2791.26 MUPD/s or  33.4952 GB/s
STREAM triad of size    32288 : min/avg/max: 1.24859e-05 1.25301e-05 1.26123e-05 seconds or  2585.95 MUPD/s or  31.0314 GB/s
STREAM triad of size    35520 : min/avg/max: 1.46454e-05 1.47001e-05 1.49008e-05 seconds or  2425.33 MUPD/s or  29.1039 GB/s
STREAM triad of size    39080 : min/avg/max: 1.69366e-05 1.69901e-05 1.70967e-05 seconds or  2307.43 MUPD/s or  27.6891 GB/s
STREAM triad of size    42992 : min/avg/max: 1.88285e-05 1.88838e-05 1.89866e-05 seconds or  2283.35 MUPD/s or  27.4002 GB/s
STREAM triad of size    47296 : min/avg/max: 2.08087e-05 2.08682e-05 2.09831e-05 seconds or   2272.9 MUPD/s or  27.2748 GB/s
STREAM triad of size    52032 : min/avg/max: 2.29029e-05 2.29706e-05 2.30997e-05 seconds or  2271.85 MUPD/s or  27.2622 GB/s
STREAM triad of size    57240 : min/avg/max: 2.52267e-05 2.52997e-05 2.54412e-05 seconds or  2269.02 MUPD/s or  27.2283 GB/s
STREAM triad of size    62968 : min/avg/max:   2.773e-05 2.78248e-05 2.80345e-05 seconds or  2270.75 MUPD/s or   27.249 GB/s
STREAM triad of size    69272 : min/avg/max: 3.05032e-05 3.05944e-05 3.07539e-05 seconds or  2270.97 MUPD/s or  27.2517 GB/s
STREAM triad of size    76200 : min/avg/max: 3.35737e-05  3.3669e-05 3.38447e-05 seconds or  2269.63 MUPD/s or  27.2356 GB/s
STREAM triad of size    83824 : min/avg/max:  3.6914e-05 3.70208e-05 3.72022e-05 seconds or  2270.79 MUPD/s or  27.2495 GB/s
STREAM triad of size    92208 : min/avg/max: 4.06243e-05 4.07531e-05 4.12153e-05 seconds or  2269.77 MUPD/s or  27.2373 GB/s
STREAM triad of size   101432 : min/avg/max: 4.46908e-05 4.48417e-05 4.51231e-05 seconds or  2269.64 MUPD/s or  27.2356 GB/s
STREAM triad of size   111576 : min/avg/max: 4.91261e-05 4.92865e-05  4.9556e-05 seconds or  2271.22 MUPD/s or  27.2546 GB/s
STREAM triad of size   122736 : min/avg/max: 5.40257e-05 5.41871e-05 5.45311e-05 seconds or  2271.81 MUPD/s or  27.2617 GB/s
STREAM triad of size   135016 : min/avg/max: 5.94543e-05 5.96254e-05  5.9942e-05 seconds or  2270.92 MUPD/s or   27.251 GB/s
STREAM triad of size   148520 : min/avg/max: 6.54241e-05  6.5626e-05  6.6084e-05 seconds or  2270.11 MUPD/s or  27.2413 GB/s
STREAM triad of size   163376 : min/avg/max:  7.2024e-05 7.22269e-05 7.26104e-05 seconds or  2268.35 MUPD/s or  27.2202 GB/s
STREAM triad of size   179720 : min/avg/max: 7.94609e-05 7.97229e-05 8.01539e-05 seconds or  2261.74 MUPD/s or  27.1409 GB/s
STREAM triad of size   197696 : min/avg/max: 8.76488e-05 8.79202e-05  8.8387e-05 seconds or  2255.55 MUPD/s or  27.0666 GB/s
STREAM triad of size   217472 : min/avg/max: 9.66301e-05 9.68997e-05 9.74217e-05 seconds or  2250.56 MUPD/s or  27.0068 GB/s
STREAM triad of size   239224 : min/avg/max: 0.000106542 0.000106856 0.000107422 seconds or  2245.36 MUPD/s or  26.9443 GB/s
STREAM triad of size   263152 : min/avg/max: 0.000117318 0.000117654 0.000118278 seconds or  2243.06 MUPD/s or  26.9167 GB/s
STREAM triad of size   289472 : min/avg/max: 0.000129047 0.000129415 0.000130085 seconds or  2243.14 MUPD/s or  26.9177 GB/s
STREAM triad of size   318424 : min/avg/max: 0.000141837 0.000142322 0.000143952 seconds or     2245 MUPD/s or    26.94 GB/s
STREAM triad of size   350272 : min/avg/max: 0.000156033 0.000156595 0.000158737 seconds or  2244.86 MUPD/s or  26.9383 GB/s
STREAM triad of size   385304 : min/avg/max: 0.000171646  0.00017218 0.000173088 seconds or  2244.75 MUPD/s or  26.9371 GB/s
STREAM triad of size   423840 : min/avg/max: 0.000188655 0.000189212 0.000190273 seconds or  2246.64 MUPD/s or  26.9597 GB/s
STREAM triad of size   466232 : min/avg/max: 0.000207553 0.000208234 0.000209363 seconds or  2246.33 MUPD/s or  26.9559 GB/s
STREAM triad of size   512856 : min/avg/max: 0.000228249 0.000228876 0.000230108 seconds or  2246.92 MUPD/s or   26.963 GB/s
STREAM triad of size   564144 : min/avg/max: 0.000251213 0.000251934 0.000253275 seconds or  2245.68 MUPD/s or  26.9481 GB/s
STREAM triad of size   620560 : min/avg/max:   0.0002763 0.000277111 0.000278514 seconds or  2245.96 MUPD/s or  26.9515 GB/s
STREAM triad of size   682624 : min/avg/max: 0.000303893 0.000304915 0.000306354 seconds or  2246.26 MUPD/s or  26.9552 GB/s
STREAM triad of size   750888 : min/avg/max: 0.000334186 0.000335156 0.000337124 seconds or  2246.91 MUPD/s or   26.963 GB/s
STREAM triad of size   825984 : min/avg/max: 0.000367756   0.0003688 0.000370791 seconds or  2246.01 MUPD/s or  26.9521 GB/s
STREAM triad of size   908584 : min/avg/max: 0.000406821 0.000408363 0.000410507 seconds or  2233.38 MUPD/s or  26.8005 GB/s
STREAM triad of size   999448 : min/avg/max: 0.000447873 0.000449215 0.000452266 seconds or  2231.55 MUPD/s or  26.7785 GB/s
STREAM triad of size  1099400 : min/avg/max: 0.000509599 0.000511455 0.000514594 seconds or  2157.38 MUPD/s or  25.8886 GB/s
STREAM triad of size  1209344 : min/avg/max:  0.00058748 0.000589705 0.000592645 seconds or  2058.53 MUPD/s or  24.7024 GB/s
STREAM triad of size  1330280 : min/avg/max:  0.00067575 0.000678266 0.000681675 seconds or   1968.6 MUPD/s or  23.6232 GB/s
STREAM triad of size  1463312 : min/avg/max: 0.000826115 0.000829706 0.000833586 seconds or  1771.32 MUPD/s or  21.2558 GB/s
STREAM triad of size  1609648 : min/avg/max:  0.00101404  0.00102161  0.00109856 seconds or  1587.37 MUPD/s or  19.0484 GB/s
STREAM triad of size  1770616 : min/avg/max:  0.00124989  0.00125441  0.00125996 seconds or  1416.61 MUPD/s or  16.9994 GB/s
STREAM triad of size  1947680 : min/avg/max:  0.00151239  0.00151848  0.00152264 seconds or  1287.82 MUPD/s or  15.4538 GB/s
STREAM triad of size  2142456 : min/avg/max:  0.00180148  0.00180813   0.0018175 seconds or  1189.27 MUPD/s or  14.2713 GB/s
STREAM triad of size  2356704 : min/avg/max:  0.00208704  0.00209479  0.00210024 seconds or  1129.21 MUPD/s or  13.5505 GB/s
STREAM triad of size  2592376 : min/avg/max:  0.00237954  0.00238882  0.00239287 seconds or  1089.45 MUPD/s or  13.0733 GB/s
STREAM triad of size  2851616 : min/avg/max:  0.00267968  0.00268873  0.00269346 seconds or  1064.16 MUPD/s or    12.77 GB/s
STREAM triad of size  3136784 : min/avg/max:  0.00300095  0.00301171   0.0030168 seconds or  1045.26 MUPD/s or  12.5432 GB/s
STREAM triad of size  3450464 : min/avg/max:  0.00333406  0.00334566  0.00335719 seconds or  1034.91 MUPD/s or   12.419 GB/s
STREAM triad of size  3795512 : min/avg/max:  0.00369804  0.00371133  0.00376425 seconds or  1026.36 MUPD/s or  12.3163 GB/s
STREAM triad of size  4175064 : min/avg/max:  0.00408066  0.00409361  0.00410896 seconds or  1023.13 MUPD/s or  12.2776 GB/s
STREAM triad of size  4592576 : min/avg/max:  0.00448784  0.00450207  0.00450831 seconds or  1023.34 MUPD/s or  12.2801 GB/s
STREAM triad of size  5051840 : min/avg/max:  0.00494197  0.00495811  0.00496693 seconds or  1022.23 MUPD/s or  12.2668 GB/s
STREAM triad of size  5557032 : min/avg/max:   0.0054385  0.00545585  0.00550184 seconds or   1021.8 MUPD/s or  12.2615 GB/s
STREAM triad of size  6112736 : min/avg/max:  0.00599002  0.00601756  0.00608665 seconds or  1020.49 MUPD/s or  12.2458 GB/s
STREAM triad of size  6724016 : min/avg/max:  0.00658059    0.006601   0.0066112 seconds or  1021.79 MUPD/s or  12.2615 GB/s
STREAM triad of size  7396424 : min/avg/max:  0.00724937   0.0072707  0.00728246 seconds or  1020.28 MUPD/s or  12.2434 GB/s
STREAM triad of size  8136072 : min/avg/max:  0.00796716  0.00799728  0.00807501 seconds or   1021.2 MUPD/s or  12.2544 GB/s
STREAM triad of size  8949680 : min/avg/max:  0.00876992   0.0087993  0.00882725 seconds or   1020.5 MUPD/s or   12.246 GB/s
STREAM triad of size  9844656 : min/avg/max:  0.00963815  0.00967167  0.00970592 seconds or  1021.43 MUPD/s or  12.2571 GB/s
STREAM triad of size 10829128 : min/avg/max:   0.0106228   0.0106595   0.0106765 seconds or  1019.42 MUPD/s or  12.2331 GB/s
STREAM triad of size 11912048 : min/avg/max:   0.0116614   0.0117009   0.0117184 seconds or  1021.49 MUPD/s or  12.2579 GB/s
STREAM triad of size 13103256 : min/avg/max:   0.0128591      0.0129   0.0129467 seconds or  1018.99 MUPD/s or  12.2279 GB/s
STREAM triad of size 14413584 : min/avg/max:   0.0141324   0.0141933   0.0143196 seconds or   1019.9 MUPD/s or  12.2387 GB/s
STREAM triad of size 15854944 : min/avg/max:   0.0155438   0.0159913   0.0235876 seconds or  1020.01 MUPD/s or  12.2402 GB/s
STREAM triad of size 17440440 : min/avg/max:   0.0171035   0.0171612   0.0172036 seconds or   1019.7 MUPD/s or  12.2364 GB/s
STREAM triad of size 19184488 : min/avg/max:   0.0187956   0.0188545   0.0188946 seconds or  1020.69 MUPD/s or  12.2483 GB/s
STREAM triad of size 21102944 : min/avg/max:   0.0206316   0.0207104   0.0208273 seconds or  1022.85 MUPD/s or  12.2742 GB/s
STREAM triad of size 23213240 : min/avg/max:   0.0227277   0.0228099   0.0229066 seconds or  1021.36 MUPD/s or  12.2564 GB/s
STREAM triad of size 25534568 : min/avg/max:    0.024976   0.0250654   0.0251336 seconds or  1022.36 MUPD/s or  12.2684 GB/s
STREAM triad of size 28088032 : min/avg/max:   0.0275271   0.0276146   0.0276833 seconds or  1020.38 MUPD/s or  12.2445 GB/s
STREAM triad of size 30896840 : min/avg/max:   0.0302165   0.0303075   0.0304573 seconds or  1022.51 MUPD/s or  12.2702 GB/s
STREAM triad of size 33986528 : min/avg/max:   0.0332884   0.0334062   0.0335145 seconds or  1020.97 MUPD/s or  12.2517 GB/s
STREAM triad of size 37385184 : min/avg/max:   0.0365178   0.0366419   0.0367817 seconds or  1023.75 MUPD/s or   12.285 GB/s
STREAM triad of size 41123704 : min/avg/max:   0.0403256   0.0404531    0.040535 seconds or  1019.79 MUPD/s or  12.2375 GB/s
STREAM triad of size 45236080 : min/avg/max:   0.0443244   0.0445038   0.0447245 seconds or  1020.57 MUPD/s or  12.2468 GB/s
STREAM triad of size 49759696 : min/avg/max:   0.0485959   0.0487523   0.0488281 seconds or  1023.95 MUPD/s or  12.2874 GB/s
STREAM triad of size 54735672 : min/avg/max:   0.0534421   0.0536516   0.0540418 seconds or   1024.2 MUPD/s or  12.2905 GB/s
STREAM triad of size 60209240 : min/avg/max:   0.0588986    0.059116   0.0593395 seconds or  1022.25 MUPD/s or   12.267 GB/s
STREAM triad of size 66230168 : min/avg/max:   0.0648349   0.0650587   0.0652715 seconds or  1021.52 MUPD/s or  12.2582 GB/s
STREAM triad of size 72853192 : min/avg/max:   0.0711231   0.0713544   0.0715588 seconds or  1024.32 MUPD/s or  12.2919 GB/s
STREAM triad of size 80138512 : min/avg/max:   0.0782177   0.0785194   0.0787176 seconds or  1024.56 MUPD/s or  12.2947 GB/s
STREAM triad of size 88152368 : min/avg/max:    0.086305   0.0865882    0.086787 seconds or  1021.41 MUPD/s or  12.2569 GB/s
STREAM triad of size 96967608 : min/avg/max:   0.0949885   0.0953102   0.0954799 seconds or  1020.83 MUPD/s or    12.25 GB/s
