STREAM triad of size        8 : min/avg/max: 4.61185e-06 4.87302e-06  5.9754e-06 seconds or  1.73466 MUPD/s or 0.0208159 GB/s
STREAM triad of size       16 : min/avg/max: 4.63805e-06 4.87264e-06  5.8166e-06 seconds or  3.44973 MUPD/s or 0.0413967 GB/s
STREAM triad of size       24 : min/avg/max:  4.5892e-06  4.8267e-06  5.8412e-06 seconds or  5.22967 MUPD/s or 0.062756 GB/s
STREAM triad of size       32 : min/avg/max: 4.36835e-06 4.57523e-06 5.36035e-06 seconds or  7.32542 MUPD/s or 0.087905 GB/s
STREAM triad of size       40 : min/avg/max:  4.3987e-06 4.58137e-06 6.51345e-06 seconds or   9.0936 MUPD/s or 0.109123 GB/s
STREAM triad of size       48 : min/avg/max: 4.39005e-06  4.4899e-06 5.09545e-06 seconds or  10.9338 MUPD/s or 0.131206 GB/s
STREAM triad of size       56 : min/avg/max: 4.38095e-06   4.485e-06  5.0882e-06 seconds or  12.7826 MUPD/s or 0.153391 GB/s
STREAM triad of size       64 : min/avg/max:  4.3649e-06 4.48165e-06 5.22845e-06 seconds or  14.6624 MUPD/s or 0.175949 GB/s
STREAM triad of size       72 : min/avg/max:  4.1904e-06 4.38486e-06  5.6969e-06 seconds or  17.1821 MUPD/s or 0.206186 GB/s
STREAM triad of size       80 : min/avg/max:  4.1922e-06 4.32023e-06  4.8679e-06 seconds or  19.0831 MUPD/s or 0.228997 GB/s
STREAM triad of size       96 : min/avg/max: 4.22025e-06 4.32724e-06 4.82315e-06 seconds or  22.7475 MUPD/s or  0.27297 GB/s
STREAM triad of size      112 : min/avg/max:  4.2084e-06 4.31806e-06  4.9264e-06 seconds or  26.6134 MUPD/s or 0.319361 GB/s
STREAM triad of size      128 : min/avg/max: 4.20845e-06 4.37748e-06  4.8188e-06 seconds or   30.415 MUPD/s or  0.36498 GB/s
STREAM triad of size      144 : min/avg/max:  4.0445e-06 4.29015e-06  4.8923e-06 seconds or  35.6039 MUPD/s or 0.427247 GB/s
STREAM triad of size      160 : min/avg/max: 4.04855e-06 4.17455e-06 4.78965e-06 seconds or  39.5203 MUPD/s or 0.474244 GB/s
STREAM triad of size      184 : min/avg/max: 4.07415e-06 4.25573e-06 4.67725e-06 seconds or  45.1628 MUPD/s or 0.541954 GB/s
STREAM triad of size      208 : min/avg/max: 4.11725e-06 4.24553e-06 4.84785e-06 seconds or  50.5192 MUPD/s or  0.60623 GB/s
STREAM triad of size      232 : min/avg/max: 4.09465e-06 4.25333e-06 4.93835e-06 seconds or  56.6593 MUPD/s or 0.679912 GB/s
STREAM triad of size      256 : min/avg/max: 4.11615e-06 4.27175e-06  4.9081e-06 seconds or   62.194 MUPD/s or 0.746328 GB/s
STREAM triad of size      288 : min/avg/max: 4.14225e-06 4.27118e-06 5.00875e-06 seconds or  69.5274 MUPD/s or 0.834329 GB/s
STREAM triad of size      320 : min/avg/max:  4.0893e-06 4.21672e-06 4.85755e-06 seconds or   78.253 MUPD/s or 0.939036 GB/s
STREAM triad of size      360 : min/avg/max: 4.07005e-06 4.13857e-06 4.35315e-06 seconds or   88.451 MUPD/s or  1.06141 GB/s
STREAM triad of size      400 : min/avg/max: 4.05225e-06 4.17843e-06 4.76945e-06 seconds or  98.7106 MUPD/s or  1.18453 GB/s
STREAM triad of size      448 : min/avg/max: 4.03545e-06 4.15946e-06  4.8382e-06 seconds or  111.016 MUPD/s or  1.33219 GB/s
STREAM triad of size      496 : min/avg/max:  4.0545e-06 4.17414e-06 4.76625e-06 seconds or  122.333 MUPD/s or    1.468 GB/s
STREAM triad of size      552 : min/avg/max: 4.04965e-06 4.16512e-06  4.8681e-06 seconds or  136.308 MUPD/s or   1.6357 GB/s
STREAM triad of size      608 : min/avg/max:  4.0378e-06 4.15986e-06 4.66895e-06 seconds or  150.577 MUPD/s or  1.80692 GB/s
STREAM triad of size      672 : min/avg/max: 4.07745e-06 4.20699e-06  4.7305e-06 seconds or  164.809 MUPD/s or  1.97771 GB/s
STREAM triad of size      744 : min/avg/max: 4.17335e-06 4.29531e-06  4.7962e-06 seconds or  178.274 MUPD/s or  2.13929 GB/s
STREAM triad of size      824 : min/avg/max:  4.1423e-06 4.26932e-06  4.7482e-06 seconds or  198.923 MUPD/s or  2.38708 GB/s
STREAM triad of size      912 : min/avg/max: 4.15575e-06   4.308e-06 4.84595e-06 seconds or  219.455 MUPD/s or  2.63346 GB/s
STREAM triad of size     1008 : min/avg/max: 4.04745e-06 4.21166e-06 4.80035e-06 seconds or  249.046 MUPD/s or  2.98855 GB/s
STREAM triad of size     1112 : min/avg/max: 4.05185e-06 4.15584e-06 4.68585e-06 seconds or  274.443 MUPD/s or  3.29331 GB/s
STREAM triad of size     1224 : min/avg/max: 4.08975e-06 4.19236e-06  4.8639e-06 seconds or  299.285 MUPD/s or  3.59142 GB/s
STREAM triad of size     1352 : min/avg/max:  4.1044e-06  4.1989e-06  4.7643e-06 seconds or  329.403 MUPD/s or  3.95283 GB/s
STREAM triad of size     1488 : min/avg/max: 4.03635e-06 4.22472e-06 4.73795e-06 seconds or   368.65 MUPD/s or   4.4238 GB/s
STREAM triad of size     1640 : min/avg/max: 4.07105e-06 4.17887e-06  4.7805e-06 seconds or  402.844 MUPD/s or  4.83413 GB/s
STREAM triad of size     1808 : min/avg/max:  4.0907e-06 4.20504e-06  4.7845e-06 seconds or  441.978 MUPD/s or  5.30374 GB/s
STREAM triad of size     1992 : min/avg/max: 4.09815e-06 4.20033e-06  4.8208e-06 seconds or  486.073 MUPD/s or  5.83288 GB/s
STREAM triad of size     2192 : min/avg/max: 4.09245e-06 4.20783e-06 4.77005e-06 seconds or   535.62 MUPD/s or  6.42745 GB/s
STREAM triad of size     2416 : min/avg/max:  4.0286e-06 4.28807e-06  5.9541e-06 seconds or  599.712 MUPD/s or  7.19654 GB/s
STREAM triad of size     2664 : min/avg/max: 4.00535e-06 4.44823e-06  1.1382e-05 seconds or   665.11 MUPD/s or  7.98132 GB/s
STREAM triad of size     2936 : min/avg/max: 4.09205e-06 4.20025e-06 4.59905e-06 seconds or  717.489 MUPD/s or  8.60987 GB/s
STREAM triad of size     3232 : min/avg/max:  4.0468e-06 4.15708e-06  4.6119e-06 seconds or  798.656 MUPD/s or  9.58387 GB/s
STREAM triad of size     3560 : min/avg/max:   4.075e-06 4.20437e-06 5.09805e-06 seconds or   873.62 MUPD/s or  10.4834 GB/s
STREAM triad of size     3920 : min/avg/max: 4.08085e-06 4.19221e-06   4.568e-06 seconds or  960.584 MUPD/s or   11.527 GB/s
STREAM triad of size     4320 : min/avg/max: 4.07065e-06 4.16659e-06  4.6705e-06 seconds or  1061.26 MUPD/s or  12.7351 GB/s
STREAM triad of size     4760 : min/avg/max: 4.03135e-06 4.15571e-06  4.5734e-06 seconds or  1180.75 MUPD/s or   14.169 GB/s
STREAM triad of size     5240 : min/avg/max:  4.0969e-06 4.19465e-06 4.60035e-06 seconds or  1279.02 MUPD/s or  15.3482 GB/s
STREAM triad of size     5768 : min/avg/max:  4.1237e-06 4.23109e-06 4.69415e-06 seconds or  1398.74 MUPD/s or  16.7849 GB/s
STREAM triad of size     6352 : min/avg/max:  4.0769e-06 4.16277e-06  4.6259e-06 seconds or  1558.05 MUPD/s or  18.6966 GB/s
STREAM triad of size     6992 : min/avg/max:  4.0882e-06 4.17902e-06  4.6624e-06 seconds or  1710.29 MUPD/s or  20.5235 GB/s
STREAM triad of size     7696 : min/avg/max: 4.11085e-06 5.10345e-06 2.19274e-05 seconds or  1872.12 MUPD/s or  22.4654 GB/s
STREAM triad of size     8472 : min/avg/max:  4.1419e-06 4.25439e-06 4.54835e-06 seconds or  2045.44 MUPD/s or  24.5453 GB/s
STREAM triad of size     9320 : min/avg/max:  4.1034e-06 4.23355e-06  4.7013e-06 seconds or  2271.29 MUPD/s or  27.2554 GB/s
STREAM triad of size    10256 : min/avg/max: 4.11105e-06 4.23798e-06 4.71505e-06 seconds or  2494.74 MUPD/s or  29.9369 GB/s
STREAM triad of size    11288 : min/avg/max:  4.1076e-06 4.23679e-06  4.9116e-06 seconds or  2748.08 MUPD/s or  32.9769 GB/s
STREAM triad of size    12424 : min/avg/max: 4.10415e-06 4.20577e-06 4.50825e-06 seconds or  3027.18 MUPD/s or  36.3262 GB/s
STREAM triad of size    13672 : min/avg/max: 4.13605e-06 4.26879e-06  4.8982e-06 seconds or  3305.57 MUPD/s or  39.6668 GB/s
STREAM triad of size    15040 : min/avg/max: 4.13615e-06 4.22575e-06  4.6532e-06 seconds or  3636.23 MUPD/s or  43.6348 GB/s
STREAM triad of size    16552 : min/avg/max: 4.07185e-06 4.18156e-06 4.68295e-06 seconds or  4064.98 MUPD/s or  48.7798 GB/s
STREAM triad of size    18208 : min/avg/max:  4.1369e-06 4.23313e-06 4.63685e-06 seconds or  4401.36 MUPD/s or  52.8164 GB/s
STREAM triad of size    20032 : min/avg/max:  4.1952e-06 4.30986e-06  4.8183e-06 seconds or  4774.98 MUPD/s or  57.2998 GB/s
STREAM triad of size    22040 : min/avg/max:   4.113e-06 4.27188e-06 4.69755e-06 seconds or  5358.62 MUPD/s or  64.3034 GB/s
STREAM triad of size    24248 : min/avg/max:  4.0967e-06 4.22222e-06  4.7028e-06 seconds or  5918.91 MUPD/s or  71.0269 GB/s
STREAM triad of size    26680 : min/avg/max: 4.10285e-06 4.20613e-06  4.8302e-06 seconds or   6502.8 MUPD/s or  78.0336 GB/s
STREAM triad of size    29352 : min/avg/max: 4.10935e-06 4.21852e-06 4.60635e-06 seconds or  7142.74 MUPD/s or  85.7128 GB/s
STREAM triad of size    32288 : min/avg/max:  4.0667e-06  4.2125e-06  4.6665e-06 seconds or  7939.61 MUPD/s or  95.2753 GB/s
STREAM triad of size    35520 : min/avg/max: 4.12575e-06 4.23931e-06  4.6331e-06 seconds or  8609.34 MUPD/s or  103.312 GB/s
STREAM triad of size    39080 : min/avg/max:  4.0973e-06 4.22706e-06 4.74725e-06 seconds or  9537.99 MUPD/s or  114.456 GB/s
STREAM triad of size    42992 : min/avg/max:   4.125e-06 4.23509e-06  4.6121e-06 seconds or  10422.3 MUPD/s or  125.068 GB/s
STREAM triad of size    47296 : min/avg/max: 4.09725e-06 4.26141e-06  4.6282e-06 seconds or  11543.4 MUPD/s or   138.52 GB/s
STREAM triad of size    52032 : min/avg/max:   4.127e-06 4.30482e-06 4.80175e-06 seconds or  12607.7 MUPD/s or  151.292 GB/s
STREAM triad of size    57240 : min/avg/max: 4.11715e-06 4.26228e-06  4.9985e-06 seconds or  13902.8 MUPD/s or  166.834 GB/s
STREAM triad of size    62968 : min/avg/max:  4.1446e-06 4.26066e-06  4.6515e-06 seconds or  15192.8 MUPD/s or  182.313 GB/s
STREAM triad of size    69272 : min/avg/max:  4.1407e-06  4.3049e-06  4.7149e-06 seconds or  16729.5 MUPD/s or  200.754 GB/s
STREAM triad of size    76200 : min/avg/max: 4.15325e-06 4.27025e-06   4.577e-06 seconds or  18347.1 MUPD/s or  220.165 GB/s
STREAM triad of size    83824 : min/avg/max:   4.405e-06 4.48574e-06 4.75005e-06 seconds or  19029.3 MUPD/s or  228.351 GB/s
STREAM triad of size    92208 : min/avg/max:  4.5774e-06 4.63615e-06 4.98675e-06 seconds or  20144.2 MUPD/s or   241.73 GB/s
STREAM triad of size   101432 : min/avg/max: 4.67845e-06 4.76526e-06 5.39635e-06 seconds or  21680.7 MUPD/s or  260.168 GB/s
STREAM triad of size   111576 : min/avg/max: 4.83345e-06 4.91668e-06 5.18555e-06 seconds or  23084.1 MUPD/s or   277.01 GB/s
STREAM triad of size   122736 : min/avg/max:   5.035e-06 5.11636e-06  5.3589e-06 seconds or  24376.6 MUPD/s or  292.519 GB/s
STREAM triad of size   135016 : min/avg/max:   5.263e-06 5.32358e-06  5.5481e-06 seconds or  25653.8 MUPD/s or  307.846 GB/s
STREAM triad of size   148520 : min/avg/max: 5.47465e-06 5.55675e-06  6.0127e-06 seconds or  27128.7 MUPD/s or  325.544 GB/s
STREAM triad of size   163376 : min/avg/max: 5.73885e-06 5.80733e-06  6.0769e-06 seconds or  28468.4 MUPD/s or  341.621 GB/s
STREAM triad of size   179720 : min/avg/max: 6.06325e-06 6.12877e-06  6.4288e-06 seconds or  29640.9 MUPD/s or   355.69 GB/s
STREAM triad of size   197696 : min/avg/max: 6.35085e-06 6.43721e-06  6.7533e-06 seconds or  31129.1 MUPD/s or  373.549 GB/s
STREAM triad of size   217472 : min/avg/max: 6.76245e-06 6.81994e-06  7.1044e-06 seconds or  32158.8 MUPD/s or  385.905 GB/s
STREAM triad of size   239224 : min/avg/max:  7.0727e-06 7.13326e-06 7.38665e-06 seconds or  33823.6 MUPD/s or  405.883 GB/s
STREAM triad of size   263152 : min/avg/max:  7.4716e-06 7.54419e-06  7.8402e-06 seconds or  35220.3 MUPD/s or  422.644 GB/s
STREAM triad of size   289472 : min/avg/max:  7.9519e-06  8.0153e-06 8.27775e-06 seconds or  36402.9 MUPD/s or  436.834 GB/s
STREAM triad of size   318424 : min/avg/max: 8.43135e-06 8.48667e-06 8.77175e-06 seconds or  37766.7 MUPD/s or    453.2 GB/s
STREAM triad of size   350272 : min/avg/max: 1.20259e-05 1.21154e-05 1.23957e-05 seconds or  29126.5 MUPD/s or  349.518 GB/s
STREAM triad of size   385304 : min/avg/max: 1.96289e-05  2.0816e-05  3.4701e-05 seconds or  19629.4 MUPD/s or  235.553 GB/s
STREAM triad of size   423840 : min/avg/max: 2.16454e-05 2.17134e-05 2.18112e-05 seconds or  19581.1 MUPD/s or  234.973 GB/s
STREAM triad of size   466232 : min/avg/max: 2.37761e-05 2.38583e-05  2.3975e-05 seconds or  19609.3 MUPD/s or  235.312 GB/s
STREAM triad of size   512856 : min/avg/max: 2.54764e-05 2.56774e-05 2.59724e-05 seconds or  20130.6 MUPD/s or  241.567 GB/s
STREAM triad of size   564144 : min/avg/max: 2.85688e-05 2.86439e-05 2.88339e-05 seconds or  19746.9 MUPD/s or  236.963 GB/s
STREAM triad of size   620560 : min/avg/max: 3.12781e-05 3.13581e-05 3.15648e-05 seconds or    19840 MUPD/s or  238.081 GB/s
STREAM triad of size   682624 : min/avg/max:   3.426e-05 3.43407e-05 3.46058e-05 seconds or  19924.8 MUPD/s or  239.098 GB/s
STREAM triad of size   750888 : min/avg/max: 3.74877e-05 3.75784e-05 3.78073e-05 seconds or  20030.2 MUPD/s or  240.363 GB/s
STREAM triad of size   825984 : min/avg/max: 4.08203e-05 4.10289e-05 4.33445e-05 seconds or  20234.6 MUPD/s or  242.816 GB/s
STREAM triad of size   908584 : min/avg/max: 4.45927e-05 4.47671e-05 4.51186e-05 seconds or  20375.2 MUPD/s or  244.502 GB/s
STREAM triad of size   999448 : min/avg/max: 4.88668e-05 4.89745e-05 4.92833e-05 seconds or  20452.5 MUPD/s or   245.43 GB/s
STREAM triad of size  1099400 : min/avg/max:   5.384e-05 5.39116e-05 5.41648e-05 seconds or  20419.8 MUPD/s or  245.037 GB/s
STREAM triad of size  1209344 : min/avg/max: 5.88256e-05 5.89054e-05 5.91223e-05 seconds or  20558.1 MUPD/s or  246.698 GB/s
STREAM triad of size  1330280 : min/avg/max: 6.44815e-05 6.45455e-05 6.48824e-05 seconds or  20630.4 MUPD/s or  247.565 GB/s
STREAM triad of size  1463312 : min/avg/max: 7.06664e-05 7.07395e-05 7.10459e-05 seconds or  20707.3 MUPD/s or  248.488 GB/s
STREAM triad of size  1609648 : min/avg/max: 7.77342e-05 7.78135e-05 7.80826e-05 seconds or  20707.1 MUPD/s or  248.485 GB/s
STREAM triad of size  1770616 : min/avg/max: 8.51199e-05 8.51933e-05 8.54136e-05 seconds or  20801.4 MUPD/s or  249.617 GB/s
STREAM triad of size  1947680 : min/avg/max: 9.34822e-05 9.35372e-05  9.3738e-05 seconds or  20834.8 MUPD/s or  250.017 GB/s
STREAM triad of size  2142456 : min/avg/max:  0.00010209 0.000102151 0.000102353 seconds or    20986 MUPD/s or  251.832 GB/s
STREAM triad of size  2356704 : min/avg/max: 0.000112092 0.000112138 0.000112398 seconds or  21024.7 MUPD/s or  252.297 GB/s
STREAM triad of size  2592376 : min/avg/max: 0.000122944 0.000123045 0.000123272 seconds or  21085.8 MUPD/s or   253.03 GB/s
STREAM triad of size  2851616 : min/avg/max:  0.00013524 0.000135306 0.000135547 seconds or  21085.5 MUPD/s or  253.026 GB/s
STREAM triad of size  3136784 : min/avg/max: 0.000148566 0.000148647 0.000148952 seconds or  21113.7 MUPD/s or  253.365 GB/s
STREAM triad of size  3450464 : min/avg/max: 0.000163033 0.000163127 0.000163474 seconds or  21164.2 MUPD/s or   253.97 GB/s
STREAM triad of size  3795512 : min/avg/max: 0.000179073  0.00017917 0.000179482 seconds or  21195.3 MUPD/s or  254.344 GB/s
STREAM triad of size  4175064 : min/avg/max:  0.00019687 0.000196938 0.000197425 seconds or  21207.2 MUPD/s or  254.487 GB/s
STREAM triad of size  4592576 : min/avg/max: 0.000216736 0.000216845 0.000217376 seconds or  21189.8 MUPD/s or  254.277 GB/s
STREAM triad of size  5051840 : min/avg/max: 0.000237877 0.000237981 0.000238802 seconds or  21237.2 MUPD/s or  254.846 GB/s
STREAM triad of size  5557032 : min/avg/max: 0.000261286 0.000261681 0.000264654 seconds or    21268 MUPD/s or  255.216 GB/s
STREAM triad of size  6112736 : min/avg/max: 0.000287198 0.000287343 0.000288668 seconds or  21284.1 MUPD/s or  255.409 GB/s
STREAM triad of size  6724016 : min/avg/max: 0.000315508 0.000315789  0.00031738 seconds or  21311.7 MUPD/s or   255.74 GB/s
STREAM triad of size  7396424 : min/avg/max: 0.000346865 0.000347009 0.000348594 seconds or  21323.6 MUPD/s or  255.883 GB/s
STREAM triad of size  8136072 : min/avg/max: 0.000381847  0.00038202 0.000384144 seconds or  21307.2 MUPD/s or  255.686 GB/s
STREAM triad of size  8949680 : min/avg/max: 0.000419401 0.000419623 0.000421799 seconds or  21339.2 MUPD/s or   256.07 GB/s
STREAM triad of size  9844656 : min/avg/max: 0.000461447 0.000461688 0.000463927 seconds or  21334.3 MUPD/s or  256.012 GB/s
STREAM triad of size 10829128 : min/avg/max: 0.000507252 0.000507544 0.000509592 seconds or  21348.6 MUPD/s or  256.184 GB/s
STREAM triad of size 11912048 : min/avg/max: 0.000558602  0.00055883 0.000561077 seconds or  21324.8 MUPD/s or  255.897 GB/s
STREAM triad of size 13103256 : min/avg/max:  0.00061341 0.000613635 0.000616208 seconds or  21361.3 MUPD/s or  256.336 GB/s
STREAM triad of size 14413584 : min/avg/max: 0.000674963 0.000675177  0.00067735 seconds or  21354.6 MUPD/s or  256.256 GB/s
STREAM triad of size 15854944 : min/avg/max: 0.000741129 0.000741417 0.000743949 seconds or    21393 MUPD/s or  256.716 GB/s
STREAM triad of size 17440440 : min/avg/max: 0.000815891  0.00081609 0.000818203 seconds or  21375.9 MUPD/s or  256.511 GB/s
STREAM triad of size 19184488 : min/avg/max: 0.000896912 0.000897117 0.000899667 seconds or  21389.5 MUPD/s or  256.674 GB/s
STREAM triad of size 21102944 : min/avg/max: 0.000987433 0.000987764 0.000990077 seconds or  21371.5 MUPD/s or  256.458 GB/s
STREAM triad of size 23213240 : min/avg/max:  0.00108156  0.00108177  0.00108427 seconds or  21462.8 MUPD/s or  257.554 GB/s
STREAM triad of size 25534568 : min/avg/max:  0.00119274  0.00119305  0.00119561 seconds or  21408.4 MUPD/s or    256.9 GB/s
STREAM triad of size 28088032 : min/avg/max:  0.00131307  0.00131327  0.00131592 seconds or  21391.1 MUPD/s or  256.694 GB/s
STREAM triad of size 30896840 : min/avg/max:  0.00144372  0.00144404  0.00144664 seconds or  21400.9 MUPD/s or  256.811 GB/s
STREAM triad of size 33986528 : min/avg/max:  0.00158751  0.00158793  0.00159031 seconds or  21408.7 MUPD/s or  256.904 GB/s
STREAM triad of size 37385184 : min/avg/max:  0.00174622  0.00174645  0.00174877 seconds or  21409.2 MUPD/s or  256.911 GB/s
STREAM triad of size 41123704 : min/avg/max:  0.00192112  0.00192137  0.00192382 seconds or  21406.1 MUPD/s or  256.873 GB/s
STREAM triad of size 45236080 : min/avg/max:   0.0021111  0.00211177  0.00211413 seconds or  21427.7 MUPD/s or  257.132 GB/s
STREAM triad of size 49759696 : min/avg/max:  0.00232277    0.002323  0.00232545 seconds or  21422.6 MUPD/s or  257.071 GB/s
STREAM triad of size 54735672 : min/avg/max:  0.00255434  0.00255474  0.00255712 seconds or  21428.5 MUPD/s or  257.142 GB/s
STREAM triad of size 60209240 : min/avg/max:  0.00280993   0.0028102  0.00281265 seconds or  21427.3 MUPD/s or  257.128 GB/s
STREAM triad of size 66230168 : min/avg/max:  0.00309226  0.00309275   0.0030954 seconds or  21418.1 MUPD/s or  257.017 GB/s
STREAM triad of size 72853192 : min/avg/max:  0.00339943  0.00339976  0.00340232 seconds or    21431 MUPD/s or  257.172 GB/s
STREAM triad of size 80138512 : min/avg/max:  0.00373878  0.00373906  0.00374144 seconds or  21434.4 MUPD/s or  257.213 GB/s
STREAM triad of size 88152368 : min/avg/max:  0.00411389  0.00411434  0.00411688 seconds or    21428 MUPD/s or  257.136 GB/s
STREAM triad of size 96967608 : min/avg/max:  0.00452405  0.00452435  0.00452693 seconds or  21433.8 MUPD/s or  257.206 GB/s
