STREAM triad of size        8 : min/avg/max: 2.09585e-09 2.33783e-09 3.14066e-09 seconds or  3817.06 MUPD/s or  45.8048 GB/s
STREAM triad of size       16 : min/avg/max: 3.68334e-09 3.73023e-09 4.21852e-09 seconds or  4343.88 MUPD/s or  52.1266 GB/s
STREAM triad of size       24 : min/avg/max: 5.03767e-09 5.08323e-09 5.16962e-09 seconds or   4764.1 MUPD/s or  57.1692 GB/s
STREAM triad of size       32 : min/avg/max: 6.38296e-09 6.50373e-09  6.6559e-09 seconds or  5013.35 MUPD/s or  60.1602 GB/s
STREAM triad of size       40 : min/avg/max: 8.42895e-09 8.75151e-09 9.04191e-09 seconds or  4745.55 MUPD/s or  56.9466 GB/s
STREAM triad of size       48 : min/avg/max: 9.63402e-09 1.00124e-08 1.04016e-08 seconds or  4982.34 MUPD/s or  59.7881 GB/s
STREAM triad of size       56 : min/avg/max: 1.10019e-08 1.14757e-08 1.21584e-08 seconds or  5090.01 MUPD/s or  61.0801 GB/s
STREAM triad of size       64 : min/avg/max:  1.2367e-08 1.29749e-08 1.35809e-08 seconds or  5175.07 MUPD/s or  62.1009 GB/s
STREAM triad of size       72 : min/avg/max:  1.3873e-08 1.43441e-08   1.505e-08 seconds or  5189.94 MUPD/s or  62.2793 GB/s
STREAM triad of size       80 : min/avg/max: 1.54612e-08 1.60522e-08 1.66199e-08 seconds or  5174.24 MUPD/s or  62.0909 GB/s
STREAM triad of size       96 : min/avg/max: 1.79743e-08 1.87153e-08 1.92792e-08 seconds or  5340.95 MUPD/s or  64.0914 GB/s
STREAM triad of size      112 : min/avg/max: 2.10083e-08 2.13777e-08 2.20387e-08 seconds or  5331.23 MUPD/s or  63.9747 GB/s
STREAM triad of size      128 : min/avg/max: 2.37321e-08 2.43663e-08 2.56736e-08 seconds or  5393.53 MUPD/s or  64.7224 GB/s
STREAM triad of size      144 : min/avg/max: 2.64125e-08 2.70556e-08 2.76218e-08 seconds or  5451.96 MUPD/s or  65.4236 GB/s
STREAM triad of size      160 : min/avg/max: 2.89847e-08 2.98046e-08  3.1222e-08 seconds or  5520.15 MUPD/s or  66.2418 GB/s
STREAM triad of size      184 : min/avg/max: 3.27855e-08 3.37524e-08 3.46273e-08 seconds or  5612.24 MUPD/s or  67.3468 GB/s
STREAM triad of size      208 : min/avg/max: 3.68067e-08 3.76902e-08 3.85989e-08 seconds or  5651.14 MUPD/s or  67.8137 GB/s
STREAM triad of size      232 : min/avg/max: 4.11155e-08 4.18522e-08 4.27373e-08 seconds or  5642.64 MUPD/s or  67.7117 GB/s
STREAM triad of size      256 : min/avg/max: 4.52884e-08  4.5958e-08 4.69398e-08 seconds or  5652.66 MUPD/s or  67.8319 GB/s
STREAM triad of size      288 : min/avg/max: 5.59158e-08 5.61524e-08 5.70087e-08 seconds or   5150.6 MUPD/s or  61.8072 GB/s
STREAM triad of size      320 : min/avg/max: 6.12749e-08 6.14633e-08 6.24332e-08 seconds or  5222.37 MUPD/s or  62.6684 GB/s
STREAM triad of size      360 : min/avg/max: 6.79652e-08 6.81802e-08  6.9286e-08 seconds or  5296.83 MUPD/s or  63.5619 GB/s
STREAM triad of size      400 : min/avg/max:  7.4664e-08 7.48901e-08 7.61299e-08 seconds or  5357.33 MUPD/s or   64.288 GB/s
STREAM triad of size      448 : min/avg/max: 8.26997e-08 8.29552e-08 8.43577e-08 seconds or  5417.19 MUPD/s or  65.0062 GB/s
STREAM triad of size      496 : min/avg/max: 9.07375e-08 9.10206e-08 9.25739e-08 seconds or  5466.32 MUPD/s or  65.5958 GB/s
STREAM triad of size      552 : min/avg/max: 1.00116e-07 1.00339e-07 1.02097e-07 seconds or  5513.63 MUPD/s or  66.1635 GB/s
STREAM triad of size      608 : min/avg/max:  1.0949e-07 1.09834e-07 1.11743e-07 seconds or     5553 MUPD/s or   66.636 GB/s
STREAM triad of size      672 : min/avg/max: 1.20204e-07 1.20587e-07 1.22679e-07 seconds or  5590.51 MUPD/s or  67.0861 GB/s
STREAM triad of size      744 : min/avg/max: 1.32261e-07 1.32669e-07 1.34989e-07 seconds or  5625.24 MUPD/s or  67.5029 GB/s
STREAM triad of size      824 : min/avg/max: 1.45642e-07 1.46121e-07 1.48615e-07 seconds or  5657.72 MUPD/s or  67.8926 GB/s
STREAM triad of size      912 : min/avg/max: 1.60382e-07 1.60898e-07 1.63832e-07 seconds or  5686.44 MUPD/s or  68.2373 GB/s
STREAM triad of size     1008 : min/avg/max:  1.7645e-07 1.77022e-07 1.80218e-07 seconds or  5712.68 MUPD/s or  68.5522 GB/s
STREAM triad of size     1112 : min/avg/max: 1.93866e-07 1.94284e-07 1.97982e-07 seconds or  5735.91 MUPD/s or  68.8309 GB/s
STREAM triad of size     1224 : min/avg/max: 2.12617e-07 2.13297e-07 2.17067e-07 seconds or  5756.83 MUPD/s or   69.082 GB/s
STREAM triad of size     1352 : min/avg/max: 2.34049e-07 2.34945e-07 2.39044e-07 seconds or  5776.56 MUPD/s or  69.3188 GB/s
STREAM triad of size     1488 : min/avg/max: 2.56822e-07  2.5764e-07   2.622e-07 seconds or  5793.89 MUPD/s or  69.5267 GB/s
STREAM triad of size     1640 : min/avg/max: 2.82275e-07 2.82914e-07 2.88551e-07 seconds or  5809.93 MUPD/s or  69.7191 GB/s
STREAM triad of size     1808 : min/avg/max: 3.10415e-07  3.1146e-07 3.17115e-07 seconds or  5824.47 MUPD/s or  69.8936 GB/s
STREAM triad of size     1992 : min/avg/max: 3.41232e-07 3.42356e-07 3.48412e-07 seconds or  5837.66 MUPD/s or   70.052 GB/s
STREAM triad of size     2192 : min/avg/max: 3.74739e-07 3.76008e-07 3.82671e-07 seconds or  5849.41 MUPD/s or  70.1929 GB/s
STREAM triad of size     2416 : min/avg/max: 4.12269e-07 4.13649e-07  4.2161e-07 seconds or  5860.24 MUPD/s or  70.3229 GB/s
STREAM triad of size     2664 : min/avg/max:  4.5383e-07 4.55324e-07 4.63805e-07 seconds or  5870.04 MUPD/s or  70.4405 GB/s
STREAM triad of size     2936 : min/avg/max: 5.96991e-07 5.99741e-07 6.09436e-07 seconds or  4917.99 MUPD/s or  59.0159 GB/s
STREAM triad of size     3232 : min/avg/max: 7.60541e-07 7.72213e-07 8.12222e-07 seconds or  4249.61 MUPD/s or  50.9953 GB/s
STREAM triad of size     3560 : min/avg/max: 8.89579e-07 8.94746e-07 9.06661e-07 seconds or  4001.89 MUPD/s or  48.0227 GB/s
STREAM triad of size     3920 : min/avg/max: 9.38562e-07 9.48876e-07 9.71556e-07 seconds or   4176.6 MUPD/s or  50.1192 GB/s
STREAM triad of size     4320 : min/avg/max: 1.01812e-06 1.03534e-06 1.06645e-06 seconds or  4243.12 MUPD/s or  50.9175 GB/s
STREAM triad of size     4760 : min/avg/max: 1.10128e-06 1.11844e-06 1.14165e-06 seconds or  4322.24 MUPD/s or  51.8668 GB/s
STREAM triad of size     5240 : min/avg/max:  1.2175e-06 1.23987e-06 1.28331e-06 seconds or  4303.91 MUPD/s or  51.6469 GB/s
STREAM triad of size     5768 : min/avg/max: 1.34399e-06 1.36202e-06 1.40441e-06 seconds or  4291.69 MUPD/s or  51.5003 GB/s
STREAM triad of size     6352 : min/avg/max: 1.49056e-06 1.52116e-06   1.575e-06 seconds or  4261.48 MUPD/s or  51.1378 GB/s
STREAM triad of size     6992 : min/avg/max: 1.66431e-06 1.69286e-06 1.76084e-06 seconds or  4201.15 MUPD/s or  50.4138 GB/s
STREAM triad of size     7696 : min/avg/max: 1.99401e-06 2.02282e-06 2.07891e-06 seconds or  3859.57 MUPD/s or  46.3148 GB/s
STREAM triad of size     8472 : min/avg/max: 2.01734e-06 2.06568e-06  2.1173e-06 seconds or  4199.59 MUPD/s or  50.3951 GB/s
STREAM triad of size     9320 : min/avg/max: 2.30532e-06 2.33266e-06 2.37976e-06 seconds or  4042.83 MUPD/s or  48.5139 GB/s
STREAM triad of size    10256 : min/avg/max: 3.00803e-06 3.60547e-06  4.1461e-06 seconds or  3409.54 MUPD/s or  40.9145 GB/s
STREAM triad of size    11288 : min/avg/max:   3.253e-06 3.84587e-06 4.48452e-06 seconds or  3470.02 MUPD/s or  41.6403 GB/s
STREAM triad of size    12424 : min/avg/max: 3.20265e-06 3.23468e-06 3.27506e-06 seconds or  3879.29 MUPD/s or  46.5515 GB/s
STREAM triad of size    13672 : min/avg/max: 3.54777e-06 3.57116e-06 3.62489e-06 seconds or  3853.69 MUPD/s or  46.2443 GB/s
STREAM triad of size    15040 : min/avg/max: 3.89866e-06 3.92608e-06 3.99465e-06 seconds or  3857.73 MUPD/s or  46.2928 GB/s
STREAM triad of size    16552 : min/avg/max: 4.37499e-06 4.40667e-06 4.46592e-06 seconds or  3783.32 MUPD/s or  45.3999 GB/s
STREAM triad of size    18208 : min/avg/max: 4.82833e-06 4.85411e-06 4.91933e-06 seconds or  3771.08 MUPD/s or   45.253 GB/s
STREAM triad of size    20032 : min/avg/max: 5.49697e-06 5.52056e-06 5.58367e-06 seconds or  3644.19 MUPD/s or  43.7303 GB/s
STREAM triad of size    22040 : min/avg/max: 6.60002e-06  6.6179e-06 6.68319e-06 seconds or  3339.39 MUPD/s or  40.0726 GB/s
STREAM triad of size    24248 : min/avg/max: 7.45939e-06 7.48693e-06 7.54915e-06 seconds or  3250.67 MUPD/s or   39.008 GB/s
STREAM triad of size    26680 : min/avg/max: 9.44302e-06 9.47558e-06  9.5522e-06 seconds or  2825.37 MUPD/s or  33.9044 GB/s
STREAM triad of size    29352 : min/avg/max: 1.01202e-05  1.0163e-05 1.02409e-05 seconds or  2900.33 MUPD/s or  34.8039 GB/s
STREAM triad of size    32288 : min/avg/max:  1.2151e-05 1.21949e-05  1.2284e-05 seconds or  2657.23 MUPD/s or  31.8867 GB/s
STREAM triad of size    35520 : min/avg/max: 1.51756e-05 1.52248e-05 1.53119e-05 seconds or   2340.6 MUPD/s or  28.0872 GB/s
STREAM triad of size    39080 : min/avg/max: 1.69387e-05 1.69906e-05 1.70914e-05 seconds or  2307.15 MUPD/s or  27.6858 GB/s
STREAM triad of size    42992 : min/avg/max: 1.87438e-05 1.88009e-05 1.89145e-05 seconds or  2293.67 MUPD/s or   27.524 GB/s
STREAM triad of size    47296 : min/avg/max: 2.07209e-05 2.07836e-05 2.08991e-05 seconds or  2282.52 MUPD/s or  27.3903 GB/s
STREAM triad of size    52032 : min/avg/max: 2.28012e-05 2.28719e-05  2.3014e-05 seconds or  2281.99 MUPD/s or  27.3838 GB/s
STREAM triad of size    57240 : min/avg/max: 2.50825e-05 2.51605e-05 2.53014e-05 seconds or  2282.07 MUPD/s or  27.3848 GB/s
STREAM triad of size    62968 : min/avg/max: 2.76009e-05 2.76949e-05 2.80479e-05 seconds or  2281.38 MUPD/s or  27.3765 GB/s
STREAM triad of size    69272 : min/avg/max: 3.03323e-05 3.04264e-05 3.06098e-05 seconds or  2283.77 MUPD/s or  27.4052 GB/s
STREAM triad of size    76200 : min/avg/max:  3.3396e-05 3.34974e-05 3.36769e-05 seconds or  2281.71 MUPD/s or  27.3805 GB/s
STREAM triad of size    83824 : min/avg/max: 3.67415e-05 3.68562e-05 3.71121e-05 seconds or  2281.46 MUPD/s or  27.3775 GB/s
STREAM triad of size    92208 : min/avg/max: 4.04184e-05 4.05551e-05 4.10322e-05 seconds or  2281.33 MUPD/s or   27.376 GB/s
STREAM triad of size   101432 : min/avg/max: 4.44513e-05 4.45836e-05 4.48324e-05 seconds or  2281.87 MUPD/s or  27.3824 GB/s
STREAM triad of size   111576 : min/avg/max: 4.88928e-05 4.90417e-05 4.93181e-05 seconds or  2282.05 MUPD/s or  27.3846 GB/s
STREAM triad of size   122736 : min/avg/max: 5.38042e-05 5.39702e-05 5.42629e-05 seconds or  2281.16 MUPD/s or  27.3739 GB/s
STREAM triad of size   135016 : min/avg/max: 5.91897e-05 5.93643e-05 5.96901e-05 seconds or  2281.07 MUPD/s or  27.3729 GB/s
STREAM triad of size   148520 : min/avg/max: 6.51388e-05 6.53365e-05 6.56958e-05 seconds or  2280.05 MUPD/s or  27.3606 GB/s
STREAM triad of size   163376 : min/avg/max: 7.16733e-05 7.18895e-05 7.22908e-05 seconds or  2279.46 MUPD/s or  27.3535 GB/s
STREAM triad of size   179720 : min/avg/max: 7.89491e-05 7.91882e-05 7.96305e-05 seconds or   2276.4 MUPD/s or  27.3168 GB/s
STREAM triad of size   197696 : min/avg/max: 8.70549e-05 8.73591e-05 8.84305e-05 seconds or  2270.94 MUPD/s or  27.2512 GB/s
STREAM triad of size   217472 : min/avg/max: 9.61825e-05 9.65484e-05 9.75987e-05 seconds or  2261.03 MUPD/s or  27.1324 GB/s
STREAM triad of size   239224 : min/avg/max: 0.000105944 0.000106256 0.000106813 seconds or  2258.02 MUPD/s or  27.0963 GB/s
STREAM triad of size   263152 : min/avg/max: 0.000116463  0.00011682  0.00011744 seconds or  2259.53 MUPD/s or  27.1144 GB/s
STREAM triad of size   289472 : min/avg/max: 0.000128097 0.000128477 0.000129174 seconds or  2259.78 MUPD/s or  27.1174 GB/s
STREAM triad of size   318424 : min/avg/max: 0.000140937 0.000141349 0.000142187 seconds or  2259.34 MUPD/s or  27.1121 GB/s
STREAM triad of size   350272 : min/avg/max: 0.000155016 0.000155473 0.000156343 seconds or  2259.58 MUPD/s or   27.115 GB/s
STREAM triad of size   385304 : min/avg/max: 0.000170522 0.000171115 0.000172054 seconds or  2259.55 MUPD/s or  27.1146 GB/s
STREAM triad of size   423840 : min/avg/max: 0.000187821 0.000188367 0.000189397 seconds or  2256.61 MUPD/s or  27.0794 GB/s
STREAM triad of size   466232 : min/avg/max: 0.000206561 0.000207191 0.000208493 seconds or  2257.11 MUPD/s or  27.0854 GB/s
STREAM triad of size   512856 : min/avg/max:  0.00022718 0.000227859 0.000229058 seconds or  2257.49 MUPD/s or  27.0899 GB/s
STREAM triad of size   564144 : min/avg/max: 0.000249836 0.000250694 0.000252079 seconds or  2258.06 MUPD/s or  27.0967 GB/s
STREAM triad of size   620560 : min/avg/max: 0.000274921 0.000275859 0.000277264 seconds or  2257.23 MUPD/s or  27.0867 GB/s
STREAM triad of size   682624 : min/avg/max: 0.000302313 0.000303266 0.000304822 seconds or     2258 MUPD/s or   27.096 GB/s
STREAM triad of size   750888 : min/avg/max: 0.000332618 0.000333632 0.000335453 seconds or  2257.51 MUPD/s or  27.0901 GB/s
STREAM triad of size   825984 : min/avg/max: 0.000365877 0.000366966 0.000369083 seconds or  2257.54 MUPD/s or  27.0905 GB/s
STREAM triad of size   908584 : min/avg/max: 0.000402504 0.000403872 0.000406038 seconds or  2257.33 MUPD/s or  27.0879 GB/s
STREAM triad of size   999448 : min/avg/max: 0.000445733 0.000447147  0.00044973 seconds or  2242.26 MUPD/s or  26.9071 GB/s
STREAM triad of size  1099400 : min/avg/max: 0.000505667 0.000507385 0.000511041 seconds or  2174.16 MUPD/s or  26.0899 GB/s
STREAM triad of size  1209344 : min/avg/max: 0.000608297 0.000611242 0.000622898 seconds or  1988.08 MUPD/s or   23.857 GB/s
STREAM triad of size  1330280 : min/avg/max: 0.000701676 0.000704614 0.000708102 seconds or  1895.86 MUPD/s or  22.7503 GB/s
STREAM triad of size  1463312 : min/avg/max: 0.000848908 0.000852312 0.000857607 seconds or  1723.76 MUPD/s or  20.6851 GB/s
STREAM triad of size  1609648 : min/avg/max:  0.00103971   0.0010444  0.00105205 seconds or  1548.17 MUPD/s or   18.578 GB/s
STREAM triad of size  1770616 : min/avg/max:  0.00126561  0.00127466  0.00136876 seconds or  1399.03 MUPD/s or  16.7883 GB/s
STREAM triad of size  1947680 : min/avg/max:  0.00148798  0.00149374   0.0014991 seconds or  1308.94 MUPD/s or  15.7073 GB/s
STREAM triad of size  2142456 : min/avg/max:  0.00177976   0.0017865  0.00179498 seconds or  1203.79 MUPD/s or  14.4455 GB/s
STREAM triad of size  2356704 : min/avg/max:  0.00207706  0.00208758  0.00211627 seconds or  1134.64 MUPD/s or  13.6156 GB/s
STREAM triad of size  2592376 : min/avg/max:  0.00235943  0.00236749  0.00237184 seconds or  1098.73 MUPD/s or  13.1848 GB/s
STREAM triad of size  2851616 : min/avg/max:  0.00266237   0.0026719  0.00268304 seconds or  1071.08 MUPD/s or   12.853 GB/s
STREAM triad of size  3136784 : min/avg/max:  0.00297782  0.00299141  0.00301246 seconds or  1053.38 MUPD/s or  12.6406 GB/s
STREAM triad of size  3450464 : min/avg/max:   0.0033071  0.00331959  0.00333936 seconds or  1043.35 MUPD/s or  12.5202 GB/s
STREAM triad of size  3795512 : min/avg/max:  0.00365907  0.00367163  0.00367742 seconds or  1037.29 MUPD/s or  12.4475 GB/s
STREAM triad of size  4175064 : min/avg/max:  0.00404729  0.00406108  0.00406873 seconds or  1031.57 MUPD/s or  12.3788 GB/s
STREAM triad of size  4592576 : min/avg/max:  0.00446063   0.0044773  0.00448633 seconds or  1029.58 MUPD/s or   12.355 GB/s
STREAM triad of size  5051840 : min/avg/max:  0.00490262  0.00492197  0.00493689 seconds or  1030.44 MUPD/s or  12.3652 GB/s
STREAM triad of size  5557032 : min/avg/max:  0.00540082  0.00541798  0.00542838 seconds or  1028.92 MUPD/s or  12.3471 GB/s
STREAM triad of size  6112736 : min/avg/max:  0.00594001  0.00595872   0.0059685 seconds or  1029.08 MUPD/s or  12.3489 GB/s
STREAM triad of size  6724016 : min/avg/max:  0.00653407  0.00655295  0.00656567 seconds or  1029.07 MUPD/s or  12.3488 GB/s
STREAM triad of size  7396424 : min/avg/max:  0.00719716  0.00770191  0.00897988 seconds or  1027.69 MUPD/s or  12.3322 GB/s
STREAM triad of size  8136072 : min/avg/max:   0.0079067  0.00793075  0.00794479 seconds or  1029.01 MUPD/s or  12.3481 GB/s
STREAM triad of size  8949680 : min/avg/max:  0.00870297  0.00873477  0.00875847 seconds or  1028.35 MUPD/s or  12.3402 GB/s
STREAM triad of size  9844656 : min/avg/max:  0.00956525  0.00960387  0.00962351 seconds or  1029.21 MUPD/s or  12.3505 GB/s
STREAM triad of size 10829128 : min/avg/max:   0.0105381    0.010575   0.0106014 seconds or  1027.62 MUPD/s or  12.3314 GB/s
STREAM triad of size 11912048 : min/avg/max:   0.0115821   0.0116218   0.0116427 seconds or  1028.49 MUPD/s or  12.3419 GB/s
STREAM triad of size 13103256 : min/avg/max:   0.0127596    0.012809   0.0128328 seconds or  1026.93 MUPD/s or  12.3232 GB/s
STREAM triad of size 14413584 : min/avg/max:   0.0140183    0.014066   0.0140975 seconds or   1028.2 MUPD/s or  12.3384 GB/s
STREAM triad of size 15854944 : min/avg/max:   0.0154179   0.0154753   0.0155075 seconds or  1028.35 MUPD/s or  12.3402 GB/s
STREAM triad of size 17440440 : min/avg/max:   0.0169678   0.0175663   0.0276355 seconds or  1027.86 MUPD/s or  12.3343 GB/s
STREAM triad of size 19184488 : min/avg/max:   0.0186551   0.0187145   0.0187465 seconds or  1028.38 MUPD/s or  12.3406 GB/s
STREAM triad of size 21102944 : min/avg/max:     0.02052   0.0205956   0.0206663 seconds or  1028.41 MUPD/s or  12.3409 GB/s
STREAM triad of size 23213240 : min/avg/max:    0.022578   0.0226612   0.0228765 seconds or  1028.14 MUPD/s or  12.3376 GB/s
STREAM triad of size 25534568 : min/avg/max:    0.024836   0.0249272   0.0250379 seconds or  1028.13 MUPD/s or  12.3375 GB/s
STREAM triad of size 28088032 : min/avg/max:   0.0273386   0.0274249   0.0274957 seconds or  1027.41 MUPD/s or   12.329 GB/s
STREAM triad of size 30896840 : min/avg/max:   0.0300919   0.0301857    0.030253 seconds or  1026.75 MUPD/s or   12.321 GB/s
STREAM triad of size 33986528 : min/avg/max:   0.0330659   0.0331848   0.0333224 seconds or  1027.84 MUPD/s or  12.3341 GB/s
STREAM triad of size 37385184 : min/avg/max:   0.0363707   0.0365088   0.0366242 seconds or  1027.89 MUPD/s or  12.3347 GB/s
STREAM triad of size 41123704 : min/avg/max:     0.04009    0.040229   0.0403079 seconds or  1025.79 MUPD/s or  12.3094 GB/s
STREAM triad of size 45236080 : min/avg/max:   0.0440897   0.0442551     0.04444 seconds or     1026 MUPD/s or   12.312 GB/s
STREAM triad of size 49759696 : min/avg/max:   0.0484601   0.0486163   0.0487263 seconds or  1026.82 MUPD/s or  12.3218 GB/s
STREAM triad of size 54735672 : min/avg/max:   0.0532758   0.0534833   0.0537683 seconds or   1027.4 MUPD/s or  12.3288 GB/s
STREAM triad of size 60209240 : min/avg/max:   0.0586192   0.0588285    0.059117 seconds or  1027.13 MUPD/s or  12.3255 GB/s
STREAM triad of size 66230168 : min/avg/max:   0.0645094   0.0647421   0.0651371 seconds or  1026.68 MUPD/s or  12.3201 GB/s
STREAM triad of size 72853192 : min/avg/max:   0.0710552   0.0712989   0.0715452 seconds or   1025.3 MUPD/s or  12.3036 GB/s
STREAM triad of size 80138512 : min/avg/max:   0.0780817   0.0783636   0.0785497 seconds or  1026.34 MUPD/s or  12.3161 GB/s
STREAM triad of size 88152368 : min/avg/max:   0.0858529   0.0861626   0.0863306 seconds or  1026.78 MUPD/s or  12.3214 GB/s
STREAM triad of size 96967608 : min/avg/max:   0.0945292   0.0948489   0.0950042 seconds or   1025.8 MUPD/s or  12.3095 GB/s
