STREAM triad of size        8 : min/avg/max: 6.02701e-09 6.71568e-09 9.78569e-09 seconds or  1327.36 MUPD/s or  15.9283 GB/s
STREAM triad of size       16 : min/avg/max: 1.13841e-08 1.14179e-08 1.14507e-08 seconds or  1405.47 MUPD/s or  16.8657 GB/s
STREAM triad of size       24 : min/avg/max: 1.67418e-08 1.68104e-08 1.70498e-08 seconds or  1433.53 MUPD/s or  17.2024 GB/s
STREAM triad of size       32 : min/avg/max: 2.20998e-08 2.21835e-08 2.23277e-08 seconds or  1447.98 MUPD/s or  17.3757 GB/s
STREAM triad of size       40 : min/avg/max: 3.34845e-08 3.35831e-08 3.36661e-08 seconds or  1194.58 MUPD/s or   14.335 GB/s
STREAM triad of size       48 : min/avg/max: 3.88397e-08 3.89565e-08 3.90457e-08 seconds or  1235.85 MUPD/s or  14.8302 GB/s
STREAM triad of size       56 : min/avg/max: 4.41989e-08 4.43344e-08 4.44122e-08 seconds or     1267 MUPD/s or   15.204 GB/s
STREAM triad of size       64 : min/avg/max: 4.95536e-08 4.96995e-08 4.98063e-08 seconds or  1291.53 MUPD/s or  15.4984 GB/s
STREAM triad of size       72 : min/avg/max: 5.49111e-08 5.50741e-08 5.52251e-08 seconds or  1311.21 MUPD/s or  15.7345 GB/s
STREAM triad of size       80 : min/avg/max: 6.02698e-08 6.04674e-08 6.07036e-08 seconds or  1327.36 MUPD/s or  15.9284 GB/s
STREAM triad of size       96 : min/avg/max: 7.09863e-08 7.12234e-08 7.16748e-08 seconds or  1352.37 MUPD/s or  16.2285 GB/s
STREAM triad of size      112 : min/avg/max: 8.16984e-08 8.19488e-08 8.21229e-08 seconds or   1370.9 MUPD/s or  16.4508 GB/s
STREAM triad of size      128 : min/avg/max: 9.24161e-08 9.27036e-08 9.29441e-08 seconds or  1385.04 MUPD/s or  16.6205 GB/s
STREAM triad of size      144 : min/avg/max: 1.03129e-07  1.0343e-07 1.03703e-07 seconds or  1396.31 MUPD/s or  16.7557 GB/s
STREAM triad of size      160 : min/avg/max: 1.13843e-07 1.14168e-07 1.14482e-07 seconds or  1405.45 MUPD/s or  16.8654 GB/s
STREAM triad of size      184 : min/avg/max: 1.29915e-07 1.30323e-07 1.30639e-07 seconds or  1416.31 MUPD/s or  16.9957 GB/s
STREAM triad of size      208 : min/avg/max: 1.45986e-07 1.46409e-07 1.46812e-07 seconds or  1424.79 MUPD/s or  17.0975 GB/s
STREAM triad of size      232 : min/avg/max: 1.62054e-07 1.62577e-07 1.62952e-07 seconds or  1431.62 MUPD/s or  17.1795 GB/s
STREAM triad of size      256 : min/avg/max: 1.78132e-07  1.7866e-07 1.79205e-07 seconds or  1437.14 MUPD/s or  17.2457 GB/s
STREAM triad of size      288 : min/avg/max: 1.99556e-07 2.00225e-07 2.00691e-07 seconds or   1443.2 MUPD/s or  17.3185 GB/s
STREAM triad of size      320 : min/avg/max: 2.20988e-07 2.21698e-07 2.23185e-07 seconds or  1448.04 MUPD/s or  17.3765 GB/s
STREAM triad of size      360 : min/avg/max: 2.47792e-07 2.48522e-07 2.49304e-07 seconds or  1452.83 MUPD/s or  17.4339 GB/s
STREAM triad of size      400 : min/avg/max: 2.74563e-07 2.75401e-07 2.76126e-07 seconds or  1456.86 MUPD/s or  17.4823 GB/s
STREAM triad of size      448 : min/avg/max: 3.06713e-07 3.07675e-07 3.08681e-07 seconds or  1460.65 MUPD/s or  17.5278 GB/s
STREAM triad of size      496 : min/avg/max: 3.38857e-07 3.39968e-07 3.42349e-07 seconds or  1463.75 MUPD/s or  17.5649 GB/s
STREAM triad of size      552 : min/avg/max: 3.76349e-07 3.77475e-07 3.78565e-07 seconds or  1466.72 MUPD/s or  17.6007 GB/s
STREAM triad of size      608 : min/avg/max: 4.13858e-07 4.15092e-07 4.16083e-07 seconds or   1469.1 MUPD/s or  17.6292 GB/s
STREAM triad of size      672 : min/avg/max: 4.56717e-07 4.57959e-07 4.59266e-07 seconds or  1471.37 MUPD/s or  17.6565 GB/s
STREAM triad of size      744 : min/avg/max: 5.04922e-07 5.06444e-07 5.07815e-07 seconds or   1473.5 MUPD/s or  17.6819 GB/s
STREAM triad of size      824 : min/avg/max: 5.58508e-07 5.60151e-07 5.61593e-07 seconds or  1475.36 MUPD/s or  17.7043 GB/s
STREAM triad of size      912 : min/avg/max: 6.17436e-07 6.19321e-07 6.21129e-07 seconds or  1477.08 MUPD/s or  17.7249 GB/s
STREAM triad of size     1008 : min/avg/max: 6.81762e-07 6.83891e-07 6.85986e-07 seconds or  1478.52 MUPD/s or  17.7423 GB/s
STREAM triad of size     1112 : min/avg/max: 7.51367e-07  7.5382e-07 7.55639e-07 seconds or  1479.97 MUPD/s or  17.7596 GB/s
STREAM triad of size     1224 : min/avg/max: 8.26399e-07  8.2895e-07 8.31349e-07 seconds or  1481.12 MUPD/s or  17.7735 GB/s
STREAM triad of size     1352 : min/avg/max: 9.12135e-07 9.14633e-07 9.17187e-07 seconds or  1482.24 MUPD/s or  17.7868 GB/s
STREAM triad of size     1488 : min/avg/max: 1.00318e-06 1.00624e-06 1.00924e-06 seconds or  1483.28 MUPD/s or  17.7994 GB/s
STREAM triad of size     1640 : min/avg/max: 1.10504e-06 1.10841e-06 1.11136e-06 seconds or  1484.11 MUPD/s or  17.8093 GB/s
STREAM triad of size     1808 : min/avg/max: 1.21754e-06 1.22129e-06 1.22514e-06 seconds or  1484.96 MUPD/s or  17.8195 GB/s
STREAM triad of size     1992 : min/avg/max: 1.34085e-06 1.34528e-06  1.3487e-06 seconds or  1485.63 MUPD/s or  17.8275 GB/s
STREAM triad of size     2192 : min/avg/max: 1.47477e-06 1.47956e-06 1.48425e-06 seconds or  1486.33 MUPD/s or   17.836 GB/s
STREAM triad of size     2416 : min/avg/max: 1.62487e-06 1.62978e-06 1.63408e-06 seconds or  1486.89 MUPD/s or  17.8427 GB/s
STREAM triad of size     2664 : min/avg/max:   1.791e-06 1.79653e-06 1.80212e-06 seconds or  1487.44 MUPD/s or  17.8492 GB/s
STREAM triad of size     2936 : min/avg/max: 1.98043e-06 1.98767e-06 1.99313e-06 seconds or   1482.5 MUPD/s or  17.7901 GB/s
STREAM triad of size     3232 : min/avg/max: 2.17773e-06 2.18476e-06 2.19234e-06 seconds or  1484.12 MUPD/s or  17.8094 GB/s
STREAM triad of size     3560 : min/avg/max: 2.39866e-06 2.40654e-06 2.41559e-06 seconds or  1484.16 MUPD/s or  17.8099 GB/s
STREAM triad of size     3920 : min/avg/max: 2.63977e-06 2.65073e-06 2.67124e-06 seconds or  1484.98 MUPD/s or  17.8197 GB/s
STREAM triad of size     4320 : min/avg/max: 2.90796e-06 2.91904e-06 2.92937e-06 seconds or  1485.58 MUPD/s or  17.8269 GB/s
STREAM triad of size     4760 : min/avg/max: 3.20639e-06 3.21802e-06 3.24008e-06 seconds or  1484.54 MUPD/s or  17.8144 GB/s
STREAM triad of size     5240 : min/avg/max: 3.52619e-06 3.53875e-06 3.55131e-06 seconds or  1486.02 MUPD/s or  17.8323 GB/s
STREAM triad of size     5768 : min/avg/max: 3.88316e-06 3.89543e-06  3.9057e-06 seconds or  1485.39 MUPD/s or  17.8247 GB/s
STREAM triad of size     6352 : min/avg/max: 4.27311e-06 4.28547e-06 4.29815e-06 seconds or  1486.51 MUPD/s or  17.8381 GB/s
STREAM triad of size     6992 : min/avg/max: 4.72382e-06 4.74046e-06 4.75476e-06 seconds or  1480.16 MUPD/s or  17.7619 GB/s
STREAM triad of size     7696 : min/avg/max: 5.21461e-06 5.23363e-06   5.247e-06 seconds or  1475.85 MUPD/s or  17.7102 GB/s
STREAM triad of size     8472 : min/avg/max: 5.73551e-06 5.75533e-06 5.77165e-06 seconds or  1477.11 MUPD/s or  17.7254 GB/s
STREAM triad of size     9320 : min/avg/max: 6.30312e-06 6.32776e-06 6.34315e-06 seconds or  1478.63 MUPD/s or  17.7436 GB/s
STREAM triad of size    10256 : min/avg/max: 7.18478e-06 7.21678e-06 7.23908e-06 seconds or  1427.46 MUPD/s or  17.1295 GB/s
STREAM triad of size    11288 : min/avg/max: 7.90835e-06 7.94343e-06 7.99025e-06 seconds or  1427.35 MUPD/s or  17.1282 GB/s
STREAM triad of size    12424 : min/avg/max: 8.42686e-06 8.45735e-06 8.50558e-06 seconds or  1474.33 MUPD/s or   17.692 GB/s
STREAM triad of size    13672 : min/avg/max: 9.26716e-06 9.29556e-06 9.32058e-06 seconds or  1475.32 MUPD/s or  17.7038 GB/s
STREAM triad of size    15040 : min/avg/max: 1.01976e-05 1.02285e-05   1.026e-05 seconds or  1474.86 MUPD/s or  17.6983 GB/s
STREAM triad of size    16552 : min/avg/max: 1.12124e-05 1.12475e-05 1.12831e-05 seconds or  1476.23 MUPD/s or  17.7147 GB/s
STREAM triad of size    18208 : min/avg/max: 1.23592e-05 1.24004e-05 1.24858e-05 seconds or  1473.23 MUPD/s or  17.6788 GB/s
STREAM triad of size    20032 : min/avg/max: 1.35991e-05 1.36439e-05 1.37411e-05 seconds or  1473.04 MUPD/s or  17.6764 GB/s
STREAM triad of size    22040 : min/avg/max: 1.50447e-05  1.5097e-05 1.52084e-05 seconds or  1464.97 MUPD/s or  17.5797 GB/s
STREAM triad of size    24248 : min/avg/max: 1.65282e-05 1.65776e-05 1.66201e-05 seconds or  1467.07 MUPD/s or  17.6048 GB/s
STREAM triad of size    26680 : min/avg/max: 1.82694e-05 1.83321e-05 1.84501e-05 seconds or  1460.37 MUPD/s or  17.5244 GB/s
STREAM triad of size    29352 : min/avg/max: 2.02156e-05 2.02759e-05 2.03297e-05 seconds or  1451.95 MUPD/s or  17.4234 GB/s
STREAM triad of size    32288 : min/avg/max: 2.22886e-05 2.23593e-05  2.2423e-05 seconds or  1448.63 MUPD/s or  17.3836 GB/s
STREAM triad of size    35520 : min/avg/max: 2.48482e-05 2.49229e-05 2.49912e-05 seconds or  1429.48 MUPD/s or  17.1538 GB/s
STREAM triad of size    39080 : min/avg/max: 2.73544e-05 2.74427e-05 2.75076e-05 seconds or  1428.66 MUPD/s or  17.1439 GB/s
STREAM triad of size    42992 : min/avg/max: 3.01352e-05 3.02244e-05 3.03243e-05 seconds or  1426.64 MUPD/s or  17.1197 GB/s
STREAM triad of size    47296 : min/avg/max: 3.31397e-05 3.32461e-05 3.33189e-05 seconds or  1427.17 MUPD/s or   17.126 GB/s
STREAM triad of size    52032 : min/avg/max: 3.64621e-05 3.65699e-05 3.66653e-05 seconds or  1427.02 MUPD/s or  17.1242 GB/s
STREAM triad of size    57240 : min/avg/max: 4.01001e-05 4.02178e-05 4.03216e-05 seconds or  1427.43 MUPD/s or  17.1292 GB/s
STREAM triad of size    62968 : min/avg/max: 4.41584e-05 4.43036e-05 4.44221e-05 seconds or  1425.96 MUPD/s or  17.1115 GB/s
STREAM triad of size    69272 : min/avg/max: 4.85604e-05 4.87147e-05 4.90162e-05 seconds or  1426.51 MUPD/s or  17.1182 GB/s
STREAM triad of size    76200 : min/avg/max: 5.33985e-05 5.35544e-05 5.36969e-05 seconds or  1427.01 MUPD/s or  17.1241 GB/s
STREAM triad of size    83824 : min/avg/max: 5.87159e-05 5.88926e-05   5.908e-05 seconds or  1427.62 MUPD/s or  17.1314 GB/s
STREAM triad of size    92208 : min/avg/max: 6.46374e-05  6.4841e-05  6.4983e-05 seconds or  1426.54 MUPD/s or  17.1185 GB/s
STREAM triad of size   101432 : min/avg/max: 7.10634e-05 7.12695e-05 7.14625e-05 seconds or  1427.34 MUPD/s or  17.1281 GB/s
STREAM triad of size   111576 : min/avg/max: 7.81465e-05 7.83783e-05  7.8648e-05 seconds or  1427.78 MUPD/s or  17.1333 GB/s
STREAM triad of size   122736 : min/avg/max: 8.60372e-05 8.63011e-05 8.65931e-05 seconds or  1426.55 MUPD/s or  17.1185 GB/s
STREAM triad of size   135016 : min/avg/max: 9.46178e-05 9.49339e-05 9.51907e-05 seconds or  1426.96 MUPD/s or  17.1236 GB/s
STREAM triad of size   148520 : min/avg/max: 0.000104129 0.000104448 0.000104763 seconds or   1426.3 MUPD/s or  17.1156 GB/s
STREAM triad of size   163376 : min/avg/max: 0.000114626 0.000115007 0.000115848 seconds or   1425.3 MUPD/s or  17.1036 GB/s
STREAM triad of size   179720 : min/avg/max: 0.000126337 0.000126713 0.000127024 seconds or  1422.54 MUPD/s or  17.0705 GB/s
STREAM triad of size   197696 : min/avg/max:   0.0001402 0.000140616 0.000140974 seconds or   1410.1 MUPD/s or  16.9212 GB/s
STREAM triad of size   217472 : min/avg/max: 0.000154537  0.00015498 0.000155362 seconds or  1407.25 MUPD/s or   16.887 GB/s
STREAM triad of size   239224 : min/avg/max:  0.00017034 0.000170937 0.000171837 seconds or  1404.39 MUPD/s or  16.8527 GB/s
STREAM triad of size   263152 : min/avg/max: 0.000187363 0.000187918 0.000188443 seconds or   1404.5 MUPD/s or   16.854 GB/s
STREAM triad of size   289472 : min/avg/max: 0.000206064 0.000206861 0.000207504 seconds or  1404.77 MUPD/s or  16.8572 GB/s
STREAM triad of size   318424 : min/avg/max:  0.00022685 0.000227562 0.000229076 seconds or  1403.68 MUPD/s or  16.8442 GB/s
STREAM triad of size   350272 : min/avg/max: 0.000249442 0.000250266 0.000251817 seconds or  1404.22 MUPD/s or  16.8506 GB/s
STREAM triad of size   385304 : min/avg/max: 0.000274343 0.000275142 0.000275874 seconds or  1404.46 MUPD/s or  16.8536 GB/s
STREAM triad of size   423840 : min/avg/max: 0.000301772 0.000302737  0.00030347 seconds or   1404.5 MUPD/s or  16.8541 GB/s
STREAM triad of size   466232 : min/avg/max:  0.00033202  0.00033299 0.000334035 seconds or  1404.23 MUPD/s or  16.8508 GB/s
STREAM triad of size   512856 : min/avg/max: 0.000365173  0.00036635 0.000367312 seconds or  1404.42 MUPD/s or   16.853 GB/s
STREAM triad of size   564144 : min/avg/max: 0.000401616 0.000402794 0.000403759 seconds or  1404.68 MUPD/s or  16.8562 GB/s
STREAM triad of size   620560 : min/avg/max: 0.000441943 0.000443411 0.000444572 seconds or  1404.16 MUPD/s or    16.85 GB/s
STREAM triad of size   682624 : min/avg/max:   0.0004861 0.000487511 0.000488739 seconds or  1404.29 MUPD/s or  16.8514 GB/s
STREAM triad of size   750888 : min/avg/max: 0.000534752 0.000537289 0.000554272 seconds or  1404.18 MUPD/s or  16.8502 GB/s
STREAM triad of size   825984 : min/avg/max: 0.000588291 0.000589983 0.000591413 seconds or  1404.04 MUPD/s or  16.8485 GB/s
STREAM triad of size   908584 : min/avg/max: 0.000648565 0.000650534 0.000652518 seconds or  1400.91 MUPD/s or   16.811 GB/s
STREAM triad of size   999448 : min/avg/max: 0.000715578 0.000717889 0.000719693 seconds or   1396.7 MUPD/s or  16.7604 GB/s
STREAM triad of size  1099400 : min/avg/max: 0.000789833 0.000792125 0.000794361 seconds or  1391.94 MUPD/s or  16.7033 GB/s
STREAM triad of size  1209344 : min/avg/max: 0.000884485 0.000887475 0.000890016 seconds or  1367.29 MUPD/s or  16.4074 GB/s
STREAM triad of size  1330280 : min/avg/max:  0.00100282  0.00100687  0.00101334 seconds or  1326.53 MUPD/s or  15.9184 GB/s
STREAM triad of size  1463312 : min/avg/max:  0.00114712  0.00115093  0.00115472 seconds or  1275.64 MUPD/s or  15.3077 GB/s
STREAM triad of size  1609648 : min/avg/max:  0.00130582  0.00131089  0.00131612 seconds or  1232.67 MUPD/s or  14.7921 GB/s
STREAM triad of size  1770616 : min/avg/max:  0.00149353  0.00149954  0.00150902 seconds or  1185.52 MUPD/s or  14.2263 GB/s
STREAM triad of size  1947680 : min/avg/max:   0.0017212  0.00172741  0.00173195 seconds or  1131.58 MUPD/s or   13.579 GB/s
STREAM triad of size  2142456 : min/avg/max:  0.00194889  0.00195597  0.00196019 seconds or  1099.32 MUPD/s or  13.1919 GB/s
STREAM triad of size  2356704 : min/avg/max:  0.00220315  0.00221037  0.00221826 seconds or   1069.7 MUPD/s or  12.8364 GB/s
STREAM triad of size  2592376 : min/avg/max:  0.00246262  0.00247036  0.00247949 seconds or  1052.69 MUPD/s or  12.6323 GB/s
STREAM triad of size  2851616 : min/avg/max:  0.00273642  0.00274557  0.00274896 seconds or   1042.1 MUPD/s or  12.5052 GB/s
STREAM triad of size  3136784 : min/avg/max:  0.00301744  0.00302738  0.00303472 seconds or  1039.55 MUPD/s or  12.4746 GB/s
STREAM triad of size  3450464 : min/avg/max:  0.00333582  0.00334693  0.00336091 seconds or  1034.37 MUPD/s or  12.4124 GB/s
STREAM triad of size  3795512 : min/avg/max:  0.00367968   0.0036917   0.0036986 seconds or  1031.48 MUPD/s or  12.3777 GB/s
STREAM triad of size  4175064 : min/avg/max:  0.00405287  0.00406757  0.00407559 seconds or  1030.15 MUPD/s or  12.3618 GB/s
STREAM triad of size  4592576 : min/avg/max:  0.00445926  0.00447662  0.00448785 seconds or   1029.9 MUPD/s or  12.3587 GB/s
STREAM triad of size  5051840 : min/avg/max:  0.00490636  0.00492507  0.00494907 seconds or  1029.65 MUPD/s or  12.3558 GB/s
STREAM triad of size  5557032 : min/avg/max:   0.0053976  0.00541361  0.00543676 seconds or  1029.54 MUPD/s or  12.3544 GB/s
STREAM triad of size  6112736 : min/avg/max:  0.00593703  0.00595873  0.00599915 seconds or  1029.59 MUPD/s or  12.3551 GB/s
STREAM triad of size  6724016 : min/avg/max:  0.00652926  0.00655066  0.00656356 seconds or  1029.83 MUPD/s or  12.3579 GB/s
STREAM triad of size  7396424 : min/avg/max:  0.00717496  0.00720299   0.0072455 seconds or  1030.87 MUPD/s or  12.3704 GB/s
STREAM triad of size  8136072 : min/avg/max:  0.00790213  0.00793164  0.00798572 seconds or   1029.6 MUPD/s or  12.3553 GB/s
STREAM triad of size  8949680 : min/avg/max:  0.00868761    0.008716  0.00875392 seconds or  1030.17 MUPD/s or   12.362 GB/s
STREAM triad of size  9844656 : min/avg/max:  0.00956237  0.00960076  0.00962602 seconds or  1029.52 MUPD/s or  12.3542 GB/s
STREAM triad of size 10829128 : min/avg/max:   0.0104979   0.0105342   0.0105567 seconds or  1031.56 MUPD/s or  12.3787 GB/s
STREAM triad of size 11912048 : min/avg/max:   0.0115681   0.0116035   0.0116267 seconds or  1029.73 MUPD/s or  12.3568 GB/s
STREAM triad of size 13103256 : min/avg/max:   0.0127295   0.0127763   0.0128015 seconds or  1029.36 MUPD/s or  12.3523 GB/s
STREAM triad of size 14413584 : min/avg/max:     0.01399    0.014034   0.0141027 seconds or  1030.28 MUPD/s or  12.3633 GB/s
STREAM triad of size 15854944 : min/avg/max:   0.0153943   0.0158519   0.0235782 seconds or  1029.92 MUPD/s or  12.3591 GB/s
STREAM triad of size 17440440 : min/avg/max:   0.0169138   0.0169691    0.017017 seconds or  1031.14 MUPD/s or  12.3736 GB/s
STREAM triad of size 19184488 : min/avg/max:   0.0186021   0.0186799   0.0187154 seconds or  1031.31 MUPD/s or  12.3757 GB/s
STREAM triad of size 21102944 : min/avg/max:   0.0205077   0.0205835   0.0206912 seconds or  1029.02 MUPD/s or  12.3483 GB/s
STREAM triad of size 23213240 : min/avg/max:   0.0225341   0.0226072   0.0226423 seconds or  1030.14 MUPD/s or  12.3617 GB/s
STREAM triad of size 25534568 : min/avg/max:   0.0247876   0.0248721   0.0249342 seconds or  1030.14 MUPD/s or  12.3616 GB/s
STREAM triad of size 28088032 : min/avg/max:   0.0272799   0.0273692   0.0274907 seconds or  1029.62 MUPD/s or  12.3555 GB/s
STREAM triad of size 30896840 : min/avg/max:   0.0300167    0.030114   0.0301576 seconds or  1029.32 MUPD/s or  12.3518 GB/s
STREAM triad of size 33986528 : min/avg/max:   0.0330055   0.0331226   0.0332777 seconds or  1029.72 MUPD/s or  12.3567 GB/s
STREAM triad of size 37385184 : min/avg/max:   0.0363107   0.0364419   0.0365513 seconds or  1029.59 MUPD/s or  12.3551 GB/s
STREAM triad of size 41123704 : min/avg/max:   0.0398581   0.0400079   0.0401563 seconds or  1031.75 MUPD/s or   12.381 GB/s
STREAM triad of size 45236080 : min/avg/max:   0.0438379   0.0439892    0.044112 seconds or  1031.89 MUPD/s or  12.3827 GB/s
STREAM triad of size 49759696 : min/avg/max:   0.0483215   0.0484777   0.0485719 seconds or  1029.76 MUPD/s or  12.3572 GB/s
STREAM triad of size 54735672 : min/avg/max:   0.0531356   0.0533469   0.0536454 seconds or  1030.11 MUPD/s or  12.3614 GB/s
STREAM triad of size 60209240 : min/avg/max:   0.0584727   0.0586794   0.0589154 seconds or   1029.7 MUPD/s or  12.3564 GB/s
STREAM triad of size 66230168 : min/avg/max:   0.0642721   0.0645034   0.0647294 seconds or  1030.47 MUPD/s or  12.3656 GB/s
STREAM triad of size 72853192 : min/avg/max:   0.0708055   0.0711242   0.0716723 seconds or  1028.92 MUPD/s or   12.347 GB/s
STREAM triad of size 80138512 : min/avg/max:   0.0779068   0.0782042   0.0784219 seconds or  1028.65 MUPD/s or  12.3438 GB/s
STREAM triad of size 88152368 : min/avg/max:    0.085621   0.0859202    0.086102 seconds or  1029.57 MUPD/s or  12.3548 GB/s
STREAM triad of size 96967608 : min/avg/max:   0.0941922   0.0945441    0.094913 seconds or  1029.47 MUPD/s or  12.3536 GB/s
