matrix size      100 100 : min/avg/max: 6.73534e-06 7.14282e-06  7.7701e-06 seconds or  2969.41 MUPD/s or   6.0576 GB/s
matrix size      300 300 : min/avg/max: 1.34338e-05 1.35421e-05 1.36115e-05 seconds or  13399.1 MUPD/s or  26.9768 GB/s
matrix size      500 500 : min/avg/max: 2.03127e-05 2.03988e-05 2.05013e-05 seconds or  24615.1 MUPD/s or  49.4271 GB/s
matrix size      700 700 : min/avg/max: 2.80467e-05 2.81238e-05 2.84205e-05 seconds or  34941.8 MUPD/s or  70.0832 GB/s
matrix size      900 900 : min/avg/max: 3.45095e-05 3.48011e-05 3.55875e-05 seconds or  46943.6 MUPD/s or  94.0958 GB/s
matrix size     1100 1100 : min/avg/max: 5.73443e-05 5.74688e-05 5.75826e-05 seconds or  42201.2 MUPD/s or  84.5559 GB/s
matrix size     1300 1300 : min/avg/max: 6.77014e-05 6.78051e-05 6.78971e-05 seconds or  49925.1 MUPD/s or  100.004 GB/s
matrix size     1500 1500 : min/avg/max: 5.86935e-05 7.12311e-05 7.88006e-05 seconds or  76669.5 MUPD/s or  153.543 GB/s
matrix size     1700 1700 : min/avg/max: 6.66785e-05 6.68515e-05 6.69613e-05 seconds or  86684.6 MUPD/s or  173.573 GB/s
matrix size     1900 1900 : min/avg/max: 7.56754e-05 7.58652e-05 7.63341e-05 seconds or  95407.5 MUPD/s or  191.016 GB/s
matrix size     2100 2100 : min/avg/max: 8.76545e-05 8.80747e-05 8.82992e-05 seconds or   100622 MUPD/s or  201.436 GB/s
matrix size     2300 2300 : min/avg/max: 9.78281e-05 9.81216e-05 9.84078e-05 seconds or   108149 MUPD/s or  216.486 GB/s
matrix size     2500 2500 : min/avg/max: 0.000112027 0.000112488 0.000112786 seconds or   111581 MUPD/s or   223.34 GB/s
matrix size     2700 2700 : min/avg/max: 0.000127748 0.000127957 0.000128215 seconds or   114131 MUPD/s or  228.431 GB/s
matrix size     2900 2900 : min/avg/max: 0.000142784 0.000143153 0.000143542 seconds or   117801 MUPD/s or  235.764 GB/s
matrix size     3100 3100 : min/avg/max: 0.000164049 0.000164357 0.000164656 seconds or   117160 MUPD/s or  234.471 GB/s
matrix size     3300 3300 : min/avg/max: 0.000181734 0.000181965 0.000182231 seconds or   119846 MUPD/s or  239.837 GB/s
matrix size     3500 3500 : min/avg/max: 0.000202917 0.000203373  0.00020388 seconds or   120739 MUPD/s or  241.616 GB/s
matrix size     3700 3700 : min/avg/max: 0.000224182  0.00022469 0.000225787 seconds or   122133 MUPD/s or  244.397 GB/s
matrix size     3900 3900 : min/avg/max: 0.000246373   0.0002468 0.000247179 seconds or   123471 MUPD/s or  247.069 GB/s
matrix size     4100 4100 : min/avg/max: 0.000267872 0.000268624 0.000269339 seconds or   125508 MUPD/s or  251.138 GB/s
matrix size     4300 4300 : min/avg/max: 0.000299775 0.000300354 0.000301135 seconds or   123359 MUPD/s or  246.833 GB/s
matrix size     4500 4500 : min/avg/max: 0.000326447 0.000326996 0.000327979 seconds or   124063 MUPD/s or  248.236 GB/s
matrix size     4700 4700 : min/avg/max: 0.000354897 0.000355632 0.000357425 seconds or   124487 MUPD/s or   249.08 GB/s
matrix size     4900 4900 : min/avg/max: 0.000386897 0.000387767 0.000390484 seconds or   124116 MUPD/s or  248.333 GB/s
matrix size     5100 5100 : min/avg/max: 0.000414723 0.000415299  0.00041814 seconds or   125433 MUPD/s or  250.964 GB/s
matrix size     5300 5300 : min/avg/max: 0.000450158 0.000450735 0.000454733 seconds or   124801 MUPD/s or  249.696 GB/s
matrix size     5500 5500 : min/avg/max: 0.000486845 0.000487887 0.000492734 seconds or   124270 MUPD/s or   248.63 GB/s
matrix size     5700 5700 : min/avg/max: 0.000525291 0.000526373  0.00053218 seconds or   123703 MUPD/s or  247.492 GB/s
matrix size     5900 5900 : min/avg/max: 0.000564575 0.000565478  0.00057189 seconds or   123314 MUPD/s or  246.712 GB/s
matrix size     6100 6100 : min/avg/max: 0.000602407 0.000603548 0.000611583 seconds or   123538 MUPD/s or  247.156 GB/s
matrix size     6300 6300 : min/avg/max: 0.000647494 0.000648693 0.000656572 seconds or   122596 MUPD/s or  245.269 GB/s
matrix size     6500 6500 : min/avg/max: 0.000687179 0.000688482 0.000697341 seconds or   122967 MUPD/s or  246.009 GB/s
matrix size     6700 6700 : min/avg/max: 0.000732321 0.000733836 0.000742298 seconds or   122596 MUPD/s or  245.266 GB/s
matrix size     6900 6900 : min/avg/max: 0.000782451 0.000783747  0.00079396 seconds or   121695 MUPD/s or   243.46 GB/s
matrix size     7100 7100 : min/avg/max: 0.000827123 0.000829761 0.000842054 seconds or   121892 MUPD/s or  243.853 GB/s
matrix size     7300 7300 : min/avg/max: 0.000879401 0.000881229 0.000896301 seconds or   121196 MUPD/s or  242.459 GB/s
matrix size     7500 7500 : min/avg/max: 0.000933897 0.000936723 0.000950112 seconds or   120463 MUPD/s or   240.99 GB/s
matrix size     7700 7700 : min/avg/max: 0.000993829 0.000996595  0.00101101 seconds or   119316 MUPD/s or  238.695 GB/s
matrix size     7900 7900 : min/avg/max:  0.00105441  0.00105659  0.00107146 seconds or   118379 MUPD/s or  236.817 GB/s
matrix size     8100 8100 : min/avg/max:  0.00111264  0.00111646  0.00113487 seconds or   117936 MUPD/s or   235.93 GB/s
matrix size     8300 8300 : min/avg/max:  0.00117438   0.0011777   0.0011942 seconds or   117321 MUPD/s or    234.7 GB/s
matrix size     8500 8500 : min/avg/max:  0.00124833  0.00125219  0.00126381 seconds or   115755 MUPD/s or  231.565 GB/s
matrix size     8700 8700 : min/avg/max:   0.0013181  0.00132376  0.00134248 seconds or   114847 MUPD/s or  229.747 GB/s
matrix size     8900 8900 : min/avg/max:  0.00139241  0.00139685  0.00141333 seconds or   113774 MUPD/s or    227.6 GB/s
matrix size     9100 9100 : min/avg/max:  0.00145955  0.00146316   0.0014824 seconds or   113473 MUPD/s or  226.996 GB/s
matrix size     9300 9300 : min/avg/max:  0.00154875  0.00155393  0.00157174 seconds or   111690 MUPD/s or  223.428 GB/s
matrix size     9500 9500 : min/avg/max:  0.00163292  0.00163854  0.00166075 seconds or   110538 MUPD/s or  221.123 GB/s
matrix size     9700 9700 : min/avg/max:  0.00172055  0.00172556  0.00174694 seconds or   109372 MUPD/s or   218.79 GB/s
matrix size     9900 9900 : min/avg/max:  0.00180747  0.00181266   0.0018372 seconds or   108450 MUPD/s or  216.944 GB/s
