matrix size      100 100 : min/avg/max:  5.0493e-06 5.16725e-06 7.08946e-06 seconds or  3960.95 MUPD/s or  8.08033 GB/s
matrix size      433 433 : min/avg/max: 6.70782e-06 1.00326e-05 1.07208e-05 seconds or  55901.7 MUPD/s or   112.32 GB/s
matrix size      766 766 : min/avg/max: 9.50443e-06 9.72663e-06   9.804e-06 seconds or   123470 MUPD/s or  247.585 GB/s
matrix size     1099 1099 : min/avg/max: 2.34111e-05 2.39189e-05 2.47754e-05 seconds or   103182 MUPD/s or  206.739 GB/s
matrix size     1432 1432 : min/avg/max: 3.69041e-05 3.69196e-05 3.69542e-05 seconds or   111133 MUPD/s or  222.576 GB/s
matrix size     1765 1765 : min/avg/max:   5.306e-05 5.30756e-05 5.31046e-05 seconds or   117423 MUPD/s or  235.112 GB/s
matrix size     2098 2098 : min/avg/max: 7.30726e-05 7.30855e-05 7.31007e-05 seconds or   120472 MUPD/s or  241.174 GB/s
matrix size     2431 2431 : min/avg/max:  9.8533e-05 9.85372e-05 9.85446e-05 seconds or   119955 MUPD/s or  240.107 GB/s
matrix size     2764 2764 : min/avg/max: 0.000125679 0.000125715 0.000125783 seconds or   121575 MUPD/s or  243.326 GB/s
matrix size     3097 3097 : min/avg/max: 0.000156359 0.000156396 0.000156425 seconds or   122685 MUPD/s or  245.528 GB/s
matrix size     3430 3430 : min/avg/max: 0.000190988 0.000191015 0.000191051 seconds or   123200 MUPD/s or  246.544 GB/s
matrix size     3763 3763 : min/avg/max: 0.000228811 0.000228854 0.000228903 seconds or   123772 MUPD/s or  247.675 GB/s
matrix size     4096 4096 : min/avg/max: 0.000258039 0.000258065 0.000258142 seconds or   130036 MUPD/s or    260.2 GB/s
matrix size     4429 4429 : min/avg/max: 0.000321156 0.000321392 0.000321558 seconds or   122159 MUPD/s or  244.428 GB/s
matrix size     4762 4762 : min/avg/max: 0.000367601 0.000367831 0.000368058 seconds or   123376 MUPD/s or  246.857 GB/s
matrix size     5095 5095 : min/avg/max: 0.000419972  0.00042017 0.000420325 seconds or   123623 MUPD/s or  247.342 GB/s
matrix size     5428 5428 : min/avg/max: 0.000520945 0.000521462 0.000521887 seconds or   113114 MUPD/s or  226.312 GB/s
matrix size     5761 5761 : min/avg/max: 0.000658542 0.000659535 0.000660271 seconds or   100796 MUPD/s or  201.662 GB/s
matrix size     6094 6094 : min/avg/max: 0.000735474 0.000736456   0.0007373 seconds or   100987 MUPD/s or  202.041 GB/s
matrix size     6427 6427 : min/avg/max: 0.000843698 0.000844209  0.00084586 seconds or  97917.3 MUPD/s or  195.896 GB/s
matrix size     6760 6760 : min/avg/max: 0.000914665 0.000915344 0.000915872 seconds or  99922.1 MUPD/s or  199.903 GB/s
matrix size     7093 7093 : min/avg/max:  0.00109176  0.00109231  0.00109316 seconds or  92164.6 MUPD/s or  184.381 GB/s
matrix size     7426 7426 : min/avg/max:  0.00123417  0.00123527  0.00123725 seconds or  89364.5 MUPD/s or  178.777 GB/s
matrix size     7759 7759 : min/avg/max:  0.00138037  0.00138164  0.00138298 seconds or  87226.3 MUPD/s or  174.497 GB/s
matrix size     8092 8092 : min/avg/max:  0.00144874  0.00144984  0.00145142 seconds or  90396.4 MUPD/s or  180.837 GB/s
matrix size     8425 8425 : min/avg/max:  0.00164225  0.00164309  0.00164425 seconds or    86443 MUPD/s or  172.927 GB/s
matrix size     8758 8758 : min/avg/max:  0.00178998   0.0017914  0.00179325 seconds or    85702 MUPD/s or  171.443 GB/s
matrix size     9091 9091 : min/avg/max:  0.00196195  0.00196308  0.00196466 seconds or    84249 MUPD/s or  168.535 GB/s
matrix size     9424 9424 : min/avg/max:  0.00175525  0.00175555  0.00175743 seconds or   101196 MUPD/s or  202.434 GB/s
matrix size     9757 9757 : min/avg/max:  0.00227996  0.00228153  0.00228377 seconds or  83509.5 MUPD/s or  167.053 GB/s
