matrix size      100 100 : min/avg/max: 6.40033e-06 6.45511e-06 6.84483e-06 seconds or  3124.84 MUPD/s or  6.37467 GB/s
matrix size      433 433 : min/avg/max: 1.19569e-05 1.99231e-05 2.10087e-05 seconds or  31360.9 MUPD/s or  63.0115 GB/s
matrix size      766 766 : min/avg/max: 1.92634e-05 1.93594e-05 1.94879e-05 seconds or  60919.4 MUPD/s or  122.157 GB/s
matrix size     1099 1099 : min/avg/max:  4.3673e-05 4.37177e-05 4.37918e-05 seconds or  55311.1 MUPD/s or  110.824 GB/s
matrix size     1432 1432 : min/avg/max: 5.82847e-05 5.83781e-05 5.84528e-05 seconds or  70365.7 MUPD/s or  140.928 GB/s
matrix size     1765 1765 : min/avg/max: 7.47472e-05 7.48223e-05 7.49996e-05 seconds or  83353.7 MUPD/s or  166.896 GB/s
matrix size     2098 2098 : min/avg/max: 9.49558e-05  9.5049e-05  9.5138e-05 seconds or  92708.4 MUPD/s or  185.594 GB/s
matrix size     2431 2431 : min/avg/max: 0.000116315 0.000116423 0.000116513 seconds or   101616 MUPD/s or    203.4 GB/s
matrix size     2764 2764 : min/avg/max: 0.000144699 0.000144862 0.000145013 seconds or   105595 MUPD/s or  211.342 GB/s
matrix size     3097 3097 : min/avg/max: 0.000177722 0.000177857 0.000178024 seconds or   107937 MUPD/s or  216.013 GB/s
matrix size     3430 3430 : min/avg/max: 0.000210466 0.000210634 0.000210794 seconds or   111799 MUPD/s or  223.728 GB/s
matrix size     3763 3763 : min/avg/max: 0.000248107 0.000248223 0.000248416 seconds or   114146 MUPD/s or  228.413 GB/s
matrix size     4096 4096 : min/avg/max: 0.000268551 0.000268767 0.000269176 seconds or   124946 MUPD/s or  250.015 GB/s
matrix size     4429 4429 : min/avg/max:  0.00034027 0.000340488 0.000340832 seconds or   115297 MUPD/s or  230.698 GB/s
matrix size     4762 4762 : min/avg/max:  0.00038358 0.000383812 0.000383976 seconds or   118237 MUPD/s or  236.573 GB/s
matrix size     5095 5095 : min/avg/max: 0.000438024 0.000438261 0.000438443 seconds or   118528 MUPD/s or  237.149 GB/s
matrix size     5428 5428 : min/avg/max: 0.000496142  0.00049642 0.000496723 seconds or   118769 MUPD/s or  237.626 GB/s
matrix size     5761 5761 : min/avg/max: 0.000554418 0.000554669 0.000555264 seconds or   119726 MUPD/s or  239.535 GB/s
matrix size     6094 6094 : min/avg/max: 0.000615581 0.000615961 0.000616568 seconds or   120656 MUPD/s or  241.392 GB/s
matrix size     6427 6427 : min/avg/max: 0.000683139 0.000683617 0.000684343 seconds or   120931 MUPD/s or  241.937 GB/s
matrix size     6760 6760 : min/avg/max: 0.000757203 0.000757898 0.000758629 seconds or   120701 MUPD/s or  241.473 GB/s
matrix size     7093 7093 : min/avg/max: 0.000836532 0.000837203 0.000838776 seconds or   120284 MUPD/s or  240.636 GB/s
matrix size     7426 7426 : min/avg/max: 0.000933531  0.00093441  0.00093537 seconds or   118144 MUPD/s or  236.351 GB/s
matrix size     7759 7759 : min/avg/max:  0.00102817  0.00102893  0.00102992 seconds or   117105 MUPD/s or  234.271 GB/s
matrix size     8092 8092 : min/avg/max:  0.00112455  0.00112551  0.00112665 seconds or   116457 MUPD/s or  232.971 GB/s
matrix size     8425 8425 : min/avg/max:  0.00124095  0.00124178  0.00124431 seconds or   114397 MUPD/s or  228.848 GB/s
matrix size     8758 8758 : min/avg/max:  0.00135782  0.00135934  0.00136164 seconds or   112979 MUPD/s or  226.009 GB/s
matrix size     9091 9091 : min/avg/max:  0.00147551  0.00147692  0.00147918 seconds or   112024 MUPD/s or  224.097 GB/s
matrix size     9424 9424 : min/avg/max:  0.00157134  0.00157237  0.00157418 seconds or   113039 MUPD/s or  226.127 GB/s
matrix size     9757 9757 : min/avg/max:  0.00177869  0.00178079  0.00178314 seconds or   107044 MUPD/s or  214.132 GB/s
