matrix size      100 10000 : min/avg/max:  1.4634e-05 1.50603e-05 1.83237e-05 seconds or   136668 MUPD/s or  276.097 GB/s
matrix size      300 10000 : min/avg/max: 5.61943e-05 5.66456e-05 5.99511e-05 seconds or   106772 MUPD/s or  214.278 GB/s
matrix size      500 10000 : min/avg/max:  9.5186e-05 9.53496e-05  9.5598e-05 seconds or   105057 MUPD/s or  210.556 GB/s
matrix size      700 10000 : min/avg/max: 0.000130142 0.000130245 0.000130441 seconds or   107575 MUPD/s or  215.478 GB/s
matrix size      900 10000 : min/avg/max: 0.000168294 0.000168478 0.000168636 seconds or   106956 MUPD/s or  214.171 GB/s
matrix size     1100 10000 : min/avg/max: 0.000212373 0.000212544  0.00021271 seconds or   103591 MUPD/s or  207.392 GB/s
matrix size     1300 10000 : min/avg/max: 0.000263795 0.000264002 0.000264299 seconds or  98561.4 MUPD/s or  197.294 GB/s
matrix size     1500 10000 : min/avg/max: 0.000308371 0.000309006 0.000309651 seconds or  97285.4 MUPD/s or   194.72 GB/s
matrix size     1700 10000 : min/avg/max: 0.000362754 0.000363241 0.000363967 seconds or  93727.5 MUPD/s or  187.584 GB/s
matrix size     1900 10000 : min/avg/max: 0.000419604  0.00042008 0.000420729 seconds or  90561.5 MUPD/s or  181.237 GB/s
matrix size     2100 10000 : min/avg/max: 0.000335818 0.000335994 0.000338757 seconds or   125068 MUPD/s or   250.28 GB/s
matrix size     2300 10000 : min/avg/max: 0.000369111 0.000369156 0.000369306 seconds or   124624 MUPD/s or  249.381 GB/s
matrix size     2500 10000 : min/avg/max: 0.000402683 0.000402739 0.000402794 seconds or   124167 MUPD/s or  248.459 GB/s
matrix size     2700 10000 : min/avg/max: 0.000434814 0.000434866 0.000435029 seconds or   124191 MUPD/s or  248.499 GB/s
matrix size     2900 10000 : min/avg/max: 0.000466356   0.0004664 0.000466572 seconds or   124368 MUPD/s or  248.848 GB/s
matrix size     3100 10000 : min/avg/max: 0.000497309 0.000497373 0.000497522 seconds or   124671 MUPD/s or  249.447 GB/s
matrix size     3300 10000 : min/avg/max: 0.000528432 0.000528502 0.000528969 seconds or   124898 MUPD/s or  249.896 GB/s
matrix size     3500 10000 : min/avg/max:  0.00056011 0.000560194 0.000560562 seconds or   124975 MUPD/s or  250.047 GB/s
matrix size     3700 10000 : min/avg/max: 0.000591592 0.000591671 0.000592309 seconds or   125086 MUPD/s or  250.265 GB/s
matrix size     3900 10000 : min/avg/max: 0.000624093 0.000624415 0.000625032 seconds or   124981 MUPD/s or  250.052 GB/s
matrix size     4100 10000 : min/avg/max: 0.000654344 0.000654634 0.000655574 seconds or   125316 MUPD/s or  250.719 GB/s
matrix size     4300 10000 : min/avg/max: 0.000699325 0.000699892 0.000700812 seconds or   122976 MUPD/s or  246.033 GB/s
matrix size     4500 10000 : min/avg/max: 0.000739366 0.000740789 0.000741973 seconds or   121726 MUPD/s or   243.53 GB/s
matrix size     4700 10000 : min/avg/max:  0.00077631 0.000777463 0.000778749 seconds or   121086 MUPD/s or  242.247 GB/s
matrix size     4900 10000 : min/avg/max: 0.000787804 0.000788643 0.000789652 seconds or   124396 MUPD/s or  248.868 GB/s
matrix size     5100 10000 : min/avg/max: 0.000835959 0.000837046 0.000838811 seconds or   122016 MUPD/s or  244.103 GB/s
matrix size     5300 10000 : min/avg/max: 0.000992171 0.000993396  0.00099496 seconds or   106836 MUPD/s or  213.735 GB/s
matrix size     5500 10000 : min/avg/max:  0.00107845  0.00107956  0.00108121 seconds or   101999 MUPD/s or  204.055 GB/s
matrix size     5700 10000 : min/avg/max:   0.0011279  0.00112875  0.00113004 seconds or   101073 MUPD/s or  202.202 GB/s
matrix size     5900 10000 : min/avg/max:  0.00118465  0.00118614  0.00118784 seconds or  99607.1 MUPD/s or  199.268 GB/s
matrix size     6100 10000 : min/avg/max:  0.00125622  0.00125718  0.00125906 seconds or  97116.4 MUPD/s or  194.284 GB/s
matrix size     6300 10000 : min/avg/max:  0.00131114  0.00131217  0.00131437 seconds or  96099.3 MUPD/s or  192.248 GB/s
matrix size     6500 10000 : min/avg/max:   0.0013871   0.0013884  0.00138975 seconds or  93720.4 MUPD/s or  187.488 GB/s
matrix size     6700 10000 : min/avg/max:  0.00143564  0.00143647   0.0014386 seconds or  93338.2 MUPD/s or  186.723 GB/s
matrix size     6900 10000 : min/avg/max:   0.0015114  0.00151249  0.00151429 seconds or  91305.8 MUPD/s or  182.656 GB/s
matrix size     7100 10000 : min/avg/max:  0.00155701  0.00155824  0.00156013 seconds or  91200.4 MUPD/s or  182.445 GB/s
matrix size     7300 10000 : min/avg/max:  0.00160681  0.00160795   0.0016103 seconds or  90863.5 MUPD/s or   181.77 GB/s
matrix size     7500 10000 : min/avg/max:  0.00168179  0.00168316  0.00168644 seconds or  89190.5 MUPD/s or  178.423 GB/s
matrix size     7700 10000 : min/avg/max:  0.00175144  0.00175293  0.00175443 seconds or  87927.6 MUPD/s or  175.896 GB/s
matrix size     7900 10000 : min/avg/max:  0.00178474  0.00178582  0.00178793 seconds or  88528.3 MUPD/s or  177.097 GB/s
matrix size     8100 10000 : min/avg/max:   0.0018281  0.00182939   0.0018317 seconds or  88616.7 MUPD/s or  177.273 GB/s
matrix size     8300 10000 : min/avg/max:  0.00187563  0.00187651  0.00187863 seconds or  88503.6 MUPD/s or  177.046 GB/s
matrix size     8500 10000 : min/avg/max:  0.00194404  0.00194508  0.00194802 seconds or  87446.8 MUPD/s or  174.932 GB/s
matrix size     8700 10000 : min/avg/max:  0.00201513  0.00201685  0.00201873 seconds or  86346.6 MUPD/s or   172.73 GB/s
matrix size     8900 10000 : min/avg/max:  0.00203606  0.00203731  0.00204067 seconds or  87423.6 MUPD/s or  174.884 GB/s
matrix size     9100 10000 : min/avg/max:  0.00210625  0.00210727  0.00211016 seconds or  86409.4 MUPD/s or  172.855 GB/s
matrix size     9300 10000 : min/avg/max:  0.00213092  0.00213279  0.00213562 seconds or  87286.2 MUPD/s or  174.609 GB/s
matrix size     9500 10000 : min/avg/max:  0.00219307  0.00219484  0.00219667 seconds or  86636.4 MUPD/s or  173.308 GB/s
matrix size     9700 10000 : min/avg/max:  0.00224844  0.00224974   0.0022533 seconds or  86282.1 MUPD/s or  172.599 GB/s
matrix size     9900 10000 : min/avg/max:  0.00229645   0.0022977   0.0023002 seconds or    86220 MUPD/s or  172.475 GB/s
