matrix size      100 10000 : min/avg/max: 0.000180919 0.000270365 0.000362701 seconds or  11054.7 MUPD/s or  22.3326 GB/s
matrix size      300 10000 : min/avg/max: 0.000325532 0.000326009 0.000326693 seconds or  18431.4 MUPD/s or  36.9893 GB/s
matrix size      500 10000 : min/avg/max: 0.000332512 0.000332853 0.000333399 seconds or  30074.1 MUPD/s or  60.2746 GB/s
matrix size      700 10000 : min/avg/max: 0.000338277 0.000338911 0.000339636 seconds or  41386.2 MUPD/s or  82.8989 GB/s
matrix size      900 10000 : min/avg/max: 0.000345744 0.000346534 0.000352361 seconds or  52061.7 MUPD/s or  104.249 GB/s
matrix size     1100 10000 : min/avg/max: 0.000354155 0.000354744 0.000355765 seconds or  62119.7 MUPD/s or  124.365 GB/s
matrix size     1300 10000 : min/avg/max: 0.000362126 0.000362707 0.000363484 seconds or  71798.3 MUPD/s or  143.721 GB/s
matrix size     1500 10000 : min/avg/max: 0.000370859 0.000371273   0.0003719 seconds or  80893.3 MUPD/s or  161.911 GB/s
matrix size     1700 10000 : min/avg/max: 0.000377951  0.00037839 0.000379215 seconds or  89958.7 MUPD/s or  180.041 GB/s
matrix size     1900 10000 : min/avg/max: 0.000385911 0.000386621 0.000387218 seconds or  98468.4 MUPD/s or   197.06 GB/s
matrix size     2100 10000 : min/avg/max: 0.000415814 0.000416518 0.000417799 seconds or   101007 MUPD/s or   202.13 GB/s
matrix size     2300 10000 : min/avg/max: 0.000420193 0.000420949 0.000422703 seconds or   109474 MUPD/s or  219.064 GB/s
matrix size     2500 10000 : min/avg/max: 0.000447153 0.000448515 0.000450951 seconds or   111818 MUPD/s or  223.749 GB/s
matrix size     2700 10000 : min/avg/max: 0.000473761 0.000475242 0.000476364 seconds or   113982 MUPD/s or   228.07 GB/s
matrix size     2900 10000 : min/avg/max: 0.000491352 0.000492046 0.000492768 seconds or   118042 MUPD/s or  236.188 GB/s
matrix size     3100 10000 : min/avg/max: 0.000528801 0.000530334 0.000531266 seconds or   117246 MUPD/s or  234.592 GB/s
matrix size     3300 10000 : min/avg/max: 0.000550369 0.000551219 0.000552293 seconds or   119920 MUPD/s or  239.936 GB/s
matrix size     3500 10000 : min/avg/max: 0.000580936 0.000581608 0.000582279 seconds or   120495 MUPD/s or  241.084 GB/s
matrix size     3700 10000 : min/avg/max: 0.000609239 0.000609927 0.000610647 seconds or   121463 MUPD/s or  243.016 GB/s
matrix size     3900 10000 : min/avg/max: 0.000635652 0.000636598 0.000638793 seconds or   122709 MUPD/s or  245.505 GB/s
matrix size     4100 10000 : min/avg/max: 0.000662712 0.000663662 0.000665229 seconds or   123734 MUPD/s or  247.553 GB/s
matrix size     4300 10000 : min/avg/max:  0.00069971 0.000700657 0.000702159 seconds or   122908 MUPD/s or  245.898 GB/s
matrix size     4500 10000 : min/avg/max: 0.000730617 0.000731614 0.000734428 seconds or   123184 MUPD/s or  246.446 GB/s
matrix size     4700 10000 : min/avg/max:  0.00075846 0.000760126 0.000763553 seconds or   123935 MUPD/s or  247.948 GB/s
matrix size     4900 10000 : min/avg/max: 0.000794498 0.000795388 0.000799265 seconds or   123348 MUPD/s or  246.772 GB/s
matrix size     5100 10000 : min/avg/max: 0.000815717 0.000817077 0.000821827 seconds or   125043 MUPD/s or  250.161 GB/s
matrix size     5300 10000 : min/avg/max: 0.000854414 0.000855811 0.000861597 seconds or   124062 MUPD/s or  248.195 GB/s
matrix size     5500 10000 : min/avg/max: 0.000892327 0.000893893 0.000900618 seconds or   123273 MUPD/s or  246.616 GB/s
matrix size     5700 10000 : min/avg/max: 0.000931905 0.000933246 0.000940891 seconds or   122330 MUPD/s or  244.728 GB/s
matrix size     5900 10000 : min/avg/max:  0.00096714  0.00096921 0.000978636 seconds or   122009 MUPD/s or  244.084 GB/s
matrix size     6100 10000 : min/avg/max:  0.00100024  0.00100219  0.00101106 seconds or   121970 MUPD/s or  244.005 GB/s
matrix size     6300 10000 : min/avg/max:  0.00104168  0.00104446  0.00105545 seconds or   120959 MUPD/s or   241.98 GB/s
matrix size     6500 10000 : min/avg/max:  0.00107292   0.0010751  0.00108526 seconds or   121164 MUPD/s or   242.39 GB/s
matrix size     6700 10000 : min/avg/max:  0.00110925   0.0011119  0.00112517 seconds or   120802 MUPD/s or  241.664 GB/s
matrix size     6900 10000 : min/avg/max:  0.00115506  0.00115828  0.00117711 seconds or   119474 MUPD/s or  239.007 GB/s
matrix size     7100 10000 : min/avg/max:  0.00118879  0.00119176  0.00120716 seconds or   119449 MUPD/s or  238.956 GB/s
matrix size     7300 10000 : min/avg/max:   0.0012295  0.00123274  0.00124618 seconds or   118747 MUPD/s or   237.55 GB/s
matrix size     7500 10000 : min/avg/max:  0.00126996  0.00127313  0.00128779 seconds or   118114 MUPD/s or  236.283 GB/s
matrix size     7700 10000 : min/avg/max:  0.00132334  0.00132762  0.00135101 seconds or   116372 MUPD/s or  232.797 GB/s
matrix size     7900 10000 : min/avg/max:  0.00136143   0.0013653  0.00138345 seconds or   116055 MUPD/s or  232.162 GB/s
matrix size     8100 10000 : min/avg/max:   0.0013974  0.00140219  0.00141639 seconds or   115930 MUPD/s or  231.911 GB/s
matrix size     8300 10000 : min/avg/max:  0.00143654  0.00144271  0.00146218 seconds or   115555 MUPD/s or  231.161 GB/s
matrix size     8500 10000 : min/avg/max:  0.00150067  0.00150466  0.00152417 seconds or   113283 MUPD/s or  226.615 GB/s
matrix size     8700 10000 : min/avg/max:  0.00153749  0.00154264  0.00156249 seconds or   113172 MUPD/s or  226.392 GB/s
matrix size     8900 10000 : min/avg/max:  0.00158712  0.00159165  0.00161278 seconds or   112153 MUPD/s or  224.354 GB/s
matrix size     9100 10000 : min/avg/max:  0.00162452   0.0016289   0.0016513 seconds or   112033 MUPD/s or  224.113 GB/s
matrix size     9300 10000 : min/avg/max:   0.0016773  0.00168343   0.0017072 seconds or   110893 MUPD/s or  221.832 GB/s
matrix size     9500 10000 : min/avg/max:  0.00173448  0.00173937  0.00176464 seconds or   109543 MUPD/s or  219.131 GB/s
matrix size     9700 10000 : min/avg/max:   0.0017768   0.0017835  0.00180715 seconds or   109185 MUPD/s or  218.414 GB/s
matrix size     9900 10000 : min/avg/max:  0.00182788  0.00183328  0.00186339 seconds or   108322 MUPD/s or  216.688 GB/s
