matrix size    16384 100 : min/avg/max: 2.92826e-05  3.0484e-05 4.06004e-05 seconds or   111902 MUPD/s or  226.057 GB/s
matrix size    16384 120 : min/avg/max: 3.44981e-05  3.4505e-05 3.45223e-05 seconds or   113982 MUPD/s or  229.878 GB/s
matrix size    16384 140 : min/avg/max: 3.99671e-05 3.99768e-05 4.00115e-05 seconds or   114782 MUPD/s or  231.219 GB/s
matrix size    16384 160 : min/avg/max: 4.58636e-05 4.58746e-05 4.58912e-05 seconds or   114315 MUPD/s or  230.072 GB/s
matrix size    16384 180 : min/avg/max: 5.05743e-05 5.05941e-05 5.06198e-05 seconds or   116625 MUPD/s or  234.561 GB/s
matrix size    16384 200 : min/avg/max:  5.6876e-05 5.68929e-05 5.69157e-05 seconds or   115226 MUPD/s or  231.619 GB/s
matrix size    16384 220 : min/avg/max: 6.17717e-05 6.18016e-05 6.18287e-05 seconds or   116703 MUPD/s or  234.482 GB/s
matrix size    16384 240 : min/avg/max: 6.78909e-05 6.79193e-05 6.79904e-05 seconds or   115838 MUPD/s or  232.655 GB/s
matrix size    16384 260 : min/avg/max: 7.47113e-05 7.47399e-05 7.47733e-05 seconds or   114035 MUPD/s or  228.961 GB/s
matrix size    16384 280 : min/avg/max: 7.84026e-05 7.84332e-05 7.84916e-05 seconds or   117025 MUPD/s or    234.9 GB/s
matrix size    16384 300 : min/avg/max: 8.38759e-05 8.39099e-05 8.39437e-05 seconds or   117202 MUPD/s or  235.199 GB/s
matrix size    16384 320 : min/avg/max: 9.14244e-05  9.1455e-05  9.1496e-05 seconds or   114693 MUPD/s or  230.117 GB/s
matrix size    16384 340 : min/avg/max: 9.55418e-05 9.55721e-05 9.56082e-05 seconds or   116610 MUPD/s or   233.92 GB/s
matrix size    16384 360 : min/avg/max: 0.000101001 0.000101033 0.000101066 seconds or   116796 MUPD/s or  234.255 GB/s
matrix size    16384 380 : min/avg/max: 0.000105641 0.000105683  0.00010572 seconds or   117870 MUPD/s or  236.374 GB/s
matrix size    16384 400 : min/avg/max: 0.000113892 0.000113976 0.000114433 seconds or   115085 MUPD/s or  230.759 GB/s
matrix size    16384 420 : min/avg/max: 0.000118285 0.000118351 0.000118399 seconds or   116351 MUPD/s or  233.269 GB/s
matrix size    16384 440 : min/avg/max:  0.00012188 0.000121921 0.000121971 seconds or   118296 MUPD/s or  237.145 GB/s
matrix size    16384 460 : min/avg/max: 0.000130183  0.00013022 0.000130259 seconds or   115785 MUPD/s or  232.087 GB/s
matrix size    16384 480 : min/avg/max:   0.0001367 0.000136729 0.000136758 seconds or   115060 MUPD/s or  230.613 GB/s
matrix size    16384 500 : min/avg/max: 0.000141145 0.000141189  0.00014125 seconds or   116079 MUPD/s or  232.637 GB/s
matrix size    16384 520 : min/avg/max:  0.00014828 0.000148314  0.00014835 seconds or   114914 MUPD/s or  230.284 GB/s
matrix size    16384 540 : min/avg/max: 0.000153037 0.000153084 0.000153109 seconds or   115624 MUPD/s or   231.69 GB/s
matrix size    16384 560 : min/avg/max: 0.000160697 0.000160728 0.000160763 seconds or   114190 MUPD/s or  228.802 GB/s
matrix size    16384 580 : min/avg/max:  0.00016707   0.0001671 0.000167142 seconds or   113757 MUPD/s or   227.92 GB/s
matrix size    16384 600 : min/avg/max: 0.000171426 0.000171504 0.000171626 seconds or   114689 MUPD/s or  229.775 GB/s
matrix size    16384 620 : min/avg/max: 0.000177638 0.000177674  0.00017771 seconds or   114368 MUPD/s or   229.12 GB/s
matrix size    16384 640 : min/avg/max:  0.00018512 0.000185168 0.000185225 seconds or   113286 MUPD/s or   226.94 GB/s
matrix size    16384 660 : min/avg/max: 0.000189469 0.000189536 0.000189608 seconds or   114145 MUPD/s or  228.649 GB/s
matrix size    16384 680 : min/avg/max: 0.000194481 0.000194535 0.000194661 seconds or   114573 MUPD/s or  229.497 GB/s
matrix size    16384 700 : min/avg/max: 0.000199705 0.000199761 0.000199834 seconds or   114857 MUPD/s or  230.057 GB/s
matrix size    16384 720 : min/avg/max: 0.000207926 0.000207981 0.000208047 seconds or   113468 MUPD/s or  227.265 GB/s
matrix size    16384 740 : min/avg/max: 0.000213531 0.000213608 0.000213748 seconds or   113559 MUPD/s or  227.438 GB/s
matrix size    16384 760 : min/avg/max: 0.000217872 0.000217988 0.000218562 seconds or   114304 MUPD/s or  228.923 GB/s
matrix size    16384 780 : min/avg/max: 0.000225102 0.000225148 0.000225195 seconds or   113544 MUPD/s or  227.393 GB/s
matrix size    16384 800 : min/avg/max: 0.000231246 0.000231336 0.000231523 seconds or   113362 MUPD/s or   227.02 GB/s
matrix size    16384 820 : min/avg/max: 0.000236429 0.000236511 0.000236593 seconds or   113648 MUPD/s or  227.588 GB/s
matrix size    16384 840 : min/avg/max: 0.000242555 0.000242618 0.000242684 seconds or   113480 MUPD/s or  227.244 GB/s
matrix size    16384 860 : min/avg/max: 0.000247962 0.000248025 0.000248075 seconds or   113648 MUPD/s or  227.575 GB/s
matrix size    16384 880 : min/avg/max: 0.000254236 0.000254292 0.000254345 seconds or   113422 MUPD/s or  227.115 GB/s
matrix size    16384 900 : min/avg/max: 0.000260722 0.000260794 0.000260892 seconds or   113114 MUPD/s or  226.493 GB/s
matrix size    16384 920 : min/avg/max: 0.000265696 0.000265769 0.000265836 seconds or   113462 MUPD/s or  227.185 GB/s
matrix size    16384 940 : min/avg/max:  0.00027128 0.000271352 0.000271424 seconds or   113543 MUPD/s or  227.342 GB/s
matrix size    16384 960 : min/avg/max: 0.000277885 0.000277927 0.000277976 seconds or   113202 MUPD/s or  226.655 GB/s
matrix size    16384 980 : min/avg/max: 0.000283968 0.000284044 0.000284118 seconds or   113085 MUPD/s or  226.415 GB/s
matrix size    16384 1000 : min/avg/max: 0.000288923 0.000288997 0.000289108 seconds or   113414 MUPD/s or  227.069 GB/s
