matrix size    16384 100 : min/avg/max: 2.90531e-05 2.91359e-05 2.92895e-05 seconds or   112787 MUPD/s or  227.843 GB/s
matrix size    16384 120 : min/avg/max: 3.39096e-05  3.3984e-05 3.40439e-05 seconds or   115960 MUPD/s or  233.867 GB/s
matrix size    16384 140 : min/avg/max:  3.8874e-05 3.89698e-05 3.90698e-05 seconds or   118010 MUPD/s or   237.72 GB/s
matrix size    16384 160 : min/avg/max: 4.40639e-05 4.41226e-05 4.41843e-05 seconds or   118984 MUPD/s or  239.469 GB/s
matrix size    16384 180 : min/avg/max: 4.73168e-05 4.78556e-05 4.91378e-05 seconds or   124654 MUPD/s or  250.709 GB/s
matrix size    16384 200 : min/avg/max: 5.22218e-05 5.23491e-05 5.24313e-05 seconds or   125496 MUPD/s or  252.261 GB/s
matrix size    16384 220 : min/avg/max: 5.71973e-05 5.72461e-05  5.7309e-05 seconds or   126037 MUPD/s or  253.235 GB/s
matrix size    16384 240 : min/avg/max: 6.21569e-05 6.22328e-05 6.23133e-05 seconds or   126524 MUPD/s or  254.117 GB/s
matrix size    16384 260 : min/avg/max: 6.72443e-05 6.73144e-05 6.73869e-05 seconds or   126698 MUPD/s or  254.385 GB/s
matrix size    16384 280 : min/avg/max: 7.21337e-05 7.22146e-05 7.23601e-05 seconds or   127195 MUPD/s or  255.314 GB/s
matrix size    16384 300 : min/avg/max: 7.70883e-05 7.71854e-05  7.7297e-05 seconds or   127521 MUPD/s or  255.908 GB/s
matrix size    16384 320 : min/avg/max: 8.20556e-05 8.21407e-05 8.22131e-05 seconds or   127788 MUPD/s or  256.391 GB/s
matrix size    16384 340 : min/avg/max: 8.71633e-05  8.7263e-05 8.74182e-05 seconds or   127819 MUPD/s or  256.405 GB/s
matrix size    16384 360 : min/avg/max: 9.20235e-05 9.21116e-05 9.22888e-05 seconds or   128190 MUPD/s or  257.108 GB/s
matrix size    16384 380 : min/avg/max: 9.71224e-05 9.72071e-05 9.72878e-05 seconds or   128208 MUPD/s or  257.106 GB/s
matrix size    16384 400 : min/avg/max: 0.000102152 0.000102262  0.00010235 seconds or   128311 MUPD/s or  257.279 GB/s
matrix size    16384 420 : min/avg/max: 0.000107256 0.000107356 0.000107554 seconds or   128315 MUPD/s or  257.256 GB/s
matrix size    16384 440 : min/avg/max: 0.000112177 0.000112317  0.00011243 seconds or   128529 MUPD/s or  257.657 GB/s
matrix size    16384 460 : min/avg/max: 0.000117368 0.000117496 0.000117673 seconds or   128427 MUPD/s or  257.428 GB/s
matrix size    16384 480 : min/avg/max: 0.000122362 0.000122493  0.00012296 seconds or   128542 MUPD/s or  257.636 GB/s
matrix size    16384 500 : min/avg/max: 0.000127457   0.0001276  0.00012809 seconds or   128545 MUPD/s or  257.621 GB/s
matrix size    16384 520 : min/avg/max: 0.000132325 0.000132431 0.000132557 seconds or   128769 MUPD/s or  258.048 GB/s
matrix size    16384 540 : min/avg/max:  0.00013758 0.000137721  0.00013823 seconds or   128614 MUPD/s or   257.72 GB/s
matrix size    16384 560 : min/avg/max: 0.000142331 0.000142499 0.000142654 seconds or   128926 MUPD/s or  258.327 GB/s
matrix size    16384 580 : min/avg/max: 0.000147877 0.000147949 0.000148131 seconds or   128522 MUPD/s or  257.503 GB/s
matrix size    16384 600 : min/avg/max: 0.000152848 0.000153015 0.000153178 seconds or   128629 MUPD/s or  257.703 GB/s
matrix size    16384 620 : min/avg/max: 0.000157901 0.000158054 0.000158197 seconds or   128664 MUPD/s or  257.759 GB/s
matrix size    16384 640 : min/avg/max: 0.000162893 0.000163043 0.000163219 seconds or   128745 MUPD/s or  257.907 GB/s
matrix size    16384 660 : min/avg/max: 0.000167963 0.000168067 0.000168201 seconds or   128760 MUPD/s or  257.925 GB/s
matrix size    16384 680 : min/avg/max: 0.000173127 0.000173328 0.000173458 seconds or   128704 MUPD/s or  257.803 GB/s
matrix size    16384 700 : min/avg/max: 0.000178322 0.000178539 0.000178727 seconds or   128630 MUPD/s or  257.644 GB/s
matrix size    16384 720 : min/avg/max:  0.00018364 0.000183815 0.000184015 seconds or   128474 MUPD/s or  257.321 GB/s
matrix size    16384 740 : min/avg/max: 0.000188915 0.000189091 0.000189337 seconds or   128356 MUPD/s or  257.074 GB/s
matrix size    16384 760 : min/avg/max: 0.000193897 0.000194129 0.000194287 seconds or   128438 MUPD/s or  257.229 GB/s
matrix size    16384 780 : min/avg/max: 0.000198372 0.000198567 0.000198859 seconds or   128844 MUPD/s or  258.034 GB/s
matrix size    16384 800 : min/avg/max: 0.000204397 0.000204618 0.000204872 seconds or   128252 MUPD/s or  256.841 GB/s
matrix size    16384 820 : min/avg/max: 0.000209249 0.000209552 0.000209698 seconds or   128410 MUPD/s or   257.15 GB/s
matrix size    16384 840 : min/avg/max: 0.000214178 0.000214466 0.000214784 seconds or   128515 MUPD/s or  257.352 GB/s
matrix size    16384 860 : min/avg/max: 0.000219961 0.000220299 0.000222631 seconds or   128116 MUPD/s or  256.546 GB/s
matrix size    16384 880 : min/avg/max: 0.000224741 0.000225036 0.000225161 seconds or   128307 MUPD/s or  256.921 GB/s
matrix size    16384 900 : min/avg/max: 0.000230248 0.000230439 0.000230867 seconds or   128084 MUPD/s or  256.469 GB/s
matrix size    16384 920 : min/avg/max: 0.000235498 0.000235705 0.000235855 seconds or   128012 MUPD/s or  256.317 GB/s
matrix size    16384 940 : min/avg/max: 0.000240683 0.000241143 0.000241839 seconds or   127977 MUPD/s or  256.243 GB/s
matrix size    16384 960 : min/avg/max: 0.000245397 0.000245746  0.00024604 seconds or   128189 MUPD/s or  256.661 GB/s
matrix size    16384 980 : min/avg/max: 0.000251508  0.00025172 0.000252005 seconds or   127680 MUPD/s or  255.637 GB/s
matrix size    16384 1000 : min/avg/max: 0.000256136 0.000256426 0.000256716 seconds or   127932 MUPD/s or  256.135 GB/s
