matrix size      100 100 : min/avg/max: 7.40618e-06  7.4957e-06 7.73942e-06 seconds or  2700.45 MUPD/s or  5.50891 GB/s
matrix size      300 300 : min/avg/max: 1.80613e-05 1.82158e-05  1.8346e-05 seconds or  9966.08 MUPD/s or   20.065 GB/s
matrix size      500 500 : min/avg/max: 2.74177e-05 2.75323e-05 2.76469e-05 seconds or  18236.4 MUPD/s or  36.6186 GB/s
matrix size      700 700 : min/avg/max: 3.68979e-05 3.70135e-05 3.71478e-05 seconds or  26559.8 MUPD/s or  53.2714 GB/s
matrix size      900 900 : min/avg/max: 4.62691e-05 4.64201e-05 4.67335e-05 seconds or  35012.6 MUPD/s or  70.1807 GB/s
matrix size     1100 1100 : min/avg/max: 5.09498e-05 5.12729e-05 5.15615e-05 seconds or  47497.8 MUPD/s or  95.1682 GB/s
matrix size     1300 1300 : min/avg/max: 5.98213e-05 6.10028e-05 6.14442e-05 seconds or  56501.6 MUPD/s or  113.177 GB/s
matrix size     1500 1500 : min/avg/max: 6.98936e-05 7.02557e-05 7.04681e-05 seconds or  64383.5 MUPD/s or  128.939 GB/s
matrix size     1700 1700 : min/avg/max: 7.15796e-05 7.35593e-05 8.12296e-05 seconds or  80749.3 MUPD/s or  161.689 GB/s
matrix size     1900 1900 : min/avg/max:  8.1117e-05 8.18473e-05 8.60133e-05 seconds or  89007.2 MUPD/s or  178.202 GB/s
matrix size     2100 2100 : min/avg/max:  9.4365e-05 9.46951e-05 9.50602e-05 seconds or  93466.9 MUPD/s or  187.112 GB/s
matrix size     2300 2300 : min/avg/max: 0.000106604 0.000106872 0.000107226 seconds or  99246.3 MUPD/s or  198.665 GB/s
matrix size     2500 2500 : min/avg/max: 0.000122215 0.000122564 0.000122898 seconds or   102279 MUPD/s or  204.721 GB/s
matrix size     2700 2700 : min/avg/max:  0.00013782 0.000138352 0.000139533 seconds or   105790 MUPD/s or  211.736 GB/s
matrix size     2900 2900 : min/avg/max:  0.00015494 0.000155346 0.000155841 seconds or   108558 MUPD/s or  217.266 GB/s
matrix size     3100 3100 : min/avg/max: 0.000176755  0.00017739 0.000177774 seconds or   108738 MUPD/s or  217.617 GB/s
matrix size     3300 3300 : min/avg/max: 0.000195335 0.000195614 0.000196014 seconds or   111501 MUPD/s or  223.137 GB/s
matrix size     3500 3500 : min/avg/max: 0.000217706 0.000218188 0.000219727 seconds or   112537 MUPD/s or  225.203 GB/s
matrix size     3700 3700 : min/avg/max: 0.000239629 0.000240267 0.000240631 seconds or   114260 MUPD/s or  228.644 GB/s
matrix size     3900 3900 : min/avg/max: 0.000266271 0.000267092 0.000267851 seconds or   114244 MUPD/s or  228.606 GB/s
matrix size     4100 4100 : min/avg/max: 0.000288077 0.000288623 0.000289515 seconds or   116705 MUPD/s or  233.524 GB/s
matrix size     4300 4300 : min/avg/max: 0.000322688 0.000323619  0.00032412 seconds or   114600 MUPD/s or  229.307 GB/s
matrix size     4500 4500 : min/avg/max: 0.000347558 0.000348405 0.000349559 seconds or   116527 MUPD/s or  233.158 GB/s
matrix size     4700 4700 : min/avg/max: 0.000375284  0.00037586 0.000377585 seconds or   117724 MUPD/s or  235.549 GB/s
matrix size     4900 4900 : min/avg/max:  0.00040694 0.000407866 0.000412725 seconds or   118003 MUPD/s or  236.102 GB/s
matrix size     5100 5100 : min/avg/max: 0.000437706 0.000438264  0.00044096 seconds or   118847 MUPD/s or  237.787 GB/s
matrix size     5300 5300 : min/avg/max: 0.000470578 0.000471693 0.000474679 seconds or   119385 MUPD/s or   238.86 GB/s
matrix size     5500 5500 : min/avg/max: 0.000507375 0.000508364 0.000513384 seconds or   119241 MUPD/s or  238.569 GB/s
matrix size     5700 5700 : min/avg/max: 0.000543125 0.000544398 0.000549118 seconds or   119641 MUPD/s or  239.366 GB/s
matrix size     5900 5900 : min/avg/max: 0.000582884 0.000584001 0.000590007 seconds or   119440 MUPD/s or  238.962 GB/s
matrix size     6100 6100 : min/avg/max:  0.00061654 0.000618166 0.000625504 seconds or   120706 MUPD/s or  241.491 GB/s
matrix size     6300 6300 : min/avg/max: 0.000662892 0.000664955 0.000672852 seconds or   119748 MUPD/s or  239.572 GB/s
matrix size     6500 6500 : min/avg/max: 0.000697938 0.000699105 0.000703407 seconds or   121071 MUPD/s or  242.216 GB/s
matrix size     6700 6700 : min/avg/max: 0.000743624 0.000745782 0.000754285 seconds or   120733 MUPD/s or  241.538 GB/s
matrix size     6900 6900 : min/avg/max:  0.00079891 0.000801546 0.000813767 seconds or   119187 MUPD/s or  238.444 GB/s
matrix size     7100 7100 : min/avg/max:  0.00084014   0.0008417 0.000854142 seconds or   120004 MUPD/s or  240.075 GB/s
matrix size     7300 7300 : min/avg/max: 0.000890643 0.000893641 0.000905231 seconds or   119666 MUPD/s or  239.398 GB/s
matrix size     7500 7500 : min/avg/max: 0.000947304 0.000950504 0.000966826 seconds or   118758 MUPD/s or  237.579 GB/s
matrix size     7700 7700 : min/avg/max:  0.00101059  0.00101371  0.00102921 seconds or   117338 MUPD/s or  234.736 GB/s
matrix size     7900 7900 : min/avg/max:  0.00106905  0.00107218  0.00109111 seconds or   116758 MUPD/s or  233.575 GB/s
matrix size     8100 8100 : min/avg/max:  0.00112663  0.00113001  0.00114836 seconds or   116471 MUPD/s or  232.999 GB/s
matrix size     8300 8300 : min/avg/max:  0.00119133  0.00119654  0.00121954 seconds or   115652 MUPD/s or  231.361 GB/s
matrix size     8500 8500 : min/avg/max:  0.00127013   0.0012741  0.00129694 seconds or   113768 MUPD/s or  227.589 GB/s
matrix size     8700 8700 : min/avg/max:  0.00134067  0.00134462  0.00136541 seconds or   112914 MUPD/s or   225.88 GB/s
matrix size     8900 8900 : min/avg/max:  0.00142351  0.00142775  0.00144931 seconds or   111288 MUPD/s or  222.626 GB/s
matrix size     9100 9100 : min/avg/max:   0.0014852  0.00149038  0.00151979 seconds or   111514 MUPD/s or  223.076 GB/s
matrix size     9300 9300 : min/avg/max:  0.00157744    0.001583  0.00161419 seconds or   109659 MUPD/s or  219.365 GB/s
matrix size     9500 9500 : min/avg/max:  0.00166995  0.00167663  0.00170572 seconds or   108087 MUPD/s or   216.22 GB/s
matrix size     9700 9700 : min/avg/max:  0.00175208   0.0017593  0.00178674 seconds or   107404 MUPD/s or  214.852 GB/s
matrix size     9900 9900 : min/avg/max:   0.0018378  0.00184271  0.00186705 seconds or   106660 MUPD/s or  213.364 GB/s
