matrix size    16384 10 : min/avg/max: 4.94905e-06 5.78756e-06  7.0705e-06 seconds or  66210.7 MUPD/s or  145.672 GB/s
matrix size    16384 43 : min/avg/max: 6.85295e-06  6.8632e-06 6.87153e-06 seconds or   205608 MUPD/s or  420.805 GB/s
matrix size    16384 76 : min/avg/max: 2.09495e-05  2.1751e-05 2.22011e-05 seconds or   118875 MUPD/s or  240.892 GB/s
matrix size    16384 109 : min/avg/max: 2.94428e-05 2.94675e-05 2.94973e-05 seconds or   121310 MUPD/s or  244.861 GB/s
matrix size    16384 142 : min/avg/max: 3.74751e-05 3.74881e-05 3.75221e-05 seconds or   124164 MUPD/s or  250.092 GB/s
matrix size    16384 175 : min/avg/max: 4.55359e-05  4.5552e-05 4.55677e-05 seconds or   125931 MUPD/s or  253.317 GB/s
matrix size    16384 208 : min/avg/max: 5.41175e-05 5.41436e-05 5.42765e-05 seconds or   125943 MUPD/s or  253.113 GB/s
matrix size    16384 241 : min/avg/max: 6.19897e-05 6.20084e-05 6.20246e-05 seconds or   127394 MUPD/s or   255.86 GB/s
matrix size    16384 274 : min/avg/max: 7.00548e-05 7.00762e-05 7.01034e-05 seconds or   128163 MUPD/s or  257.277 GB/s
matrix size    16384 307 : min/avg/max: 7.82796e-05 7.83053e-05 7.84616e-05 seconds or   128511 MUPD/s or  257.875 GB/s
matrix size    16384 340 : min/avg/max: 8.71107e-05 8.71315e-05 8.71584e-05 seconds or   127896 MUPD/s or   256.56 GB/s
matrix size    16384 373 : min/avg/max: 9.47861e-05 9.48128e-05 9.49267e-05 seconds or   128948 MUPD/s or  258.603 GB/s
matrix size    16384 406 : min/avg/max: 0.000102926 0.000102958 0.000102987 seconds or   129255 MUPD/s or  259.163 GB/s
matrix size    16384 439 : min/avg/max: 0.000111275 0.000111311 0.000111405 seconds or   129276 MUPD/s or  259.157 GB/s
matrix size    16384 472 : min/avg/max: 0.000120327 0.000120363 0.000120397 seconds or   128537 MUPD/s or  257.635 GB/s
matrix size    16384 505 : min/avg/max: 0.000127807 0.000127848 0.000127928 seconds or   129476 MUPD/s or   259.48 GB/s
matrix size    16384 538 : min/avg/max: 0.000135989 0.000136029 0.000136068 seconds or   129637 MUPD/s or  259.772 GB/s
matrix size    16384 571 : min/avg/max: 0.000144492 0.000144533  0.00014457 seconds or   129492 MUPD/s or  259.453 GB/s
matrix size    16384 604 : min/avg/max: 0.000153962 0.000154025 0.000154079 seconds or   128550 MUPD/s or  257.542 GB/s
matrix size    16384 637 : min/avg/max: 0.000160887 0.000160963 0.000161004 seconds or   129739 MUPD/s or  259.901 GB/s
matrix size    16384 670 : min/avg/max: 0.000169419 0.000169455 0.000169494 seconds or   129588 MUPD/s or  259.578 GB/s
matrix size    16384 703 : min/avg/max: 0.000178032 0.000178132 0.000178189 seconds or   129392 MUPD/s or  259.168 GB/s
matrix size    16384 736 : min/avg/max: 0.000187831 0.000187899 0.000188062 seconds or   128399 MUPD/s or  257.162 GB/s
matrix size    16384 769 : min/avg/max: 0.000194545 0.000194603 0.000194647 seconds or   129526 MUPD/s or  259.404 GB/s
matrix size    16384 802 : min/avg/max: 0.000202888 0.000202953 0.000203052 seconds or   129529 MUPD/s or  259.397 GB/s
matrix size    16384 835 : min/avg/max: 0.000211685 0.000211757 0.000211807 seconds or   129255 MUPD/s or  258.835 GB/s
matrix size    16384 868 : min/avg/max: 0.000222073 0.000222139 0.000222223 seconds or   128078 MUPD/s or  256.466 GB/s
matrix size    16384 901 : min/avg/max: 0.000228452 0.000228521   0.0002286 seconds or   129235 MUPD/s or  258.772 GB/s
matrix size    16384 934 : min/avg/max: 0.000237201 0.000237265 0.000237319 seconds or   129027 MUPD/s or  258.346 GB/s
matrix size    16384 967 : min/avg/max: 0.000246188 0.000246296 0.000246375 seconds or   128709 MUPD/s or    257.7 GB/s
matrix size    16384 1000 : min/avg/max: 0.000256178 0.000256255  0.00025633 seconds or   127911 MUPD/s or  256.094 GB/s
