matrix size    16384 10 : min/avg/max: 6.78467e-06  6.9237e-06 9.37451e-06 seconds or  48297.1 MUPD/s or  106.259 GB/s
matrix size    16384 43 : min/avg/max: 7.34341e-06 8.21076e-06 9.46562e-06 seconds or   191876 MUPD/s or    392.7 GB/s
matrix size    16384 76 : min/avg/max: 2.31925e-05 2.37842e-05  2.4239e-05 seconds or   107378 MUPD/s or  217.595 GB/s
matrix size    16384 109 : min/avg/max: 3.13585e-05 3.13711e-05 3.14039e-05 seconds or   113899 MUPD/s or  229.902 GB/s
matrix size    16384 142 : min/avg/max: 4.07829e-05 4.08057e-05 4.08482e-05 seconds or   114093 MUPD/s or  229.807 GB/s
matrix size    16384 175 : min/avg/max: 4.91793e-05 4.92102e-05 4.92304e-05 seconds or   116602 MUPD/s or   234.55 GB/s
matrix size    16384 208 : min/avg/max:  5.9149e-05 5.91933e-05 5.92295e-05 seconds or   115230 MUPD/s or  231.582 GB/s
matrix size    16384 241 : min/avg/max: 6.66124e-05 6.66457e-05 6.66647e-05 seconds or   118553 MUPD/s or  238.104 GB/s
matrix size    16384 274 : min/avg/max: 7.66349e-05 7.66585e-05 7.67156e-05 seconds or   117158 MUPD/s or  235.186 GB/s
matrix size    16384 307 : min/avg/max: 8.53345e-05 8.53782e-05 8.54056e-05 seconds or   117886 MUPD/s or  236.555 GB/s
matrix size    16384 340 : min/avg/max: 9.52562e-05  9.5292e-05 9.53195e-05 seconds or   116960 MUPD/s or  234.621 GB/s
matrix size    16384 373 : min/avg/max: 0.000103863 0.000103906 0.000103983 seconds or   117678 MUPD/s or  236.002 GB/s
matrix size    16384 406 : min/avg/max: 0.000113685 0.000113714 0.000113752 seconds or   117023 MUPD/s or  234.637 GB/s
matrix size    16384 439 : min/avg/max: 0.000121868 0.000121942 0.000122401 seconds or   118038 MUPD/s or  236.629 GB/s
matrix size    16384 472 : min/avg/max: 0.000132459 0.000132494 0.000132553 seconds or   116765 MUPD/s or  234.039 GB/s
matrix size    16384 505 : min/avg/max: 0.000141536 0.000141598 0.000141648 seconds or   116916 MUPD/s or  234.309 GB/s
matrix size    16384 538 : min/avg/max: 0.000152262 0.000152302 0.000152343 seconds or   115782 MUPD/s or  232.008 GB/s
matrix size    16384 571 : min/avg/max: 0.000161328 0.000161379 0.000161429 seconds or   115978 MUPD/s or  232.377 GB/s
matrix size    16384 604 : min/avg/max: 0.000172634 0.000172691 0.000172749 seconds or   114646 MUPD/s or  229.686 GB/s
matrix size    16384 637 : min/avg/max: 0.000183318 0.000183359 0.000183417 seconds or   113863 MUPD/s or  228.098 GB/s
matrix size    16384 670 : min/avg/max: 0.000191979 0.000192034 0.000192104 seconds or   114359 MUPD/s or  229.074 GB/s
matrix size    16384 703 : min/avg/max: 0.000201112 0.000201212 0.000201265 seconds or   114543 MUPD/s or  229.425 GB/s
matrix size    16384 736 : min/avg/max: 0.000212587 0.000212625 0.000212676 seconds or   113446 MUPD/s or  227.215 GB/s
matrix size    16384 769 : min/avg/max: 0.000221489 0.000221547 0.000221622 seconds or   113769 MUPD/s or  227.848 GB/s
matrix size    16384 802 : min/avg/max: 0.000231331 0.000231389  0.00023144 seconds or   113603 MUPD/s or  227.503 GB/s
matrix size    16384 835 : min/avg/max: 0.000241027 0.000241078 0.000241148 seconds or   113519 MUPD/s or  227.325 GB/s
matrix size    16384 868 : min/avg/max: 0.000251152 0.000251196 0.000251222 seconds or   113249 MUPD/s or  226.772 GB/s
matrix size    16384 901 : min/avg/max: 0.000261381 0.000261439  0.00026152 seconds or   112954 MUPD/s or  226.172 GB/s
matrix size    16384 934 : min/avg/max: 0.000270213  0.00027027 0.000270317 seconds or   113264 MUPD/s or  226.784 GB/s
matrix size    16384 967 : min/avg/max: 0.000281357 0.000281426 0.000281661 seconds or   112621 MUPD/s or  225.488 GB/s
matrix size    16384 1000 : min/avg/max: 0.000290691 0.000290797 0.000290858 seconds or   112724 MUPD/s or  225.688 GB/s
