matrix size      100 100 : min/avg/max: 5.88858e-06 5.94812e-06 6.06938e-06 seconds or   3396.4 MUPD/s or  6.92867 GB/s
matrix size      300 300 : min/avg/max: 1.58756e-05 1.59393e-05 1.60418e-05 seconds or  11338.2 MUPD/s or  22.8275 GB/s
matrix size      500 500 : min/avg/max: 3.59613e-05 3.60124e-05 3.60923e-05 seconds or  13903.8 MUPD/s or  27.9189 GB/s
matrix size      700 700 : min/avg/max: 4.93116e-05 4.95673e-05 5.35158e-05 seconds or  19873.6 MUPD/s or  39.8608 GB/s
matrix size      900 900 : min/avg/max: 3.99975e-05 5.04597e-05 6.28166e-05 seconds or  40502.5 MUPD/s or   81.185 GB/s
matrix size     1100 1100 : min/avg/max: 5.28928e-05 5.30311e-05 5.31517e-05 seconds or  45752.9 MUPD/s or  91.6722 GB/s
matrix size     1300 1300 : min/avg/max: 6.26549e-05 6.30284e-05   6.337e-05 seconds or  53946.3 MUPD/s or  108.059 GB/s
matrix size     1500 1500 : min/avg/max: 7.22102e-05 7.23903e-05  7.2577e-05 seconds or  62318.1 MUPD/s or  124.802 GB/s
matrix size     1700 1700 : min/avg/max: 8.29706e-05 8.32381e-05 8.35801e-05 seconds or  69663.2 MUPD/s or   139.49 GB/s
matrix size     1900 1900 : min/avg/max: 9.48876e-05 9.54915e-05 0.000100385 seconds or    76090 MUPD/s or   152.34 GB/s
matrix size     2100 2100 : min/avg/max: 0.000106361 0.000106685 0.000107085 seconds or  82925.4 MUPD/s or  166.009 GB/s
matrix size     2300 2300 : min/avg/max:  0.00011886 0.000119549 0.000120363 seconds or  89012.4 MUPD/s or   178.18 GB/s
matrix size     2500 2500 : min/avg/max: 0.000133788 0.000134191 0.000134839 seconds or  93431.6 MUPD/s or  187.013 GB/s
matrix size     2700 2700 : min/avg/max: 0.000149084 0.000149906 0.000150471 seconds or  97797.4 MUPD/s or   195.74 GB/s
matrix size     2900 2900 : min/avg/max: 0.000169605 0.000170047 0.000170565 seconds or  99171.4 MUPD/s or   198.48 GB/s
matrix size     3100 3100 : min/avg/max: 0.000190052  0.00019067 0.000191432 seconds or   101130 MUPD/s or  202.391 GB/s
matrix size     3300 3300 : min/avg/max: 0.000209057 0.000209616  0.00021018 seconds or   104182 MUPD/s or   208.49 GB/s
matrix size     3500 3500 : min/avg/max: 0.000235974 0.000236393 0.000236997 seconds or   103825 MUPD/s or  207.769 GB/s
matrix size     3700 3700 : min/avg/max: 0.000257894 0.000258563 0.000259107 seconds or   106168 MUPD/s or   212.45 GB/s
matrix size     3900 3900 : min/avg/max: 0.000292561 0.000293711 0.000295045 seconds or   103978 MUPD/s or  208.063 GB/s
matrix size     4100 4100 : min/avg/max: 0.000305578 0.000306351 0.000306982 seconds or   110021 MUPD/s or  220.149 GB/s
matrix size     4300 4300 : min/avg/max: 0.000354341 0.000355422 0.000357241 seconds or   104363 MUPD/s or  208.822 GB/s
matrix size     4500 4500 : min/avg/max: 0.000378848 0.000379888 0.000384911 seconds or   106903 MUPD/s or  213.901 GB/s
matrix size     4700 4700 : min/avg/max:   0.0004027 0.000403273 0.000403818 seconds or   109709 MUPD/s or  219.512 GB/s
matrix size     4900 4900 : min/avg/max: 0.000442845 0.000444052 0.000445529 seconds or   108435 MUPD/s or  216.959 GB/s
matrix size     5100 5100 : min/avg/max: 0.000472479 0.000473784 0.000475403 seconds or   110100 MUPD/s or  220.286 GB/s
matrix size     5300 5300 : min/avg/max: 0.000515566  0.00051696 0.000517961 seconds or   108968 MUPD/s or  218.017 GB/s
matrix size     5500 5500 : min/avg/max: 0.000554022 0.000555405 0.000557009 seconds or   109201 MUPD/s or  218.482 GB/s
matrix size     5700 5700 : min/avg/max: 0.000594826  0.00059632 0.000598017 seconds or   109242 MUPD/s or  218.561 GB/s
matrix size     5900 5900 : min/avg/max: 0.000639512 0.000641387 0.000643074 seconds or   108864 MUPD/s or  217.802 GB/s
matrix size     6100 6100 : min/avg/max: 0.000678775 0.000680793 0.000682046 seconds or   109639 MUPD/s or  219.349 GB/s
matrix size     6300 6300 : min/avg/max: 0.000732958 0.000734375 0.000735523 seconds or   108301 MUPD/s or  216.671 GB/s
matrix size     6500 6500 : min/avg/max: 0.000770803 0.000773321 0.000776796 seconds or   109626 MUPD/s or  219.319 GB/s
matrix size     6700 6700 : min/avg/max: 0.000815918 0.000818533 0.000821068 seconds or   110036 MUPD/s or  220.137 GB/s
matrix size     6900 6900 : min/avg/max: 0.000898939  0.00090173 0.000905061 seconds or   105925 MUPD/s or  211.911 GB/s
matrix size     7100 7100 : min/avg/max: 0.000922333 0.000924676 0.000927913 seconds or   109310 MUPD/s or  218.681 GB/s
matrix size     7300 7300 : min/avg/max: 0.000978277 0.000980701 0.000986379 seconds or   108947 MUPD/s or  217.953 GB/s
matrix size     7500 7500 : min/avg/max:  0.00106078  0.00106373  0.00106976 seconds or   106054 MUPD/s or  212.165 GB/s
matrix size     7700 7700 : min/avg/max:  0.00113835  0.00114432  0.00115182 seconds or   104168 MUPD/s or  208.391 GB/s
matrix size     7900 7900 : min/avg/max:  0.00118951  0.00119413  0.00120402 seconds or   104934 MUPD/s or  209.921 GB/s
matrix size     8100 8100 : min/avg/max:  0.00124006  0.00124571   0.0012619 seconds or   105818 MUPD/s or  211.688 GB/s
matrix size     8300 8300 : min/avg/max:  0.00130298  0.00130589  0.00131779 seconds or   105742 MUPD/s or  211.536 GB/s
matrix size     8500 8500 : min/avg/max:  0.00139429  0.00139984  0.00141099 seconds or   103637 MUPD/s or  207.323 GB/s
matrix size     8700 8700 : min/avg/max:  0.00145742  0.00146429   0.0014818 seconds or   103868 MUPD/s or  207.785 GB/s
matrix size     8900 8900 : min/avg/max:  0.00154766  0.00155143  0.00156929 seconds or   102361 MUPD/s or  204.768 GB/s
matrix size     9100 9100 : min/avg/max:  0.00158667  0.00159097  0.00161254 seconds or   104382 MUPD/s or   208.81 GB/s
matrix size     9300 9300 : min/avg/max:  0.00166779  0.00167571  0.00169316 seconds or   103718 MUPD/s or  207.481 GB/s
matrix size     9500 9500 : min/avg/max:  0.00177768  0.00178241  0.00180635 seconds or   101537 MUPD/s or  203.117 GB/s
matrix size     9700 9700 : min/avg/max:  0.00182004  0.00182835  0.00184656 seconds or   103393 MUPD/s or  206.829 GB/s
matrix size     9900 9900 : min/avg/max:  0.00195431  0.00196303   0.0019856 seconds or   100301 MUPD/s or  200.643 GB/s
