matrix size      100 100 : min/avg/max: 1.56133e-05  1.5667e-05 1.58783e-05 seconds or  127.657 GFlop/s or  7.68577 GB/s
matrix size      350 350 : min/avg/max: 0.000163551 0.000175098 0.000191294 seconds or  489.726 GFlop/s or  8.98803 GB/s
matrix size      600 600 : min/avg/max: 0.000565416 0.000587228 0.000665673 seconds or  735.659 GFlop/s or  7.64039 GB/s
matrix size      850 850 : min/avg/max:   0.0015878  0.00161735  0.00166902 seconds or  759.419 GFlop/s or  5.46038 GB/s
matrix size     1100 1100 : min/avg/max:  0.00388745  0.00391391  0.00393351 seconds or  680.138 GFlop/s or   3.7351 GB/s
matrix size     1350 1350 : min/avg/max:  0.00736794  0.00742539  0.00746379 seconds or  662.693 GFlop/s or  2.96826 GB/s
matrix size     1600 1600 : min/avg/max:   0.0117912   0.0118453   0.0118914 seconds or  691.583 GFlop/s or  2.60533 GB/s
matrix size     1850 1850 : min/avg/max:   0.0191976   0.0193122   0.0194176 seconds or  655.712 GFlop/s or  2.13933 GB/s
matrix size     2100 2100 : min/avg/max:   0.0283163   0.0285909   0.0287539 seconds or  647.829 GFlop/s or  1.86889 GB/s
matrix size     2350 2350 : min/avg/max:   0.0409231   0.0413161   0.0416363 seconds or  628.224 GFlop/s or  1.61938 GB/s
matrix size     2600 2600 : min/avg/max:   0.0550212   0.0554699   0.0558893 seconds or  633.713 GFlop/s or  1.47434 GB/s
matrix size     2850 2850 : min/avg/max:   0.0759283   0.0764931   0.0770349 seconds or   605.26 GFlop/s or  1.28371 GB/s
matrix size     3100 3100 : min/avg/max:   0.0973529   0.0978506   0.0982323 seconds or  608.908 GFlop/s or  1.18456 GB/s
matrix size     3350 3350 : min/avg/max:    0.126241    0.126588    0.126841 seconds or   593.98 GFlop/s or  1.06677 GB/s
matrix size     3600 3600 : min/avg/max:    0.151118    0.151377    0.151536 seconds or  616.421 GFlop/s or  1.02913 GB/s
matrix size     3850 3850 : min/avg/max:    0.191755    0.192084    0.192378 seconds or  594.184 GFlop/s or  0.92759 GB/s
matrix size     4100 4100 : min/avg/max:    0.231647    0.231777    0.231849 seconds or  594.718 GFlop/s or 0.870809 GB/s
matrix size     4350 4350 : min/avg/max:    0.282073    0.282368    0.282539 seconds or  583.018 GFlop/s or 0.805003 GB/s
matrix size     4600 4600 : min/avg/max:    0.324361    0.324572    0.324735 seconds or  599.781 GFlop/s or 0.782833 GB/s
matrix size     4850 4850 : min/avg/max:    0.394036    0.394191    0.394342 seconds or  578.826 GFlop/s or 0.716356 GB/s
